[ 2015-04-07T10:34:00+08:00 ] 192.168.1.119 /
INFO: [ app_begin ] --START--
INFO: Run Behavior\ReadHtmlCacheBehavior [ RunTime:0.015480s ]
INFO: [ app_begin ] --END-- [ RunTime:0.016042s ]
NOTIC: [8] A session had already been started - ignoring session_start() D:\weizhan\App\Home\Controller\BaseController.class.php 第 13 行.

[ 2015-04-07T10:34:00+08:00 ] 192.168.1.119 /index.php/Home/Login/login.html
INFO: [ app_begin ] --START--
INFO: Run Behavior\ReadHtmlCacheBehavior [ RunTime:0.000395s ]
INFO: [ app_begin ] --END-- [ RunTime:0.000677s ]
INFO: [ view_parse ] --START--
INFO: [ template_filter ] --START--
INFO: Run Behavior\ContentReplaceBehavior [ RunTime:0.000049s ]
INFO: [ template_filter ] --END-- [ RunTime:0.000120s ]
INFO: Run Behavior\ParseTemplateBehavior [ RunTime:0.013447s ]
INFO: [ view_parse ] --END-- [ RunTime:0.013506s ]
INFO: [ view_filter ] --START--
INFO: Run Behavior\WriteHtmlCacheBehavior [ RunTime:0.013353s ]
INFO: [ view_filter ] --END-- [ RunTime:0.013442s ]
INFO: [ app_end ] --START--
INFO: Run Behavior\ShowPageTraceBehavior [ RunTime:0.000954s ]
INFO: [ app_end ] --END-- [ RunTime:0.001023s ]

[ 2015-04-07T10:34:12+08:00 ] 192.168.1.119 /index.php/Home/Login/login
INFO: [ app_begin ] --START--
INFO: Run Behavior\ReadHtmlCacheBehavior [ RunTime:0.000698s ]
INFO: [ app_begin ] --END-- [ RunTime:0.001233s ]
SQL: SHOW COLUMNS FROM `wei_member` [ RunTime:0.010930s ]
SQL: SELECT * FROM `wei_member` WHERE ( mobile='13366644566' ) LIMIT 1   [ RunTime:0.016213s ]
INFO: [ view_parse ] --START--
INFO: [ template_filter ] --START--
INFO: Run Behavior\ContentReplaceBehavior [ RunTime:0.000040s ]
INFO: [ template_filter ] --END-- [ RunTime:0.000107s ]
INFO: Run Behavior\ParseTemplateBehavior [ RunTime:0.018957s ]
INFO: [ view_parse ] --END-- [ RunTime:0.019028s ]
INFO: [ view_filter ] --START--
INFO: Run Behavior\WriteHtmlCacheBehavior [ RunTime:0.000318s ]
INFO: [ view_filter ] --END-- [ RunTime:0.000357s ]

[ 2015-04-07T10:34:13+08:00 ] 192.168.1.119 /index.php/Home/Index/index.html
INFO: [ app_begin ] --START--
INFO: Run Behavior\ReadHtmlCacheBehavior [ RunTime:0.000572s ]
INFO: [ app_begin ] --END-- [ RunTime:0.000988s ]
NOTIC: [8] A session had already been started - ignoring session_start() D:\weizhan\App\Home\Controller\BaseController.class.php 第 13 行.
SQL: SHOW COLUMNS FROM `wei_member` [ RunTime:0.003316s ]
SQL: SELECT * FROM `wei_member` WHERE ( id='2' ) LIMIT 1   [ RunTime:0.000594s ]
INFO: [ view_parse ] --START--
INFO: [ template_filter ] --START--
INFO: Run Behavior\ContentReplaceBehavior [ RunTime:0.000157s ]
INFO: [ template_filter ] --END-- [ RunTime:0.000248s ]
INFO: Run Behavior\ParseTemplateBehavior [ RunTime:0.021270s ]
INFO: [ view_parse ] --END-- [ RunTime:0.021358s ]
INFO: [ view_filter ] --START--
INFO: Run Behavior\WriteHtmlCacheBehavior [ RunTime:0.000352s ]
INFO: [ view_filter ] --END-- [ RunTime:0.000396s ]
INFO: [ app_end ] --START--
INFO: Run Behavior\ShowPageTraceBehavior [ RunTime:0.000693s ]
INFO: [ app_end ] --END-- [ RunTime:0.000761s ]

[ 2015-04-07T10:36:02+08:00 ] 192.168.1.119 /index.php/Company/Company/js/menu.js
ERR: 非法操作:js

[ 2015-04-07T10:36:47+08:00 ] 192.168.1.101 /
INFO: [ app_begin ] --START--
INFO: Run Behavior\ReadHtmlCacheBehavior [ RunTime:0.000418s ]
INFO: [ app_begin ] --END-- [ RunTime:0.000701s ]
NOTIC: [8] A session had already been started - ignoring session_start() D:\weizhan\App\Home\Controller\BaseController.class.php 第 13 行.

[ 2015-04-07T10:36:47+08:00 ] 192.168.1.101 /index.php/Home/Login/login.html
INFO: [ app_begin ] --START--
INFO: Run Behavior\ReadHtmlCacheBehavior [ RunTime:0.000596s ]
INFO: [ app_begin ] --END-- [ RunTime:0.000945s ]
INFO: [ view_parse ] --START--
INFO: [ template_filter ] --START--
INFO: Run Behavior\ContentReplaceBehavior [ RunTime:0.000043s ]
INFO: [ template_filter ] --END-- [ RunTime:0.000097s ]
INFO: Run Behavior\ParseTemplateBehavior [ RunTime:0.004578s ]
INFO: [ view_parse ] --END-- [ RunTime:0.004639s ]
INFO: [ view_filter ] --START--
INFO: Run Behavior\WriteHtmlCacheBehavior [ RunTime:0.000275s ]
INFO: [ view_filter ] --END-- [ RunTime:0.000317s ]
INFO: [ app_end ] --START--
INFO: Run Behavior\ShowPageTraceBehavior [ RunTime:0.000472s ]
INFO: [ app_end ] --END-- [ RunTime:0.000515s ]

[ 2015-04-07T10:36:55+08:00 ] 192.168.1.101 /index.php/Home/Login/login
INFO: [ app_begin ] --START--
INFO: Run Behavior\ReadHtmlCacheBehavior [ RunTime:0.001133s ]
INFO: [ app_begin ] --END-- [ RunTime:0.001914s ]
SQL: SHOW COLUMNS FROM `wei_member` [ RunTime:0.003283s ]
SQL: SELECT * FROM `wei_member` WHERE ( mobile='13366644566' ) LIMIT 1   [ RunTime:0.000596s ]
INFO: [ view_parse ] --START--
INFO: [ template_filter ] --START--
INFO: Run Behavior\ContentReplaceBehavior [ RunTime:0.000035s ]
INFO: [ template_filter ] --END-- [ RunTime:0.000092s ]
INFO: Run Behavior\ParseTemplateBehavior [ RunTime:0.005125s ]
INFO: [ view_parse ] --END-- [ RunTime:0.005190s ]
INFO: [ view_filter ] --START--
INFO: Run Behavior\WriteHtmlCacheBehavior [ RunTime:0.000315s ]
INFO: [ view_filter ] --END-- [ RunTime:0.000362s ]

[ 2015-04-07T10:36:57+08:00 ] 192.168.1.101 /index.php/Home/Index/index.html
INFO: [ app_begin ] --START--
INFO: Run Behavior\ReadHtmlCacheBehavior [ RunTime:0.000718s ]
INFO: [ app_begin ] --END-- [ RunTime:0.001206s ]
NOTIC: [8] A session had already been started - ignoring session_start() D:\weizhan\App\Home\Controller\BaseController.class.php 第 13 行.
SQL: SHOW COLUMNS FROM `wei_member` [ RunTime:0.004381s ]
SQL: SELECT * FROM `wei_member` WHERE ( id='2' ) LIMIT 1   [ RunTime:0.000718s ]
INFO: [ view_parse ] --START--
INFO: [ template_filter ] --START--
INFO: Run Behavior\ContentReplaceBehavior [ RunTime:0.000176s ]
INFO: [ template_filter ] --END-- [ RunTime:0.000277s ]
INFO: Run Behavior\ParseTemplateBehavior [ RunTime:0.012279s ]
INFO: [ view_parse ] --END-- [ RunTime:0.012367s ]
INFO: [ view_filter ] --START--
INFO: Run Behavior\WriteHtmlCacheBehavior [ RunTime:0.000523s ]
INFO: [ view_filter ] --END-- [ RunTime:0.000596s ]
INFO: [ app_end ] --START--
INFO: Run Behavior\ShowPageTraceBehavior [ RunTime:0.000909s ]
INFO: [ app_end ] --END-- [ RunTime:0.000992s ]

[ 2015-04-07T10:37:01+08:00 ] 192.168.1.101 /index.php/Company/Company/js/menu.js
ERR: 非法操作:js

[ 2015-04-07T10:37:19+08:00 ] 192.168.1.119 /index.php/Company/Company/js/menu.js
ERR: 非法操作:js

[ 2015-04-07T10:39:25+08:00 ] 192.168.1.119 /index.php/Company/Company/js/menu.js
ERR: 非法操作:js

[ 2015-04-07T10:40:18+08:00 ] 192.168.1.119 /index.php/Home/Login/login.html
INFO: [ app_begin ] --START--
INFO: Run Behavior\ReadHtmlCacheBehavior [ RunTime:0.000491s ]
INFO: [ app_begin ] --END-- [ RunTime:0.000844s ]
INFO: [ view_parse ] --START--
INFO: [ template_filter ] --START--
INFO: Run Behavior\ContentReplaceBehavior [ RunTime:0.000049s ]
INFO: [ template_filter ] --END-- [ RunTime:0.000127s ]
INFO: Run Behavior\ParseTemplateBehavior [ RunTime:0.008469s ]
INFO: [ view_parse ] --END-- [ RunTime:0.008531s ]
INFO: [ view_filter ] --START--
INFO: Run Behavior\WriteHtmlCacheBehavior [ RunTime:0.000330s ]
INFO: [ view_filter ] --END-- [ RunTime:0.000377s ]
INFO: [ app_end ] --START--
INFO: Run Behavior\ShowPageTraceBehavior [ RunTime:0.000655s ]
INFO: [ app_end ] --END-- [ RunTime:0.000731s ]

[ 2015-04-07T10:40:26+08:00 ] 192.168.1.119 /index.php/Home/Login/login
INFO: [ app_begin ] --START--
INFO: Run Behavior\ReadHtmlCacheBehavior [ RunTime:0.000662s ]
INFO: [ app_begin ] --END-- [ RunTime:0.001254s ]
SQL: SHOW COLUMNS FROM `wei_member` [ RunTime:0.006478s ]
SQL: SELECT * FROM `wei_member` WHERE ( mobile='13366644566' ) LIMIT 1   [ RunTime:0.000637s ]
INFO: [ view_parse ] --START--
INFO: [ template_filter ] --START--
INFO: Run Behavior\ContentReplaceBehavior [ RunTime:0.000042s ]
INFO: [ template_filter ] --END-- [ RunTime:0.000137s ]
INFO: Run Behavior\ParseTemplateBehavior [ RunTime:0.006333s ]
INFO: [ view_parse ] --END-- [ RunTime:0.006489s ]
INFO: [ view_filter ] --START--
INFO: Run Behavior\WriteHtmlCacheBehavior [ RunTime:0.001060s ]
INFO: [ view_filter ] --END-- [ RunTime:0.001175s ]

[ 2015-04-07T10:40:27+08:00 ] 192.168.1.119 /index.php/Home/Index/index.html
INFO: [ app_begin ] --START--
INFO: Run Behavior\ReadHtmlCacheBehavior [ RunTime:0.001574s ]
INFO: [ app_begin ] --END-- [ RunTime:0.002544s ]
NOTIC: [8] A session had already been started - ignoring session_start() D:\weizhan\App\Home\Controller\BaseController.class.php 第 13 行.
SQL: SHOW COLUMNS FROM `wei_member` [ RunTime:0.004818s ]
SQL: SELECT * FROM `wei_member` WHERE ( id='2' ) LIMIT 1   [ RunTime:0.000621s ]
INFO: [ view_parse ] --START--
INFO: [ template_filter ] --START--
INFO: Run Behavior\ContentReplaceBehavior [ RunTime:0.000283s ]
INFO: [ template_filter ] --END-- [ RunTime:0.000579s ]
INFO: Run Behavior\ParseTemplateBehavior [ RunTime:0.010924s ]
INFO: [ view_parse ] --END-- [ RunTime:0.010993s ]
INFO: [ view_filter ] --START--
INFO: Run Behavior\WriteHtmlCacheBehavior [ RunTime:0.000492s ]
INFO: [ view_filter ] --END-- [ RunTime:0.000552s ]
INFO: [ app_end ] --START--
INFO: Run Behavior\ShowPageTraceBehavior [ RunTime:0.001383s ]
INFO: [ app_end ] --END-- [ RunTime:0.001557s ]

[ 2015-04-07T10:41:27+08:00 ] 192.168.1.119 /index.php/Company/Company/js/menu.js
ERR: 非法操作:js

[ 2015-04-07T10:41:38+08:00 ] 192.168.1.119 /
INFO: [ app_begin ] --START--
INFO: Run Behavior\ReadHtmlCacheBehavior [ RunTime:0.000395s ]
INFO: [ app_begin ] --END-- [ RunTime:0.000679s ]
NOTIC: [8] A session had already been started - ignoring session_start() D:\weizhan\App\Home\Controller\BaseController.class.php 第 13 行.
SQL: SHOW COLUMNS FROM `wei_member` [ RunTime:0.003329s ]
SQL: SELECT * FROM `wei_member` WHERE ( id='2' ) LIMIT 1   [ RunTime:0.000543s ]
INFO: [ view_parse ] --START--
INFO: [ template_filter ] --START--
INFO: Run Behavior\ContentReplaceBehavior [ RunTime:0.000128s ]
INFO: [ template_filter ] --END-- [ RunTime:0.000230s ]
INFO: Run Behavior\ParseTemplateBehavior [ RunTime:0.009727s ]
INFO: [ view_parse ] --END-- [ RunTime:0.009791s ]
INFO: [ view_filter ] --START--
INFO: Run Behavior\WriteHtmlCacheBehavior [ RunTime:0.000402s ]
INFO: [ view_filter ] --END-- [ RunTime:0.000461s ]
INFO: [ app_end ] --START--
INFO: Run Behavior\ShowPageTraceBehavior [ RunTime:0.000712s ]
INFO: [ app_end ] --END-- [ RunTime:0.000794s ]

[ 2015-04-07T10:42:32+08:00 ] 192.168.1.101 /index.php/Company/Company/js/menu.js
ERR: 非法操作:js

[ 2015-04-07T10:42:34+08:00 ] 192.168.1.101 /index.php/Home/Login/login
INFO: [ app_begin ] --START--
INFO: Run Behavior\ReadHtmlCacheBehavior [ RunTime:0.000661s ]
INFO: [ app_begin ] --END-- [ RunTime:0.001110s ]
SQL: SHOW COLUMNS FROM `wei_member` [ RunTime:0.003417s ]
SQL: SELECT * FROM `wei_member` WHERE ( mobile='13366644566' ) LIMIT 1   [ RunTime:0.000655s ]
INFO: [ view_parse ] --START--
INFO: [ template_filter ] --START--
INFO: Run Behavior\ContentReplaceBehavior [ RunTime:0.000036s ]
INFO: [ template_filter ] --END-- [ RunTime:0.000122s ]
INFO: Run Behavior\ParseTemplateBehavior [ RunTime:0.005385s ]
INFO: [ view_parse ] --END-- [ RunTime:0.005436s ]
INFO: [ view_filter ] --START--
INFO: Run Behavior\WriteHtmlCacheBehavior [ RunTime:0.000344s ]
INFO: [ view_filter ] --END-- [ RunTime:0.000387s ]

[ 2015-04-07T10:42:35+08:00 ] 192.168.1.101 /index.php/Home/Index/index.html
INFO: [ app_begin ] --START--
INFO: Run Behavior\ReadHtmlCacheBehavior [ RunTime:0.000664s ]
INFO: [ app_begin ] --END-- [ RunTime:0.001208s ]
NOTIC: [8] A session had already been started - ignoring session_start() D:\weizhan\App\Home\Controller\BaseController.class.php 第 13 行.
SQL: SHOW COLUMNS FROM `wei_member` [ RunTime:0.004067s ]
SQL: SELECT * FROM `wei_member` WHERE ( id='2' ) LIMIT 1   [ RunTime:0.000700s ]
INFO: [ view_parse ] --START--
INFO: [ template_filter ] --START--
INFO: Run Behavior\ContentReplaceBehavior [ RunTime:0.000114s ]
INFO: [ template_filter ] --END-- [ RunTime:0.000189s ]
INFO: Run Behavior\ParseTemplateBehavior [ RunTime:0.008413s ]
INFO: [ view_parse ] --END-- [ RunTime:0.008485s ]
INFO: [ view_filter ] --START--
INFO: Run Behavior\WriteHtmlCacheBehavior [ RunTime:0.000341s ]
INFO: [ view_filter ] --END-- [ RunTime:0.000383s ]
INFO: [ app_end ] --START--
INFO: Run Behavior\ShowPageTraceBehavior [ RunTime:0.000619s ]
INFO: [ app_end ] --END-- [ RunTime:0.000686s ]

[ 2015-04-07T10:56:13+08:00 ] 192.168.1.119 /index.php/Company/Company/js/menu.js
ERR: 非法操作:js

[ 2015-04-07T11:31:22+08:00 ] 192.168.1.101 /
INFO: [ app_begin ] --START--
INFO: Run Behavior\ReadHtmlCacheBehavior [ RunTime:0.000413s ]
INFO: [ app_begin ] --END-- [ RunTime:0.000698s ]
NOTIC: [8] A session had already been started - ignoring session_start() D:\weizhan\App\Home\Controller\BaseController.class.php 第 13 行.

[ 2015-04-07T11:31:22+08:00 ] 192.168.1.101 /index.php/Home/Login/login.html
INFO: [ app_begin ] --START--
INFO: Run Behavior\ReadHtmlCacheBehavior [ RunTime:0.000448s ]
INFO: [ app_begin ] --END-- [ RunTime:0.000754s ]
INFO: [ view_parse ] --START--
INFO: [ template_filter ] --START--
INFO: Run Behavior\ContentReplaceBehavior [ RunTime:0.000044s ]
INFO: [ template_filter ] --END-- [ RunTime:0.000107s ]
INFO: Run Behavior\ParseTemplateBehavior [ RunTime:0.005246s ]
INFO: [ view_parse ] --END-- [ RunTime:0.005307s ]
INFO: [ view_filter ] --START--
INFO: Run Behavior\WriteHtmlCacheBehavior [ RunTime:0.000265s ]
INFO: [ view_filter ] --END-- [ RunTime:0.000309s ]
INFO: [ app_end ] --START--
INFO: Run Behavior\ShowPageTraceBehavior [ RunTime:0.000503s ]
INFO: [ app_end ] --END-- [ RunTime:0.000551s ]

[ 2015-04-07T11:31:38+08:00 ] 192.168.1.101 /index.php/Home/Login/login
INFO: [ app_begin ] --START--
INFO: Run Behavior\ReadHtmlCacheBehavior [ RunTime:0.000448s ]
INFO: [ app_begin ] --END-- [ RunTime:0.000770s ]
SQL: SHOW COLUMNS FROM `wei_member` [ RunTime:0.004009s ]
SQL: SELECT * FROM `wei_member` WHERE ( mobile='13366644566' ) LIMIT 1   [ RunTime:0.000604s ]
INFO: [ view_parse ] --START--
INFO: [ template_filter ] --START--
INFO: Run Behavior\ContentReplaceBehavior [ RunTime:0.000036s ]
INFO: [ template_filter ] --END-- [ RunTime:0.000101s ]
INFO: Run Behavior\ParseTemplateBehavior [ RunTime:0.005212s ]
INFO: [ view_parse ] --END-- [ RunTime:0.005264s ]
INFO: [ view_filter ] --START--
INFO: Run Behavior\WriteHtmlCacheBehavior [ RunTime:0.000340s ]
INFO: [ view_filter ] --END-- [ RunTime:0.000393s ]

[ 2015-04-07T11:31:39+08:00 ] 192.168.1.101 /index.php/Home/Index/index.html
INFO: [ app_begin ] --START--
INFO: Run Behavior\ReadHtmlCacheBehavior [ RunTime:0.000402s ]
INFO: [ app_begin ] --END-- [ RunTime:0.000707s ]
NOTIC: [8] A session had already been started - ignoring session_start() D:\weizhan\App\Home\Controller\BaseController.class.php 第 13 行.
SQL: SHOW COLUMNS FROM `wei_member` [ RunTime:0.003333s ]
SQL: SELECT * FROM `wei_member` WHERE ( id='2' ) LIMIT 1   [ RunTime:0.000562s ]
INFO: [ view_parse ] --START--
INFO: [ template_filter ] --START--
INFO: Run Behavior\ContentReplaceBehavior [ RunTime:0.000221s ]
INFO: [ template_filter ] --END-- [ RunTime:0.000443s ]
INFO: Run Behavior\ParseTemplateBehavior [ RunTime:0.010377s ]
INFO: [ view_parse ] --END-- [ RunTime:0.010445s ]
INFO: [ view_filter ] --START--
INFO: Run Behavior\WriteHtmlCacheBehavior [ RunTime:0.000297s ]
INFO: [ view_filter ] --END-- [ RunTime:0.000342s ]
INFO: [ app_end ] --START--
INFO: Run Behavior\ShowPageTraceBehavior [ RunTime:0.000543s ]
INFO: [ app_end ] --END-- [ RunTime:0.000598s ]

[ 2015-04-07T11:31:43+08:00 ] 192.168.1.101 /index.php/Company/Company/js/menu.js
ERR: 非法操作:js

[ 2015-04-07T11:41:11+08:00 ] 192.168.1.101 /index.php/Home/Index/index.html
INFO: [ app_begin ] --START--
INFO: Run Behavior\ReadHtmlCacheBehavior [ RunTime:0.000488s ]
INFO: [ app_begin ] --END-- [ RunTime:0.000878s ]
NOTIC: [8] A session had already been started - ignoring session_start() D:\weizhan\App\Home\Controller\BaseController.class.php 第 13 行.
SQL: SHOW COLUMNS FROM `wei_member` [ RunTime:0.004108s ]
SQL: SELECT * FROM `wei_member` WHERE ( id='2' ) LIMIT 1   [ RunTime:0.000598s ]
INFO: [ view_parse ] --START--
INFO: [ template_filter ] --START--
INFO: Run Behavior\ContentReplaceBehavior [ RunTime:0.000131s ]
INFO: [ template_filter ] --END-- [ RunTime:0.000184s ]
INFO: Run Behavior\ParseTemplateBehavior [ RunTime:0.008424s ]
INFO: [ view_parse ] --END-- [ RunTime:0.008486s ]
INFO: [ view_filter ] --START--
INFO: Run Behavior\WriteHtmlCacheBehavior [ RunTime:0.000350s ]
INFO: [ view_filter ] --END-- [ RunTime:0.000404s ]
INFO: [ app_end ] --START--
INFO: Run Behavior\ShowPageTraceBehavior [ RunTime:0.000587s ]
INFO: [ app_end ] --END-- [ RunTime:0.000646s ]

[ 2015-04-07T15:33:02+08:00 ] 192.168.1.101 /
INFO: [ app_begin ] --START--
INFO: Run Behavior\ReadHtmlCacheBehavior [ RunTime:0.000753s ]
INFO: [ app_begin ] --END-- [ RunTime:0.001223s ]
NOTIC: [8] A session had already been started - ignoring session_start() D:\weizhan\App\Home\Controller\BaseController.class.php 第 13 行.

[ 2015-04-07T15:33:02+08:00 ] 192.168.1.101 /index.php/Home/Login/login.html
INFO: [ app_begin ] --START--
INFO: Run Behavior\ReadHtmlCacheBehavior [ RunTime:0.001509s ]
INFO: [ app_begin ] --END-- [ RunTime:0.002636s ]
INFO: [ view_parse ] --START--
INFO: [ template_filter ] --START--
INFO: Run Behavior\ContentReplaceBehavior [ RunTime:0.000072s ]
INFO: [ template_filter ] --END-- [ RunTime:0.000171s ]
INFO: Run Behavior\ParseTemplateBehavior [ RunTime:0.008620s ]
INFO: [ view_parse ] --END-- [ RunTime:0.008710s ]
INFO: [ view_filter ] --START--
INFO: Run Behavior\WriteHtmlCacheBehavior [ RunTime:0.000453s ]
INFO: [ view_filter ] --END-- [ RunTime:0.000520s ]
INFO: [ app_end ] --START--
INFO: Run Behavior\ShowPageTraceBehavior [ RunTime:0.000770s ]
INFO: [ app_end ] --END-- [ RunTime:0.000842s ]

[ 2015-04-07T15:33:12+08:00 ] 192.168.1.101 /index.php/Home/Login/login
INFO: [ app_begin ] --START--
INFO: Run Behavior\ReadHtmlCacheBehavior [ RunTime:0.000400s ]
INFO: [ app_begin ] --END-- [ RunTime:0.000690s ]
SQL: SHOW COLUMNS FROM `wei_member` [ RunTime:0.005000s ]
SQL: SELECT * FROM `wei_member` WHERE ( mobile='13366644566' ) LIMIT 1   [ RunTime:0.000665s ]
INFO: [ view_parse ] --START--
INFO: [ template_filter ] --START--
INFO: Run Behavior\ContentReplaceBehavior [ RunTime:0.000037s ]
INFO: [ template_filter ] --END-- [ RunTime:0.000121s ]
INFO: Run Behavior\ParseTemplateBehavior [ RunTime:0.005479s ]
INFO: [ view_parse ] --END-- [ RunTime:0.005534s ]
INFO: [ view_filter ] --START--
INFO: Run Behavior\WriteHtmlCacheBehavior [ RunTime:0.000353s ]
INFO: [ view_filter ] --END-- [ RunTime:0.000396s ]

[ 2015-04-07T15:33:13+08:00 ] 192.168.1.101 /index.php/Home/Index/index.html
INFO: [ app_begin ] --START--
INFO: Run Behavior\ReadHtmlCacheBehavior [ RunTime:0.000423s ]
INFO: [ app_begin ] --END-- [ RunTime:0.000730s ]
NOTIC: [8] A session had already been started - ignoring session_start() D:\weizhan\App\Home\Controller\BaseController.class.php 第 13 行.
SQL: SHOW COLUMNS FROM `wei_member` [ RunTime:0.003926s ]
SQL: SELECT * FROM `wei_member` WHERE ( id='2' ) LIMIT 1   [ RunTime:0.000576s ]
INFO: [ view_parse ] --START--
INFO: [ template_filter ] --START--
INFO: Run Behavior\ContentReplaceBehavior [ RunTime:0.000102s ]
INFO: [ template_filter ] --END-- [ RunTime:0.000155s ]
INFO: Run Behavior\ParseTemplateBehavior [ RunTime:0.008051s ]
INFO: [ view_parse ] --END-- [ RunTime:0.008103s ]
INFO: [ view_filter ] --START--
INFO: Run Behavior\WriteHtmlCacheBehavior [ RunTime:0.000313s ]
INFO: [ view_filter ] --END-- [ RunTime:0.000355s ]
INFO: [ app_end ] --START--
INFO: Run Behavior\ShowPageTraceBehavior [ RunTime:0.000585s ]
INFO: [ app_end ] --END-- [ RunTime:0.000637s ]

[ 2015-04-07T15:33:18+08:00 ] 192.168.1.101 /index.php/Product/Product/lst?callback=success_jsonpCallback&_=1428392014001
INFO: [ app_begin ] --START--
INFO: Run Behavior\ReadHtmlCacheBehavior [ RunTime:0.000478s ]
INFO: [ app_begin ] --END-- [ RunTime:0.000780s ]
NOTIC: [8] A session had already been started - ignoring session_start() D:\weizhan\App\Home\Controller\BaseController.class.php 第 13 行.
NOTIC: [2048] Declaration of Product\Model\ProductModel::_after_insert() should be compatible with that of Think\Model::_after_insert() D:\weizhan\App\Product\Model\ProductModel.class.php 第 5 行.
SQL: SHOW COLUMNS FROM `wei_product` [ RunTime:0.004205s ]
SQL: SELECT * FROM `wei_product` ORDER BY id desc  [ RunTime:0.001318s ]
INFO: [ view_parse ] --START--
INFO: [ template_filter ] --START--
INFO: Run Behavior\ContentReplaceBehavior [ RunTime:0.000054s ]
INFO: [ template_filter ] --END-- [ RunTime:0.000112s ]
NOTIC: [8] Undefined variable: clientip D:\weizhan\App\Runtime\Cache\Product\b69b7bc7eee18ee23371e39f02f797ef.php 第 16 行.
INFO: Run Behavior\ParseTemplateBehavior [ RunTime:0.016378s ]
INFO: [ view_parse ] --END-- [ RunTime:0.016438s ]
INFO: [ view_filter ] --START--
INFO: Run Behavior\WriteHtmlCacheBehavior [ RunTime:0.000379s ]
INFO: [ view_filter ] --END-- [ RunTime:0.000433s ]
INFO: [ app_end ] --START--
INFO: Run Behavior\ShowPageTraceBehavior [ RunTime:0.000608s ]
INFO: [ app_end ] --END-- [ RunTime:0.000662s ]

[ 2015-04-07T15:33:26+08:00 ] 192.168.1.101 /index.php/Product/Product/ajaxZan?id=7
INFO: [ app_begin ] --START--
INFO: Run Behavior\ReadHtmlCacheBehavior [ RunTime:0.001024s ]
INFO: [ app_begin ] --END-- [ RunTime:0.001651s ]
NOTIC: [8] A session had already been started - ignoring session_start() D:\weizhan\App\Home\Controller\BaseController.class.php 第 13 行.
NOTIC: [2048] Declaration of Product\Model\ProductModel::_after_insert() should be compatible with that of Think\Model::_after_insert() D:\weizhan\App\Product\Model\ProductModel.class.php 第 5 行.
SQL: SHOW COLUMNS FROM `wei_product` [ RunTime:0.003505s ]
SQL: update wei_product set click_good = click_good+1 where id=7 [ RunTime:0.000517s ]
SQL: SELECT `click_good` FROM `wei_product` WHERE ( `id` = 7 ) LIMIT 1   [ RunTime:0.000413s ]
INFO: [ app_end ] --START--
INFO: Run Behavior\ShowPageTraceBehavior [ RunTime:0.000634s ]
INFO: [ app_end ] --END-- [ RunTime:0.000688s ]

[ 2015-04-07T15:33:26+08:00 ] 192.168.1.101 /index.php/Product/Product/ajaxZan?id=7
INFO: [ app_begin ] --START--
INFO: Run Behavior\ReadHtmlCacheBehavior [ RunTime:0.001264s ]
INFO: [ app_begin ] --END-- [ RunTime:0.002130s ]
NOTIC: [8] A session had already been started - ignoring session_start() D:\weizhan\App\Home\Controller\BaseController.class.php 第 13 行.
NOTIC: [2048] Declaration of Product\Model\ProductModel::_after_insert() should be compatible with that of Think\Model::_after_insert() D:\weizhan\App\Product\Model\ProductModel.class.php 第 5 行.
SQL: SHOW COLUMNS FROM `wei_product` [ RunTime:0.003179s ]
SQL: update wei_product set click_good = click_good+1 where id=7 [ RunTime:0.000457s ]
SQL: SELECT `click_good` FROM `wei_product` WHERE ( `id` = 7 ) LIMIT 1   [ RunTime:0.000423s ]
INFO: [ app_end ] --START--
INFO: Run Behavior\ShowPageTraceBehavior [ RunTime:0.000794s ]
INFO: [ app_end ] --END-- [ RunTime:0.000868s ]

[ 2015-04-07T15:38:21+08:00 ] 192.168.1.101 /
INFO: [ app_begin ] --START--
INFO: Run Behavior\ReadHtmlCacheBehavior [ RunTime:0.000927s ]
INFO: [ app_begin ] --END-- [ RunTime:0.001560s ]
NOTIC: [8] A session had already been started - ignoring session_start() D:\weizhan\App\Home\Controller\BaseController.class.php 第 13 行.

[ 2015-04-07T15:38:22+08:00 ] 192.168.1.101 /index.php/Home/Login/login.html
INFO: [ app_begin ] --START--
INFO: Run Behavior\ReadHtmlCacheBehavior [ RunTime:0.000721s ]
INFO: [ app_begin ] --END-- [ RunTime:0.001264s ]
INFO: [ view_parse ] --START--
INFO: [ template_filter ] --START--
INFO: Run Behavior\ContentReplaceBehavior [ RunTime:0.000070s ]
INFO: [ template_filter ] --END-- [ RunTime:0.000163s ]
INFO: Run Behavior\ParseTemplateBehavior [ RunTime:0.009013s ]
INFO: [ view_parse ] --END-- [ RunTime:0.009098s ]
INFO: [ view_filter ] --START--
INFO: Run Behavior\WriteHtmlCacheBehavior [ RunTime:0.000411s ]
INFO: [ view_filter ] --END-- [ RunTime:0.000477s ]
INFO: [ app_end ] --START--
INFO: Run Behavior\ShowPageTraceBehavior [ RunTime:0.000843s ]
INFO: [ app_end ] --END-- [ RunTime:0.001030s ]

[ 2015-04-07T15:53:39+08:00 ] 192.168.1.101 /
INFO: [ app_begin ] --START--
INFO: Run Behavior\ReadHtmlCacheBehavior [ RunTime:0.001439s ]
INFO: [ app_begin ] --END-- [ RunTime:0.002440s ]
NOTIC: [8] A session had already been started - ignoring session_start() D:\weizhan\App\Home\Controller\BaseController.class.php 第 13 行.

[ 2015-04-07T15:53:39+08:00 ] 192.168.1.101 /index.php/Home/Login/login.html
INFO: [ app_begin ] --START--
INFO: Run Behavior\ReadHtmlCacheBehavior [ RunTime:0.000692s ]
INFO: [ app_begin ] --END-- [ RunTime:0.001187s ]
INFO: [ view_parse ] --START--
INFO: [ template_filter ] --START--
INFO: Run Behavior\ContentReplaceBehavior [ RunTime:0.000066s ]
INFO: [ template_filter ] --END-- [ RunTime:0.000151s ]
INFO: Run Behavior\ParseTemplateBehavior [ RunTime:0.007329s ]
INFO: [ view_parse ] --END-- [ RunTime:0.007413s ]
INFO: [ view_filter ] --START--
INFO: Run Behavior\WriteHtmlCacheBehavior [ RunTime:0.000409s ]
INFO: [ view_filter ] --END-- [ RunTime:0.000472s ]
INFO: [ app_end ] --START--
INFO: Run Behavior\ShowPageTraceBehavior [ RunTime:0.000724s ]
INFO: [ app_end ] --END-- [ RunTime:0.000796s ]

[ 2015-04-07T15:58:40+08:00 ] 192.168.1.101 /
INFO: [ app_begin ] --START--
INFO: Run Behavior\ReadHtmlCacheBehavior [ RunTime:0.000542s ]
INFO: [ app_begin ] --END-- [ RunTime:0.000911s ]
NOTIC: [8] A session had already been started - ignoring session_start() D:\weizhan\App\Home\Controller\BaseController.class.php 第 13 行.

[ 2015-04-07T15:58:41+08:00 ] 192.168.1.101 /index.php/Home/Login/login.html
INFO: [ app_begin ] --START--
INFO: Run Behavior\ReadHtmlCacheBehavior [ RunTime:0.000506s ]
INFO: [ app_begin ] --END-- [ RunTime:0.000821s ]
INFO: [ view_parse ] --START--
INFO: [ template_filter ] --START--
INFO: Run Behavior\ContentReplaceBehavior [ RunTime:0.000049s ]
INFO: [ template_filter ] --END-- [ RunTime:0.000117s ]
INFO: Run Behavior\ParseTemplateBehavior [ RunTime:0.004964s ]
INFO: [ view_parse ] --END-- [ RunTime:0.005018s ]
INFO: [ view_filter ] --START--
INFO: Run Behavior\WriteHtmlCacheBehavior [ RunTime:0.000516s ]
INFO: [ view_filter ] --END-- [ RunTime:0.000567s ]
INFO: [ app_end ] --START--
INFO: Run Behavior\ShowPageTraceBehavior [ RunTime:0.000508s ]
INFO: [ app_end ] --END-- [ RunTime:0.000556s ]

[ 2015-04-07T15:58:48+08:00 ] 192.168.1.101 /index.php/Home/Login/login
INFO: [ app_begin ] --START--
INFO: Run Behavior\ReadHtmlCacheBehavior [ RunTime:0.001434s ]
INFO: [ app_begin ] --END-- [ RunTime:0.002442s ]
SQL: SHOW COLUMNS FROM `wei_member` [ RunTime:0.004350s ]
SQL: SELECT * FROM `wei_member` WHERE ( mobile='13366644566' ) LIMIT 1   [ RunTime:0.000632s ]
INFO: [ view_parse ] --START--
INFO: [ template_filter ] --START--
INFO: Run Behavior\ContentReplaceBehavior [ RunTime:0.000035s ]
INFO: [ template_filter ] --END-- [ RunTime:0.000088s ]
INFO: Run Behavior\ParseTemplateBehavior [ RunTime:0.005631s ]
INFO: [ view_parse ] --END-- [ RunTime:0.005688s ]
INFO: [ view_filter ] --START--
INFO: Run Behavior\WriteHtmlCacheBehavior [ RunTime:0.000407s ]
INFO: [ view_filter ] --END-- [ RunTime:0.000449s ]

[ 2015-04-07T15:58:49+08:00 ] 192.168.1.101 /index.php/Home/Index/index.html
INFO: [ app_begin ] --START--
INFO: Run Behavior\ReadHtmlCacheBehavior [ RunTime:0.000697s ]
INFO: [ app_begin ] --END-- [ RunTime:0.001212s ]
NOTIC: [8] A session had already been started - ignoring session_start() D:\weizhan\App\Home\Controller\BaseController.class.php 第 13 行.
SQL: SHOW COLUMNS FROM `wei_member` [ RunTime:0.005138s ]
SQL: SELECT * FROM `wei_member` WHERE ( id='2' ) LIMIT 1   [ RunTime:0.000666s ]
INFO: [ view_parse ] --START--
INFO: [ template_filter ] --START--
INFO: Run Behavior\ContentReplaceBehavior [ RunTime:0.000105s ]
INFO: [ template_filter ] --END-- [ RunTime:0.000156s ]
INFO: Run Behavior\ParseTemplateBehavior [ RunTime:0.008475s ]
INFO: [ view_parse ] --END-- [ RunTime:0.008544s ]
INFO: [ view_filter ] --START--
INFO: Run Behavior\WriteHtmlCacheBehavior [ RunTime:0.000291s ]
INFO: [ view_filter ] --END-- [ RunTime:0.000335s ]
INFO: [ app_end ] --START--
INFO: Run Behavior\ShowPageTraceBehavior [ RunTime:0.000603s ]
INFO: [ app_end ] --END-- [ RunTime:0.000667s ]

[ 2015-04-07T15:58:53+08:00 ] 192.168.1.101 /index.php/Product/Product/lst?callback=success_jsonpCallback&_=1428393549229
INFO: [ app_begin ] --START--
INFO: Run Behavior\ReadHtmlCacheBehavior [ RunTime:0.000501s ]
INFO: [ app_begin ] --END-- [ RunTime:0.000866s ]
NOTIC: [8] A session had already been started - ignoring session_start() D:\weizhan\App\Home\Controller\BaseController.class.php 第 13 行.
NOTIC: [2048] Declaration of Product\Model\ProductModel::_after_insert() should be compatible with that of Think\Model::_after_insert() D:\weizhan\App\Product\Model\ProductModel.class.php 第 5 行.
SQL: SHOW COLUMNS FROM `wei_product` [ RunTime:0.003287s ]
SQL: SELECT * FROM `wei_product` ORDER BY id desc  [ RunTime:0.000518s ]
INFO: [ view_parse ] --START--
INFO: [ template_filter ] --START--
INFO: Run Behavior\ContentReplaceBehavior [ RunTime:0.000048s ]
INFO: [ template_filter ] --END-- [ RunTime:0.000095s ]
NOTIC: [8] Undefined variable: clientip D:\weizhan\App\Runtime\Cache\Product\b69b7bc7eee18ee23371e39f02f797ef.php 第 16 行.
INFO: Run Behavior\ParseTemplateBehavior [ RunTime:0.005205s ]
INFO: [ view_parse ] --END-- [ RunTime:0.005263s ]
INFO: [ view_filter ] --START--
INFO: Run Behavior\WriteHtmlCacheBehavior [ RunTime:0.000338s ]
INFO: [ view_filter ] --END-- [ RunTime:0.000378s ]
INFO: [ app_end ] --START--
INFO: Run Behavior\ShowPageTraceBehavior [ RunTime:0.000517s ]
INFO: [ app_end ] --END-- [ RunTime:0.000561s ]

[ 2015-04-07T15:59:46+08:00 ] 192.168.1.101 /
INFO: [ app_begin ] --START--
INFO: Run Behavior\ReadHtmlCacheBehavior [ RunTime:0.000762s ]
INFO: [ app_begin ] --END-- [ RunTime:0.001304s ]
NOTIC: [8] A session had already been started - ignoring session_start() D:\weizhan\App\Home\Controller\BaseController.class.php 第 13 行.

[ 2015-04-07T15:59:46+08:00 ] 192.168.1.101 /index.php/Home/Login/login.html
INFO: [ app_begin ] --START--
INFO: Run Behavior\ReadHtmlCacheBehavior [ RunTime:0.000788s ]
INFO: [ app_begin ] --END-- [ RunTime:0.001363s ]
INFO: [ view_parse ] --START--
INFO: [ template_filter ] --START--
INFO: Run Behavior\ContentReplaceBehavior [ RunTime:0.000065s ]
INFO: [ template_filter ] --END-- [ RunTime:0.000156s ]
INFO: Run Behavior\ParseTemplateBehavior [ RunTime:0.010595s ]
INFO: [ view_parse ] --END-- [ RunTime:0.010685s ]
INFO: [ view_filter ] --START--
INFO: Run Behavior\WriteHtmlCacheBehavior [ RunTime:0.000370s ]
INFO: [ view_filter ] --END-- [ RunTime:0.000420s ]
INFO: [ app_end ] --START--
INFO: Run Behavior\ShowPageTraceBehavior [ RunTime:0.000535s ]
INFO: [ app_end ] --END-- [ RunTime:0.000588s ]

[ 2015-04-07T15:59:56+08:00 ] 192.168.1.101 /index.php/Home/Login/login
INFO: [ app_begin ] --START--
INFO: Run Behavior\ReadHtmlCacheBehavior [ RunTime:0.000650s ]
INFO: [ app_begin ] --END-- [ RunTime:0.001148s ]
SQL: SHOW COLUMNS FROM `wei_member` [ RunTime:0.003405s ]
SQL: SELECT * FROM `wei_member` WHERE ( mobile='13366644566' ) LIMIT 1   [ RunTime:0.000599s ]
INFO: [ view_parse ] --START--
INFO: [ template_filter ] --START--
INFO: Run Behavior\ContentReplaceBehavior [ RunTime:0.000036s ]
INFO: [ template_filter ] --END-- [ RunTime:0.000089s ]
INFO: Run Behavior\ParseTemplateBehavior [ RunTime:0.004956s ]
INFO: [ view_parse ] --END-- [ RunTime:0.005005s ]
INFO: [ view_filter ] --START--
INFO: Run Behavior\WriteHtmlCacheBehavior [ RunTime:0.000322s ]
INFO: [ view_filter ] --END-- [ RunTime:0.000364s ]

[ 2015-04-07T15:59:57+08:00 ] 192.168.1.101 /index.php/Home/Index/index.html
INFO: [ app_begin ] --START--
INFO: Run Behavior\ReadHtmlCacheBehavior [ RunTime:0.000813s ]
INFO: [ app_begin ] --END-- [ RunTime:0.001430s ]
NOTIC: [8] A session had already been started - ignoring session_start() D:\weizhan\App\Home\Controller\BaseController.class.php 第 13 行.
SQL: SHOW COLUMNS FROM `wei_member` [ RunTime:0.003329s ]
SQL: SELECT * FROM `wei_member` WHERE ( id='2' ) LIMIT 1   [ RunTime:0.000518s ]
INFO: [ view_parse ] --START--
INFO: [ template_filter ] --START--
INFO: Run Behavior\ContentReplaceBehavior [ RunTime:0.000125s ]
INFO: [ template_filter ] --END-- [ RunTime:0.000191s ]
INFO: Run Behavior\ParseTemplateBehavior [ RunTime:0.007822s ]
INFO: [ view_parse ] --END-- [ RunTime:0.007875s ]
INFO: [ view_filter ] --START--
INFO: Run Behavior\WriteHtmlCacheBehavior [ RunTime:0.000339s ]
INFO: [ view_filter ] --END-- [ RunTime:0.000381s ]
INFO: [ app_end ] --START--
INFO: Run Behavior\ShowPageTraceBehavior [ RunTime:0.000623s ]
INFO: [ app_end ] --END-- [ RunTime:0.000686s ]

[ 2015-04-07T16:00:01+08:00 ] 192.168.1.101 /index.php/Product/Product/lst?callback=success_jsonpCallback&_=1428393617962
INFO: [ app_begin ] --START--
INFO: Run Behavior\ReadHtmlCacheBehavior [ RunTime:0.000410s ]
INFO: [ app_begin ] --END-- [ RunTime:0.000685s ]
NOTIC: [8] A session had already been started - ignoring session_start() D:\weizhan\App\Home\Controller\BaseController.class.php 第 13 行.
NOTIC: [2048] Declaration of Product\Model\ProductModel::_after_insert() should be compatible with that of Think\Model::_after_insert() D:\weizhan\App\Product\Model\ProductModel.class.php 第 5 行.
SQL: SHOW COLUMNS FROM `wei_product` [ RunTime:0.003234s ]
SQL: SELECT * FROM `wei_product` ORDER BY id desc  [ RunTime:0.000633s ]
INFO: [ view_parse ] --START--
INFO: [ template_filter ] --START--
INFO: Run Behavior\ContentReplaceBehavior [ RunTime:0.000048s ]
INFO: [ template_filter ] --END-- [ RunTime:0.000095s ]
NOTIC: [8] Undefined variable: clientip D:\weizhan\App\Runtime\Cache\Product\b69b7bc7eee18ee23371e39f02f797ef.php 第 16 行.
INFO: Run Behavior\ParseTemplateBehavior [ RunTime:0.005156s ]
INFO: [ view_parse ] --END-- [ RunTime:0.005207s ]
INFO: [ view_filter ] --START--
INFO: Run Behavior\WriteHtmlCacheBehavior [ RunTime:0.000346s ]
INFO: [ view_filter ] --END-- [ RunTime:0.000396s ]
INFO: [ app_end ] --START--
INFO: Run Behavior\ShowPageTraceBehavior [ RunTime:0.000495s ]
INFO: [ app_end ] --END-- [ RunTime:0.000536s ]

[ 2015-04-07T16:02:29+08:00 ] 192.168.1.101 /index.php/Company/Company/js/menu.js
ERR: 非法操作:js

[ 2015-04-07T16:02:42+08:00 ] 192.168.1.101 /index.php/Product/Product/producteditlist
ERR: 模板不存在:./App/Product/View/Product/producteditlist.html

[ 2015-04-07T16:02:47+08:00 ] 192.168.1.101 /index.php/Product/Product/producteditlist
ERR: 模板不存在:./App/Product/View/Product/producteditlist.html

[ 2015-04-07T16:02:56+08:00 ] 192.168.1.101 /
INFO: [ app_begin ] --START--
INFO: Run Behavior\ReadHtmlCacheBehavior [ RunTime:0.000714s ]
INFO: [ app_begin ] --END-- [ RunTime:0.001272s ]
NOTIC: [8] A session had already been started - ignoring session_start() D:\weizhan\App\Home\Controller\BaseController.class.php 第 13 行.
SQL: SHOW COLUMNS FROM `wei_member` [ RunTime:0.003757s ]
SQL: SELECT * FROM `wei_member` WHERE ( id='2' ) LIMIT 1   [ RunTime:0.000621s ]
INFO: [ view_parse ] --START--
INFO: [ template_filter ] --START--
INFO: Run Behavior\ContentReplaceBehavior [ RunTime:0.000105s ]
INFO: [ template_filter ] --END-- [ RunTime:0.000177s ]
INFO: Run Behavior\ParseTemplateBehavior [ RunTime:0.007457s ]
INFO: [ view_parse ] --END-- [ RunTime:0.007512s ]
INFO: [ view_filter ] --START--
INFO: Run Behavior\WriteHtmlCacheBehavior [ RunTime:0.000334s ]
INFO: [ view_filter ] --END-- [ RunTime:0.000377s ]
INFO: [ app_end ] --START--
INFO: Run Behavior\ShowPageTraceBehavior [ RunTime:0.000588s ]
INFO: [ app_end ] --END-- [ RunTime:0.000655s ]

[ 2015-04-07T16:03:49+08:00 ] 192.168.1.101 /
INFO: [ app_begin ] --START--
INFO: Run Behavior\ReadHtmlCacheBehavior [ RunTime:0.000572s ]
INFO: [ app_begin ] --END-- [ RunTime:0.000989s ]
NOTIC: [8] A session had already been started - ignoring session_start() D:\weizhan\App\Home\Controller\BaseController.class.php 第 13 行.
SQL: SHOW COLUMNS FROM `wei_member` [ RunTime:0.004005s ]
SQL: SELECT * FROM `wei_member` WHERE ( id='2' ) LIMIT 1   [ RunTime:0.000539s ]
INFO: [ view_parse ] --START--
INFO: [ template_filter ] --START--
INFO: Run Behavior\ContentReplaceBehavior [ RunTime:0.000129s ]
INFO: [ template_filter ] --END-- [ RunTime:0.000188s ]
INFO: Run Behavior\ParseTemplateBehavior [ RunTime:0.008624s ]
INFO: [ view_parse ] --END-- [ RunTime:0.008676s ]
INFO: [ view_filter ] --START--
INFO: Run Behavior\WriteHtmlCacheBehavior [ RunTime:0.000284s ]
INFO: [ view_filter ] --END-- [ RunTime:0.000326s ]
INFO: [ app_end ] --START--
INFO: Run Behavior\ShowPageTraceBehavior [ RunTime:0.000521s ]
INFO: [ app_end ] --END-- [ RunTime:0.000579s ]

[ 2015-04-07T16:09:12+08:00 ] 192.168.1.101 /
INFO: [ app_begin ] --START--
INFO: Run Behavior\ReadHtmlCacheBehavior [ RunTime:0.000685s ]
INFO: [ app_begin ] --END-- [ RunTime:0.001200s ]
NOTIC: [8] A session had already been started - ignoring session_start() D:\weizhan\App\Home\Controller\BaseController.class.php 第 13 行.
SQL: SHOW COLUMNS FROM `wei_member` [ RunTime:0.003712s ]
SQL: SELECT * FROM `wei_member` WHERE ( id='2' ) LIMIT 1   [ RunTime:0.000558s ]
INFO: [ view_parse ] --START--
INFO: [ template_filter ] --START--
INFO: Run Behavior\ContentReplaceBehavior [ RunTime:0.000102s ]
INFO: [ template_filter ] --END-- [ RunTime:0.000152s ]
INFO: Run Behavior\ParseTemplateBehavior [ RunTime:0.007214s ]
INFO: [ view_parse ] --END-- [ RunTime:0.007266s ]
INFO: [ view_filter ] --START--
INFO: Run Behavior\WriteHtmlCacheBehavior [ RunTime:0.000318s ]
INFO: [ view_filter ] --END-- [ RunTime:0.000370s ]
INFO: [ app_end ] --START--
INFO: Run Behavior\ShowPageTraceBehavior [ RunTime:0.000555s ]
INFO: [ app_end ] --END-- [ RunTime:0.000619s ]

[ 2015-04-07T16:09:13+08:00 ] 192.168.1.101 /index.php/Home/Index/index.html
INFO: [ app_begin ] --START--
INFO: Run Behavior\ReadHtmlCacheBehavior [ RunTime:0.000580s ]
INFO: [ app_begin ] --END-- [ RunTime:0.000946s ]
NOTIC: [8] A session had already been started - ignoring session_start() D:\weizhan\App\Home\Controller\BaseController.class.php 第 13 行.
SQL: SHOW COLUMNS FROM `wei_member` [ RunTime:0.003657s ]
SQL: SELECT * FROM `wei_member` WHERE ( id='2' ) LIMIT 1   [ RunTime:0.000542s ]
INFO: [ view_parse ] --START--
INFO: [ template_filter ] --START--
INFO: Run Behavior\ContentReplaceBehavior [ RunTime:0.000101s ]
INFO: [ template_filter ] --END-- [ RunTime:0.000152s ]
INFO: Run Behavior\ParseTemplateBehavior [ RunTime:0.007342s ]
INFO: [ view_parse ] --END-- [ RunTime:0.007396s ]
INFO: [ view_filter ] --START--
INFO: Run Behavior\WriteHtmlCacheBehavior [ RunTime:0.000262s ]
INFO: [ view_filter ] --END-- [ RunTime:0.000305s ]
INFO: [ app_end ] --START--
INFO: Run Behavior\ShowPageTraceBehavior [ RunTime:0.000512s ]
INFO: [ app_end ] --END-- [ RunTime:0.000563s ]

[ 2015-04-07T16:09:39+08:00 ] 192.168.1.101 /index.php/Home/Member/lst
INFO: [ app_begin ] --START--
INFO: Run Behavior\ReadHtmlCacheBehavior [ RunTime:0.001519s ]
INFO: [ app_begin ] --END-- [ RunTime:0.002735s ]
SQL: SHOW COLUMNS FROM `wei_member` [ RunTime:0.009321s ]
SQL: SELECT * FROM `wei_member` WHERE ( id='2' ) LIMIT 1   [ RunTime:0.001575s ]
INFO: [ view_parse ] --START--
INFO: [ template_filter ] --START--
INFO: Run Behavior\ContentReplaceBehavior [ RunTime:0.000088s ]
INFO: [ template_filter ] --END-- [ RunTime:0.000191s ]
INFO: Run Behavior\ParseTemplateBehavior [ RunTime:0.046325s ]
INFO: [ view_parse ] --END-- [ RunTime:0.046507s ]
INFO: [ view_filter ] --START--
INFO: Run Behavior\WriteHtmlCacheBehavior [ RunTime:0.000581s ]
INFO: [ view_filter ] --END-- [ RunTime:0.000663s ]
INFO: [ app_end ] --START--
INFO: Run Behavior\ShowPageTraceBehavior [ RunTime:0.000932s ]
INFO: [ app_end ] --END-- [ RunTime:0.001014s ]

[ 2015-04-07T16:09:51+08:00 ] 192.168.1.101 /
INFO: [ app_begin ] --START--
INFO: Run Behavior\ReadHtmlCacheBehavior [ RunTime:0.000806s ]
INFO: [ app_begin ] --END-- [ RunTime:0.001346s ]
NOTIC: [8] A session had already been started - ignoring session_start() D:\weizhan\App\Home\Controller\BaseController.class.php 第 13 行.

[ 2015-04-07T16:09:51+08:00 ] 192.168.1.101 /index.php/Home/Login/login.html
INFO: [ app_begin ] --START--
INFO: Run Behavior\ReadHtmlCacheBehavior [ RunTime:0.000806s ]
INFO: [ app_begin ] --END-- [ RunTime:0.001411s ]
INFO: [ view_parse ] --START--
INFO: [ template_filter ] --START--
INFO: Run Behavior\ContentReplaceBehavior [ RunTime:0.000078s ]
INFO: [ template_filter ] --END-- [ RunTime:0.000186s ]
INFO: Run Behavior\ParseTemplateBehavior [ RunTime:0.008302s ]
INFO: [ view_parse ] --END-- [ RunTime:0.008403s ]
INFO: [ view_filter ] --START--
INFO: Run Behavior\WriteHtmlCacheBehavior [ RunTime:0.000474s ]
INFO: [ view_filter ] --END-- [ RunTime:0.000550s ]
INFO: [ app_end ] --START--
INFO: Run Behavior\ShowPageTraceBehavior [ RunTime:0.003374s ]
INFO: [ app_end ] --END-- [ RunTime:0.003501s ]

[ 2015-04-07T16:09:58+08:00 ] 192.168.1.101 /index.php/Home/Login/login
INFO: [ app_begin ] --START--
INFO: Run Behavior\ReadHtmlCacheBehavior [ RunTime:0.000854s ]
INFO: [ app_begin ] --END-- [ RunTime:0.001363s ]
SQL: SHOW COLUMNS FROM `wei_member` [ RunTime:0.004417s ]
SQL: SELECT * FROM `wei_member` WHERE ( mobile='13366644566' ) LIMIT 1   [ RunTime:0.000655s ]
INFO: [ view_parse ] --START--
INFO: [ template_filter ] --START--
INFO: Run Behavior\ContentReplaceBehavior [ RunTime:0.000034s ]
INFO: [ template_filter ] --END-- [ RunTime:0.000087s ]
INFO: Run Behavior\ParseTemplateBehavior [ RunTime:0.004883s ]
INFO: [ view_parse ] --END-- [ RunTime:0.004941s ]
INFO: [ view_filter ] --START--
INFO: Run Behavior\WriteHtmlCacheBehavior [ RunTime:0.000326s ]
INFO: [ view_filter ] --END-- [ RunTime:0.000367s ]

[ 2015-04-07T16:09:59+08:00 ] 192.168.1.101 /index.php/Home/Index/index.html
INFO: [ app_begin ] --START--
INFO: Run Behavior\ReadHtmlCacheBehavior [ RunTime:0.000981s ]
INFO: [ app_begin ] --END-- [ RunTime:0.001666s ]
NOTIC: [8] A session had already been started - ignoring session_start() D:\weizhan\App\Home\Controller\BaseController.class.php 第 13 行.
SQL: SHOW COLUMNS FROM `wei_member` [ RunTime:0.004726s ]
SQL: SELECT * FROM `wei_member` WHERE ( id='2' ) LIMIT 1   [ RunTime:0.000522s ]
INFO: [ view_parse ] --START--
INFO: [ template_filter ] --START--
INFO: Run Behavior\ContentReplaceBehavior [ RunTime:0.000116s ]
INFO: [ template_filter ] --END-- [ RunTime:0.000180s ]
INFO: Run Behavior\ParseTemplateBehavior [ RunTime:0.007972s ]
INFO: [ view_parse ] --END-- [ RunTime:0.008032s ]
INFO: [ view_filter ] --START--
INFO: Run Behavior\WriteHtmlCacheBehavior [ RunTime:0.000285s ]
INFO: [ view_filter ] --END-- [ RunTime:0.000329s ]
INFO: [ app_end ] --START--
INFO: Run Behavior\ShowPageTraceBehavior [ RunTime:0.000498s ]
INFO: [ app_end ] --END-- [ RunTime:0.000551s ]

[ 2015-04-07T17:01:52+08:00 ] 192.168.1.101 /
INFO: [ app_begin ] --START--
INFO: Run Behavior\ReadHtmlCacheBehavior [ RunTime:0.000516s ]
INFO: [ app_begin ] --END-- [ RunTime:0.000920s ]
NOTIC: [8] A session had already been started - ignoring session_start() D:\weizhan\App\Home\Controller\BaseController.class.php 第 13 行.

[ 2015-04-07T17:01:53+08:00 ] 192.168.1.101 /index.php/Home/Login/login.html
INFO: [ app_begin ] --START--
INFO: Run Behavior\ReadHtmlCacheBehavior [ RunTime:0.000459s ]
INFO: [ app_begin ] --END-- [ RunTime:0.000821s ]
INFO: [ view_parse ] --START--
INFO: [ template_filter ] --START--
INFO: Run Behavior\ContentReplaceBehavior [ RunTime:0.000046s ]
INFO: [ template_filter ] --END-- [ RunTime:0.000110s ]
INFO: Run Behavior\ParseTemplateBehavior [ RunTime:0.004917s ]
INFO: [ view_parse ] --END-- [ RunTime:0.004979s ]
INFO: [ view_filter ] --START--
INFO: Run Behavior\WriteHtmlCacheBehavior [ RunTime:0.000283s ]
INFO: [ view_filter ] --END-- [ RunTime:0.000326s ]
INFO: [ app_end ] --START--
INFO: Run Behavior\ShowPageTraceBehavior [ RunTime:0.000495s ]
INFO: [ app_end ] --END-- [ RunTime:0.000554s ]

[ 2015-04-07T17:02:04+08:00 ] 192.168.1.101 /index.php/Home/Login/login
INFO: [ app_begin ] --START--
INFO: Run Behavior\ReadHtmlCacheBehavior [ RunTime:0.000491s ]
INFO: [ app_begin ] --END-- [ RunTime:0.000839s ]
SQL: SHOW COLUMNS FROM `wei_member` [ RunTime:0.004118s ]
SQL: SELECT * FROM `wei_member` WHERE ( mobile='13366644566' ) LIMIT 1   [ RunTime:0.000795s ]
INFO: [ view_parse ] --START--
INFO: [ template_filter ] --START--
INFO: Run Behavior\ContentReplaceBehavior [ RunTime:0.000036s ]
INFO: [ template_filter ] --END-- [ RunTime:0.000094s ]
INFO: Run Behavior\ParseTemplateBehavior [ RunTime:0.005007s ]
INFO: [ view_parse ] --END-- [ RunTime:0.005084s ]
INFO: [ view_filter ] --START--
INFO: Run Behavior\WriteHtmlCacheBehavior [ RunTime:0.000325s ]
INFO: [ view_filter ] --END-- [ RunTime:0.000377s ]

[ 2015-04-07T17:02:06+08:00 ] 192.168.1.101 /index.php/Home/Index/index.html
INFO: [ app_begin ] --START--
INFO: Run Behavior\ReadHtmlCacheBehavior [ RunTime:0.001548s ]
INFO: [ app_begin ] --END-- [ RunTime:0.002736s ]
NOTIC: [8] A session had already been started - ignoring session_start() D:\weizhan\App\Home\Controller\BaseController.class.php 第 13 行.
SQL: SHOW COLUMNS FROM `wei_member` [ RunTime:0.003434s ]
SQL: SELECT * FROM `wei_member` WHERE ( id='2' ) LIMIT 1   [ RunTime:0.000566s ]
INFO: [ view_parse ] --START--
INFO: [ template_filter ] --START--
INFO: Run Behavior\ContentReplaceBehavior [ RunTime:0.000132s ]
INFO: [ template_filter ] --END-- [ RunTime:0.000192s ]
INFO: Run Behavior\ParseTemplateBehavior [ RunTime:0.009113s ]
INFO: [ view_parse ] --END-- [ RunTime:0.009167s ]
INFO: [ view_filter ] --START--
INFO: Run Behavior\WriteHtmlCacheBehavior [ RunTime:0.000331s ]
INFO: [ view_filter ] --END-- [ RunTime:0.000374s ]
INFO: [ app_end ] --START--
INFO: Run Behavior\ShowPageTraceBehavior [ RunTime:0.000773s ]
INFO: [ app_end ] --END-- [ RunTime:0.000851s ]

[ 2015-04-07T17:03:04+08:00 ] 192.168.1.101 /index.php/Product/Product/producteditlist.html
ERR: 模板不存在:./App/Product/View/Product/producteditlist.html

[ 2015-04-07T17:03:34+08:00 ] 192.168.1.101 /index.php/Product/Product/producteditlist.html
ERR: 模板不存在:./App/Product/View/Product/producteditlist.html

[ 2015-04-07T17:04:54+08:00 ] 192.168.1.101 /index.php/Product/Product/producteditlist
ERR: 模板不存在:./App/Product/View/Product/producteditlist.html

[ 2015-04-07T17:39:32+08:00 ] 192.168.1.101 /index.php/Product/Product/add
ERR: 不存在的图像文件

[ 2015-04-07T18:17:27+08:00 ] 192.168.1.101 /
INFO: [ app_begin ] --START--
INFO: Run Behavior\ReadHtmlCacheBehavior [ RunTime:0.000657s ]
INFO: [ app_begin ] --END-- [ RunTime:0.001110s ]
NOTIC: [8] A session had already been started - ignoring session_start() D:\weizhan\App\Home\Controller\BaseController.class.php 第 13 行.
SQL: SHOW COLUMNS FROM `wei_member` [ RunTime:0.003814s ]
SQL: SELECT * FROM `wei_member` WHERE ( id='2' ) LIMIT 1   [ RunTime:0.000697s ]
INFO: [ view_parse ] --START--
INFO: [ template_filter ] --START--
INFO: Run Behavior\ContentReplaceBehavior [ RunTime:0.000116s ]
INFO: [ template_filter ] --END-- [ RunTime:0.000205s ]
INFO: Run Behavior\ParseTemplateBehavior [ RunTime:0.008842s ]
INFO: [ view_parse ] --END-- [ RunTime:0.008906s ]
INFO: [ view_filter ] --START--
INFO: Run Behavior\WriteHtmlCacheBehavior [ RunTime:0.000300s ]
INFO: [ view_filter ] --END-- [ RunTime:0.000344s ]
INFO: [ app_end ] --START--
INFO: Run Behavior\ShowPageTraceBehavior [ RunTime:0.000584s ]
INFO: [ app_end ] --END-- [ RunTime:0.000647s ]

[ 2015-04-07T18:20:03+08:00 ] 192.168.1.101 /index.php/Product/Product/totop?id=3
ERR: 模板不存在:./App/Product/View/Product/totop.html

[ 2015-04-07T18:21:00+08:00 ] 192.168.1.101 /index.php/Product/Product/totop?id=1
ERR: 模板不存在:./App/Product/View/Product/totop.html

[ 2015-04-07T18:21:12+08:00 ] 192.168.1.101 /index.php/Product/Product/totop?id=3
ERR: 模板不存在:./App/Product/View/Product/totop.html

[ 2015-04-07T18:30:45+08:00 ] 192.168.1.101 /
INFO: [ app_begin ] --START--
INFO: Run Behavior\ReadHtmlCacheBehavior [ RunTime:0.002133s ]
INFO: [ app_begin ] --END-- [ RunTime:0.002980s ]
NOTIC: [8] A session had already been started - ignoring session_start() D:\weizhan\App\Home\Controller\BaseController.class.php 第 13 行.
SQL: SHOW COLUMNS FROM `wei_member` [ RunTime:0.003905s ]
SQL: SELECT * FROM `wei_member` WHERE ( id='2' ) LIMIT 1   [ RunTime:0.000623s ]
INFO: [ view_parse ] --START--
INFO: [ template_filter ] --START--
INFO: Run Behavior\ContentReplaceBehavior [ RunTime:0.000103s ]
INFO: [ template_filter ] --END-- [ RunTime:0.000156s ]
INFO: Run Behavior\ParseTemplateBehavior [ RunTime:0.044383s ]
INFO: [ view_parse ] --END-- [ RunTime:0.044453s ]
INFO: [ view_filter ] --START--
INFO: Run Behavior\WriteHtmlCacheBehavior [ RunTime:0.000381s ]
INFO: [ view_filter ] --END-- [ RunTime:0.000427s ]
INFO: [ app_end ] --START--
INFO: Run Behavior\ShowPageTraceBehavior [ RunTime:0.000608s ]
INFO: [ app_end ] --END-- [ RunTime:0.000668s ]

[ 2015-04-07T18:30:47+08:00 ] 192.168.1.102 /
INFO: [ app_begin ] --START--
INFO: Run Behavior\ReadHtmlCacheBehavior [ RunTime:0.000703s ]
INFO: [ app_begin ] --END-- [ RunTime:0.001197s ]
NOTIC: [8] A session had already been started - ignoring session_start() D:\weizhan\App\Home\Controller\BaseController.class.php 第 13 行.

[ 2015-04-07T18:30:47+08:00 ] 192.168.1.102 /index.php/Home/Login/login.html
INFO: [ app_begin ] --START--
INFO: Run Behavior\ReadHtmlCacheBehavior [ RunTime:0.000558s ]
INFO: [ app_begin ] --END-- [ RunTime:0.000919s ]
INFO: [ view_parse ] --START--
INFO: [ template_filter ] --START--
INFO: Run Behavior\ContentReplaceBehavior [ RunTime:0.000044s ]
INFO: [ template_filter ] --END-- [ RunTime:0.000105s ]
INFO: Run Behavior\ParseTemplateBehavior [ RunTime:0.005267s ]
INFO: [ view_parse ] --END-- [ RunTime:0.005344s ]
INFO: [ view_filter ] --START--
INFO: Run Behavior\WriteHtmlCacheBehavior [ RunTime:0.000385s ]
INFO: [ view_filter ] --END-- [ RunTime:0.000428s ]
INFO: [ app_end ] --START--
INFO: Run Behavior\ShowPageTraceBehavior [ RunTime:0.000619s ]
INFO: [ app_end ] --END-- [ RunTime:0.000678s ]

[ 2015-04-07T18:32:04+08:00 ] 192.168.1.102 /index.php/Home/Login/login
INFO: [ app_begin ] --START--
INFO: Run Behavior\ReadHtmlCacheBehavior [ RunTime:0.000747s ]
INFO: [ app_begin ] --END-- [ RunTime:0.001270s ]
SQL: SHOW COLUMNS FROM `wei_member` [ RunTime:0.003972s ]
SQL: SELECT * FROM `wei_member` WHERE ( mobile='1' ) LIMIT 1   [ RunTime:0.000586s ]
INFO: [ view_parse ] --START--
INFO: [ template_filter ] --START--
INFO: Run Behavior\ContentReplaceBehavior [ RunTime:0.000035s ]
INFO: [ template_filter ] --END-- [ RunTime:0.000090s ]
INFO: Run Behavior\ParseTemplateBehavior [ RunTime:0.005126s ]
INFO: [ view_parse ] --END-- [ RunTime:0.005190s ]
INFO: [ view_filter ] --START--
INFO: Run Behavior\WriteHtmlCacheBehavior [ RunTime:0.000429s ]
INFO: [ view_filter ] --END-- [ RunTime:0.000491s ]

[ 2015-04-07T18:32:06+08:00 ] 192.168.1.102 /index.php/Home/Index/index.html
INFO: [ app_begin ] --START--
INFO: Run Behavior\ReadHtmlCacheBehavior [ RunTime:0.001206s ]
INFO: [ app_begin ] --END-- [ RunTime:0.002267s ]
NOTIC: [8] A session had already been started - ignoring session_start() D:\weizhan\App\Home\Controller\BaseController.class.php 第 13 行.
SQL: SHOW COLUMNS FROM `wei_member` [ RunTime:0.005386s ]
SQL: SELECT * FROM `wei_member` WHERE ( id='4' ) LIMIT 1   [ RunTime:0.000753s ]
INFO: [ view_parse ] --START--
INFO: [ template_filter ] --START--
INFO: Run Behavior\ContentReplaceBehavior [ RunTime:0.000104s ]
INFO: [ template_filter ] --END-- [ RunTime:0.000156s ]
INFO: Run Behavior\ParseTemplateBehavior [ RunTime:0.014355s ]
INFO: [ view_parse ] --END-- [ RunTime:0.014443s ]
INFO: [ view_filter ] --START--
INFO: Run Behavior\WriteHtmlCacheBehavior [ RunTime:0.000849s ]
INFO: [ view_filter ] --END-- [ RunTime:0.000907s ]
INFO: [ app_end ] --START--
INFO: Run Behavior\ShowPageTraceBehavior [ RunTime:0.000540s ]
INFO: [ app_end ] --END-- [ RunTime:0.000600s ]

[ 2015-04-07T18:32:20+08:00 ] 192.168.1.101 /index.php/Home/Member/edit?id=2
INFO: [ app_begin ] --START--
INFO: Run Behavior\ReadHtmlCacheBehavior [ RunTime:0.003810s ]
INFO: [ app_begin ] --END-- [ RunTime:0.004804s ]
SQL: SHOW COLUMNS FROM `wei_member` [ RunTime:0.004747s ]
SQL: select * from `wei_member` where id = 2 [ RunTime:0.000721s ]
INFO: [ view_parse ] --START--
INFO: [ template_filter ] --START--
INFO: Run Behavior\ContentReplaceBehavior [ RunTime:0.000205s ]
INFO: [ template_filter ] --END-- [ RunTime:0.000299s ]
NOTIC: [8] Undefined variable: info D:\weizhan\App\Runtime\Cache\Home\24a8b027f7b82f7a6e9d68d5445e7517.php 第 220 行.
INFO: Run Behavior\ParseTemplateBehavior [ RunTime:0.015476s ]
INFO: [ view_parse ] --END-- [ RunTime:0.015554s ]
INFO: [ view_filter ] --START--
INFO: Run Behavior\WriteHtmlCacheBehavior [ RunTime:0.000484s ]
INFO: [ view_filter ] --END-- [ RunTime:0.000557s ]
INFO: [ app_end ] --START--
INFO: Run Behavior\ShowPageTraceBehavior [ RunTime:0.000836s ]
INFO: [ app_end ] --END-- [ RunTime:0.000919s ]

[ 2015-04-07T18:35:35+08:00 ] 192.168.1.102 /index.php/News/Information/lst?callback=success_jsonpCallback&_=1428402939906
INFO: [ app_begin ] --START--
INFO: Run Behavior\ReadHtmlCacheBehavior [ RunTime:0.001101s ]
INFO: [ app_begin ] --END-- [ RunTime:0.001629s ]
NOTIC: [8] A session had already been started - ignoring session_start() D:\weizhan\App\Home\Controller\BaseController.class.php 第 13 行.
ERR: 非法操作:lst

[ 2015-04-07T18:35:44+08:00 ] 192.168.1.102 /index.php/News/Information/lst?callback=success_jsonpCallback&_=1428402948814
INFO: [ app_begin ] --START--
INFO: Run Behavior\ReadHtmlCacheBehavior [ RunTime:0.000686s ]
INFO: [ app_begin ] --END-- [ RunTime:0.001134s ]
NOTIC: [8] A session had already been started - ignoring session_start() D:\weizhan\App\Home\Controller\BaseController.class.php 第 13 行.
ERR: 非法操作:lst

[ 2015-04-07T18:46:51+08:00 ] 192.168.1.101 /index.php/Company/Company/js/menu.js
ERR: 非法操作:js

[ 2015-04-07T18:47:08+08:00 ] 192.168.1.102 /index.php/Company/Company/js/menu.js
ERR: 非法操作:js

[ 2015-04-07T18:50:01+08:00 ] 192.168.1.102 /index.php/Company/Company/js/menu.js
ERR: 非法操作:js

[ 2015-04-07T18:50:31+08:00 ] 192.168.1.102 /index.php/Company/Company/js/menu.js
ERR: 非法操作:js

[ 2015-04-07T18:51:28+08:00 ] 192.168.1.102 /index.php/Company/Company/js/menu.js
ERR: 非法操作:js

[ 2015-04-07T18:51:45+08:00 ] 192.168.1.102 /index.php/Company/Company/js/menu.js
ERR: 非法操作:js

[ 2015-04-07T18:52:24+08:00 ] 192.168.1.102 /index.php/Company/Company/js/menu.js
ERR: 非法操作:js

[ 2015-04-07T18:52:31+08:00 ] 192.168.1.102 /index.php/Home/Index/index.html
INFO: [ app_begin ] --START--
INFO: Run Behavior\ReadHtmlCacheBehavior [ RunTime:0.001005s ]
INFO: [ app_begin ] --END-- [ RunTime:0.001643s ]
NOTIC: [8] A session had already been started - ignoring session_start() D:\weizhan\App\Home\Controller\BaseController.class.php 第 13 行.
SQL: SHOW COLUMNS FROM `wei_member` [ RunTime:0.004174s ]
SQL: SELECT * FROM `wei_member` WHERE ( id='4' ) LIMIT 1   [ RunTime:0.000582s ]
INFO: [ view_parse ] --START--
INFO: [ template_filter ] --START--
INFO: Run Behavior\ContentReplaceBehavior [ RunTime:0.000114s ]
INFO: [ template_filter ] --END-- [ RunTime:0.000179s ]
INFO: Run Behavior\ParseTemplateBehavior [ RunTime:0.007580s ]
INFO: [ view_parse ] --END-- [ RunTime:0.007674s ]
INFO: [ view_filter ] --START--
INFO: Run Behavior\WriteHtmlCacheBehavior [ RunTime:0.000358s ]
INFO: [ view_filter ] --END-- [ RunTime:0.000406s ]
INFO: [ app_end ] --START--
INFO: Run Behavior\ShowPageTraceBehavior [ RunTime:0.000598s ]
INFO: [ app_end ] --END-- [ RunTime:0.000660s ]

[ 2015-04-07T18:52:36+08:00 ] 192.168.1.102 /index.php/Product/Product/totop?id=1
ERR: 模板不存在:./App/Product/View/Product/totop.html

[ 2015-04-07T18:56:37+08:00 ] 192.168.1.101 /index.php/Company/Company/js/menu.js
ERR: 非法操作:js

[ 2015-04-07T18:59:37+08:00 ] 192.168.1.102 /
INFO: [ app_begin ] --START--
INFO: Run Behavior\ReadHtmlCacheBehavior [ RunTime:0.000817s ]
INFO: [ app_begin ] --END-- [ RunTime:0.001307s ]
NOTIC: [8] A session had already been started - ignoring session_start() D:\weizhan\App\Home\Controller\BaseController.class.php 第 13 行.
SQL: SHOW COLUMNS FROM `wei_member` [ RunTime:0.005020s ]
SQL: SELECT * FROM `wei_member` WHERE ( id='4' ) LIMIT 1   [ RunTime:0.000548s ]
INFO: [ view_parse ] --START--
INFO: [ template_filter ] --START--
INFO: Run Behavior\ContentReplaceBehavior [ RunTime:0.000151s ]
INFO: [ template_filter ] --END-- [ RunTime:0.000232s ]
INFO: Run Behavior\ParseTemplateBehavior [ RunTime:0.008002s ]
INFO: [ view_parse ] --END-- [ RunTime:0.008056s ]
INFO: [ view_filter ] --START--
INFO: Run Behavior\WriteHtmlCacheBehavior [ RunTime:0.000341s ]
INFO: [ view_filter ] --END-- [ RunTime:0.000384s ]
INFO: [ app_end ] --START--
INFO: Run Behavior\ShowPageTraceBehavior [ RunTime:0.000573s ]
INFO: [ app_end ] --END-- [ RunTime:0.000655s ]

[ 2015-04-07T18:59:58+08:00 ] 192.168.1.102 /index.php/Product/Product/lst?callback=success_jsonpCallback&_=1428404402917
INFO: [ app_begin ] --START--
INFO: Run Behavior\ReadHtmlCacheBehavior [ RunTime:0.001031s ]
INFO: [ app_begin ] --END-- [ RunTime:0.001606s ]
NOTIC: [8] A session had already been started - ignoring session_start() D:\weizhan\App\Home\Controller\BaseController.class.php 第 13 行.
NOTIC: [2048] Declaration of Product\Model\ProductModel::_after_insert() should be compatible with that of Think\Model::_after_insert() D:\weizhan\App\Product\Model\ProductModel.class.php 第 5 行.
SQL: SHOW COLUMNS FROM `wei_product` [ RunTime:0.004237s ]
SQL: SELECT * FROM `wei_product` ORDER BY id desc  [ RunTime:0.000512s ]
INFO: [ view_parse ] --START--
INFO: [ template_filter ] --START--
INFO: Run Behavior\ContentReplaceBehavior [ RunTime:0.000049s ]
INFO: [ template_filter ] --END-- [ RunTime:0.000095s ]
NOTIC: [8] Undefined variable: clientip D:\weizhan\App\Runtime\Cache\Product\b69b7bc7eee18ee23371e39f02f797ef.php 第 16 行.
INFO: Run Behavior\ParseTemplateBehavior [ RunTime:0.005318s ]
INFO: [ view_parse ] --END-- [ RunTime:0.005366s ]
INFO: [ view_filter ] --START--
INFO: Run Behavior\WriteHtmlCacheBehavior [ RunTime:0.000334s ]
INFO: [ view_filter ] --END-- [ RunTime:0.000373s ]
INFO: [ app_end ] --START--
INFO: Run Behavior\ShowPageTraceBehavior [ RunTime:0.000621s ]
INFO: [ app_end ] --END-- [ RunTime:0.000672s ]

[ 2015-04-07T19:00:45+08:00 ] 192.168.1.102 /index.php/Product/Product/lst?callback=success_jsonpCallback&_=1428404450104
INFO: [ app_begin ] --START--
INFO: Run Behavior\ReadHtmlCacheBehavior [ RunTime:0.000778s ]
INFO: [ app_begin ] --END-- [ RunTime:0.001313s ]
NOTIC: [8] A session had already been started - ignoring session_start() D:\weizhan\App\Home\Controller\BaseController.class.php 第 13 行.
NOTIC: [2048] Declaration of Product\Model\ProductModel::_after_insert() should be compatible with that of Think\Model::_after_insert() D:\weizhan\App\Product\Model\ProductModel.class.php 第 5 行.
SQL: SHOW COLUMNS FROM `wei_product` [ RunTime:0.004508s ]
SQL: SELECT * FROM `wei_product` ORDER BY id desc  [ RunTime:0.000650s ]
INFO: [ view_parse ] --START--
INFO: [ template_filter ] --START--
INFO: Run Behavior\ContentReplaceBehavior [ RunTime:0.000054s ]
INFO: [ template_filter ] --END-- [ RunTime:0.000116s ]
NOTIC: [8] Undefined variable: clientip D:\weizhan\App\Runtime\Cache\Product\b69b7bc7eee18ee23371e39f02f797ef.php 第 16 行.
INFO: Run Behavior\ParseTemplateBehavior [ RunTime:0.007281s ]
INFO: [ view_parse ] --END-- [ RunTime:0.007345s ]
INFO: [ view_filter ] --START--
INFO: Run Behavior\WriteHtmlCacheBehavior [ RunTime:0.000271s ]
INFO: [ view_filter ] --END-- [ RunTime:0.000311s ]
INFO: [ app_end ] --START--
INFO: Run Behavior\ShowPageTraceBehavior [ RunTime:0.000505s ]
INFO: [ app_end ] --END-- [ RunTime:0.000552s ]

[ 2015-04-07T19:00:58+08:00 ] 192.168.1.102 /index.php/Product/Product/lst?callback=success_jsonpCallback&_=1428404463210
INFO: [ app_begin ] --START--
INFO: Run Behavior\ReadHtmlCacheBehavior [ RunTime:0.000743s ]
INFO: [ app_begin ] --END-- [ RunTime:0.001201s ]
NOTIC: [8] A session had already been started - ignoring session_start() D:\weizhan\App\Home\Controller\BaseController.class.php 第 13 行.
NOTIC: [2048] Declaration of Product\Model\ProductModel::_after_insert() should be compatible with that of Think\Model::_after_insert() D:\weizhan\App\Product\Model\ProductModel.class.php 第 5 行.
SQL: SHOW COLUMNS FROM `wei_product` [ RunTime:0.004401s ]
SQL: SELECT * FROM `wei_product` ORDER BY id desc  [ RunTime:0.000673s ]
INFO: [ view_parse ] --START--
INFO: [ template_filter ] --START--
INFO: Run Behavior\ContentReplaceBehavior [ RunTime:0.000048s ]
INFO: [ template_filter ] --END-- [ RunTime:0.000093s ]
NOTIC: [8] Undefined variable: clientip D:\weizhan\App\Runtime\Cache\Product\b69b7bc7eee18ee23371e39f02f797ef.php 第 16 行.
INFO: Run Behavior\ParseTemplateBehavior [ RunTime:0.005452s ]
INFO: [ view_parse ] --END-- [ RunTime:0.005502s ]
INFO: [ view_filter ] --START--
INFO: Run Behavior\WriteHtmlCacheBehavior [ RunTime:0.000293s ]
INFO: [ view_filter ] --END-- [ RunTime:0.000332s ]
INFO: [ app_end ] --START--
INFO: Run Behavior\ShowPageTraceBehavior [ RunTime:0.000538s ]
INFO: [ app_end ] --END-- [ RunTime:0.000579s ]

[ 2015-04-07T20:38:35+08:00 ] 192.168.1.122 /
INFO: [ app_begin ] --START--
INFO: Run Behavior\ReadHtmlCacheBehavior [ RunTime:0.001921s ]
INFO: [ app_begin ] --END-- [ RunTime:0.003426s ]
NOTIC: [8] A session had already been started - ignoring session_start() D:\weizhan\App\Home\Controller\BaseController.class.php 第 13 行.

[ 2015-04-07T20:38:35+08:00 ] 192.168.1.122 /index.php/Home/Login/login.html
INFO: [ app_begin ] --START--
INFO: Run Behavior\ReadHtmlCacheBehavior [ RunTime:0.000809s ]
INFO: [ app_begin ] --END-- [ RunTime:0.001310s ]
INFO: [ view_parse ] --START--
INFO: [ template_filter ] --START--
INFO: Run Behavior\ContentReplaceBehavior [ RunTime:0.000072s ]
INFO: [ template_filter ] --END-- [ RunTime:0.000171s ]
INFO: Run Behavior\ParseTemplateBehavior [ RunTime:0.008011s ]
INFO: [ view_parse ] --END-- [ RunTime:0.008101s ]
INFO: [ view_filter ] --START--
INFO: Run Behavior\WriteHtmlCacheBehavior [ RunTime:0.000523s ]
INFO: [ view_filter ] --END-- [ RunTime:0.000669s ]
INFO: [ app_end ] --START--
INFO: Run Behavior\ShowPageTraceBehavior [ RunTime:0.001520s ]
INFO: [ app_end ] --END-- [ RunTime:0.001699s ]

[ 2015-04-07T20:38:48+08:00 ] 192.168.1.122 /index.php/Home/Login/login
INFO: [ app_begin ] --START--
INFO: Run Behavior\ReadHtmlCacheBehavior [ RunTime:0.001087s ]
INFO: [ app_begin ] --END-- [ RunTime:0.001768s ]
SQL: SHOW COLUMNS FROM `wei_member` [ RunTime:0.004020s ]
SQL: SELECT * FROM `wei_member` WHERE ( mobile='1' ) LIMIT 1   [ RunTime:0.000628s ]
INFO: [ view_parse ] --START--
INFO: [ template_filter ] --START--
INFO: Run Behavior\ContentReplaceBehavior [ RunTime:0.000041s ]
INFO: [ template_filter ] --END-- [ RunTime:0.000119s ]
INFO: Run Behavior\ParseTemplateBehavior [ RunTime:0.005709s ]
INFO: [ view_parse ] --END-- [ RunTime:0.005776s ]
INFO: [ view_filter ] --START--
INFO: Run Behavior\WriteHtmlCacheBehavior [ RunTime:0.000336s ]
INFO: [ view_filter ] --END-- [ RunTime:0.000388s ]

[ 2015-04-07T20:38:50+08:00 ] 192.168.1.122 /index.php/Home/Index/index.html
INFO: [ app_begin ] --START--
INFO: Run Behavior\ReadHtmlCacheBehavior [ RunTime:0.001058s ]
INFO: [ app_begin ] --END-- [ RunTime:0.001770s ]
NOTIC: [8] A session had already been started - ignoring session_start() D:\weizhan\App\Home\Controller\BaseController.class.php 第 13 行.
SQL: SHOW COLUMNS FROM `wei_member` [ RunTime:0.004011s ]
SQL: SELECT * FROM `wei_member` WHERE ( id='4' ) LIMIT 1   [ RunTime:0.000594s ]
INFO: [ view_parse ] --START--
INFO: [ template_filter ] --START--
INFO: Run Behavior\ContentReplaceBehavior [ RunTime:0.000128s ]
INFO: [ template_filter ] --END-- [ RunTime:0.000197s ]
INFO: Run Behavior\ParseTemplateBehavior [ RunTime:0.008600s ]
INFO: [ view_parse ] --END-- [ RunTime:0.008667s ]
INFO: [ view_filter ] --START--
INFO: Run Behavior\WriteHtmlCacheBehavior [ RunTime:0.000351s ]
INFO: [ view_filter ] --END-- [ RunTime:0.000394s ]
INFO: [ app_end ] --START--
INFO: Run Behavior\ShowPageTraceBehavior [ RunTime:0.000685s ]
INFO: [ app_end ] --END-- [ RunTime:0.000741s ]

[ 2015-04-07T20:38:55+08:00 ] 192.168.1.122 /index.php/Home/Member/lst
INFO: [ app_begin ] --START--
INFO: Run Behavior\ReadHtmlCacheBehavior [ RunTime:0.000940s ]
INFO: [ app_begin ] --END-- [ RunTime:0.001546s ]
SQL: SHOW COLUMNS FROM `wei_member` [ RunTime:0.003804s ]
SQL: SELECT * FROM `wei_member` WHERE ( id='4' ) LIMIT 1   [ RunTime:0.000514s ]
INFO: [ view_parse ] --START--
INFO: [ template_filter ] --START--
INFO: Run Behavior\ContentReplaceBehavior [ RunTime:0.000065s ]
INFO: [ template_filter ] --END-- [ RunTime:0.000135s ]
INFO: Run Behavior\ParseTemplateBehavior [ RunTime:0.006537s ]
INFO: [ view_parse ] --END-- [ RunTime:0.006600s ]
INFO: [ view_filter ] --START--
INFO: Run Behavior\WriteHtmlCacheBehavior [ RunTime:0.000377s ]
INFO: [ view_filter ] --END-- [ RunTime:0.000421s ]
INFO: [ app_end ] --START--
INFO: Run Behavior\ShowPageTraceBehavior [ RunTime:0.000589s ]
INFO: [ app_end ] --END-- [ RunTime:0.000643s ]

[ 2015-04-07T20:39:05+08:00 ] 192.168.1.122 /index.php/Home/Member/edit?id=4
INFO: [ app_begin ] --START--
INFO: Run Behavior\ReadHtmlCacheBehavior [ RunTime:0.000650s ]
INFO: [ app_begin ] --END-- [ RunTime:0.001127s ]
SQL: SHOW COLUMNS FROM `wei_member` [ RunTime:0.003129s ]
SQL: select * from `wei_member` where id = 4 [ RunTime:0.000598s ]
INFO: [ view_parse ] --START--
INFO: [ template_filter ] --START--
INFO: Run Behavior\ContentReplaceBehavior [ RunTime:0.000128s ]
INFO: [ template_filter ] --END-- [ RunTime:0.000195s ]
NOTIC: [8] Undefined variable: info D:\weizhan\App\Runtime\Cache\Home\24a8b027f7b82f7a6e9d68d5445e7517.php 第 220 行.
INFO: Run Behavior\ParseTemplateBehavior [ RunTime:0.010015s ]
INFO: [ view_parse ] --END-- [ RunTime:0.010077s ]
INFO: [ view_filter ] --START--
INFO: Run Behavior\WriteHtmlCacheBehavior [ RunTime:0.000300s ]
INFO: [ view_filter ] --END-- [ RunTime:0.000344s ]
INFO: [ app_end ] --START--
INFO: Run Behavior\ShowPageTraceBehavior [ RunTime:0.000511s ]
INFO: [ app_end ] --END-- [ RunTime:0.000565s ]

[ 2015-04-07T20:39:07+08:00 ] 192.168.1.122 /index.php/Home/Member/editpsw?id=4
INFO: [ app_begin ] --START--
INFO: Run Behavior\ReadHtmlCacheBehavior [ RunTime:0.000564s ]
INFO: [ app_begin ] --END-- [ RunTime:0.000993s ]
INFO: [ view_parse ] --START--
INFO: [ template_filter ] --START--
INFO: Run Behavior\ContentReplaceBehavior [ RunTime:0.000093s ]
INFO: [ template_filter ] --END-- [ RunTime:0.000147s ]
NOTIC: [8] Undefined variable: info D:\weizhan\App\Runtime\Cache\Home\673a3df7b642943819935a9beddb31c2.php 第 124 行.
INFO: Run Behavior\ParseTemplateBehavior [ RunTime:0.006643s ]
INFO: [ view_parse ] --END-- [ RunTime:0.006694s ]
INFO: [ view_filter ] --START--
INFO: Run Behavior\WriteHtmlCacheBehavior [ RunTime:0.000342s ]
INFO: [ view_filter ] --END-- [ RunTime:0.000385s ]
INFO: [ app_end ] --START--
INFO: Run Behavior\ShowPageTraceBehavior [ RunTime:0.000590s ]
INFO: [ app_end ] --END-- [ RunTime:0.000645s ]

[ 2015-04-07T20:39:17+08:00 ] 192.168.1.122 /
INFO: [ app_begin ] --START--
INFO: Run Behavior\ReadHtmlCacheBehavior [ RunTime:0.001470s ]
INFO: [ app_begin ] --END-- [ RunTime:0.002538s ]
NOTIC: [8] A session had already been started - ignoring session_start() D:\weizhan\App\Home\Controller\BaseController.class.php 第 13 行.
SQL: SHOW COLUMNS FROM `wei_member` [ RunTime:0.005045s ]
SQL: SELECT * FROM `wei_member` WHERE ( id='4' ) LIMIT 1   [ RunTime:0.000739s ]
INFO: [ view_parse ] --START--
INFO: [ template_filter ] --START--
INFO: Run Behavior\ContentReplaceBehavior [ RunTime:0.000121s ]
INFO: [ template_filter ] --END-- [ RunTime:0.000189s ]
INFO: Run Behavior\ParseTemplateBehavior [ RunTime:0.011582s ]
INFO: [ view_parse ] --END-- [ RunTime:0.011645s ]
INFO: [ view_filter ] --START--
INFO: Run Behavior\WriteHtmlCacheBehavior [ RunTime:0.000356s ]
INFO: [ view_filter ] --END-- [ RunTime:0.000401s ]
INFO: [ app_end ] --START--
INFO: Run Behavior\ShowPageTraceBehavior [ RunTime:0.000615s ]
INFO: [ app_end ] --END-- [ RunTime:0.000679s ]

[ 2015-04-07T20:40:28+08:00 ] 192.168.1.122 /
INFO: [ app_begin ] --START--
INFO: Run Behavior\ReadHtmlCacheBehavior [ RunTime:0.001046s ]
INFO: [ app_begin ] --END-- [ RunTime:0.001648s ]
NOTIC: [8] A session had already been started - ignoring session_start() D:\weizhan\App\Home\Controller\BaseController.class.php 第 13 行.
SQL: SHOW COLUMNS FROM `wei_member` [ RunTime:0.004627s ]
SQL: SELECT * FROM `wei_member` WHERE ( id='4' ) LIMIT 1   [ RunTime:0.000713s ]
INFO: [ view_parse ] --START--
INFO: [ template_filter ] --START--
INFO: Run Behavior\ContentReplaceBehavior [ RunTime:0.000150s ]
INFO: [ template_filter ] --END-- [ RunTime:0.000225s ]
INFO: Run Behavior\ParseTemplateBehavior [ RunTime:0.013186s ]
INFO: [ view_parse ] --END-- [ RunTime:0.013261s ]
INFO: [ view_filter ] --START--
INFO: Run Behavior\WriteHtmlCacheBehavior [ RunTime:0.000403s ]
INFO: [ view_filter ] --END-- [ RunTime:0.000454s ]
INFO: [ app_end ] --START--
INFO: Run Behavior\ShowPageTraceBehavior [ RunTime:0.000636s ]
INFO: [ app_end ] --END-- [ RunTime:0.000690s ]

[ 2015-04-07T20:40:32+08:00 ] 192.168.1.122 /index.php/Home/Member/lst
INFO: [ app_begin ] --START--
INFO: Run Behavior\ReadHtmlCacheBehavior [ RunTime:0.001502s ]
INFO: [ app_begin ] --END-- [ RunTime:0.002479s ]
SQL: SHOW COLUMNS FROM `wei_member` [ RunTime:0.004611s ]
SQL: SELECT * FROM `wei_member` WHERE ( id='4' ) LIMIT 1   [ RunTime:0.000748s ]
INFO: [ view_parse ] --START--
INFO: [ template_filter ] --START--
INFO: Run Behavior\ContentReplaceBehavior [ RunTime:0.000078s ]
INFO: [ template_filter ] --END-- [ RunTime:0.000171s ]
INFO: Run Behavior\ParseTemplateBehavior [ RunTime:0.009062s ]
INFO: [ view_parse ] --END-- [ RunTime:0.009186s ]
INFO: [ view_filter ] --START--
INFO: Run Behavior\WriteHtmlCacheBehavior [ RunTime:0.000530s ]
INFO: [ view_filter ] --END-- [ RunTime:0.000602s ]
INFO: [ app_end ] --START--
INFO: Run Behavior\ShowPageTraceBehavior [ RunTime:0.000891s ]
INFO: [ app_end ] --END-- [ RunTime:0.000965s ]

[ 2015-04-07T20:40:38+08:00 ] 192.168.1.122 /
INFO: [ app_begin ] --START--
INFO: Run Behavior\ReadHtmlCacheBehavior [ RunTime:0.000585s ]
INFO: [ app_begin ] --END-- [ RunTime:0.000958s ]
NOTIC: [8] A session had already been started - ignoring session_start() D:\weizhan\App\Home\Controller\BaseController.class.php 第 13 行.
SQL: SHOW COLUMNS FROM `wei_member` [ RunTime:0.003826s ]
SQL: SELECT * FROM `wei_member` WHERE ( id='4' ) LIMIT 1   [ RunTime:0.000544s ]
INFO: [ view_parse ] --START--
INFO: [ template_filter ] --START--
INFO: Run Behavior\ContentReplaceBehavior [ RunTime:0.000106s ]
INFO: [ template_filter ] --END-- [ RunTime:0.000162s ]
INFO: Run Behavior\ParseTemplateBehavior [ RunTime:0.007959s ]
INFO: [ view_parse ] --END-- [ RunTime:0.008070s ]
INFO: [ view_filter ] --START--
INFO: Run Behavior\WriteHtmlCacheBehavior [ RunTime:0.001176s ]
INFO: [ view_filter ] --END-- [ RunTime:0.001222s ]
INFO: [ app_end ] --START--
INFO: Run Behavior\ShowPageTraceBehavior [ RunTime:0.000615s ]
INFO: [ app_end ] --END-- [ RunTime:0.000685s ]

[ 2015-04-07T20:40:44+08:00 ] 192.168.1.122 /index.php/Product/Product/lst?callback=success_jsonpCallback&_=1428410460658
INFO: [ app_begin ] --START--
INFO: Run Behavior\ReadHtmlCacheBehavior [ RunTime:0.000495s ]
INFO: [ app_begin ] --END-- [ RunTime:0.000828s ]
NOTIC: [8] A session had already been started - ignoring session_start() D:\weizhan\App\Home\Controller\BaseController.class.php 第 13 行.
NOTIC: [2048] Declaration of Product\Model\ProductModel::_after_insert() should be compatible with that of Think\Model::_after_insert() D:\weizhan\App\Product\Model\ProductModel.class.php 第 5 行.
SQL: SHOW COLUMNS FROM `wei_product` [ RunTime:0.003398s ]
SQL: SELECT * FROM `wei_product` ORDER BY id desc  [ RunTime:0.000493s ]
INFO: [ view_parse ] --START--
INFO: [ template_filter ] --START--
INFO: Run Behavior\ContentReplaceBehavior [ RunTime:0.000049s ]
INFO: [ template_filter ] --END-- [ RunTime:0.000094s ]
NOTIC: [8] Undefined variable: clientip D:\weizhan\App\Runtime\Cache\Product\b69b7bc7eee18ee23371e39f02f797ef.php 第 16 行.
INFO: Run Behavior\ParseTemplateBehavior [ RunTime:0.005623s ]
INFO: [ view_parse ] --END-- [ RunTime:0.005697s ]
INFO: [ view_filter ] --START--
INFO: Run Behavior\WriteHtmlCacheBehavior [ RunTime:0.000592s ]
INFO: [ view_filter ] --END-- [ RunTime:0.000665s ]
INFO: [ app_end ] --START--
INFO: Run Behavior\ShowPageTraceBehavior [ RunTime:0.000614s ]
INFO: [ app_end ] --END-- [ RunTime:0.000670s ]

[ 2015-04-07T20:40:56+08:00 ] 192.168.1.122 /index.php/Product/Product/lst?callback=success_jsonpCallback&_=1428410472366
INFO: [ app_begin ] --START--
INFO: Run Behavior\ReadHtmlCacheBehavior [ RunTime:0.001789s ]
INFO: [ app_begin ] --END-- [ RunTime:0.003428s ]
NOTIC: [8] A session had already been started - ignoring session_start() D:\weizhan\App\Home\Controller\BaseController.class.php 第 13 行.
NOTIC: [2048] Declaration of Product\Model\ProductModel::_after_insert() should be compatible with that of Think\Model::_after_insert() D:\weizhan\App\Product\Model\ProductModel.class.php 第 5 行.
SQL: SHOW COLUMNS FROM `wei_product` [ RunTime:0.005124s ]
SQL: SELECT * FROM `wei_product` ORDER BY id desc  [ RunTime:0.000668s ]
INFO: [ view_parse ] --START--
INFO: [ template_filter ] --START--
INFO: Run Behavior\ContentReplaceBehavior [ RunTime:0.000076s ]
INFO: [ template_filter ] --END-- [ RunTime:0.000151s ]
NOTIC: [8] Undefined variable: clientip D:\weizhan\App\Runtime\Cache\Product\b69b7bc7eee18ee23371e39f02f797ef.php 第 16 行.
INFO: Run Behavior\ParseTemplateBehavior [ RunTime:0.009107s ]
INFO: [ view_parse ] --END-- [ RunTime:0.009197s ]
INFO: [ view_filter ] --START--
INFO: Run Behavior\WriteHtmlCacheBehavior [ RunTime:0.000392s ]
INFO: [ view_filter ] --END-- [ RunTime:0.000438s ]
INFO: [ app_end ] --START--
INFO: Run Behavior\ShowPageTraceBehavior [ RunTime:0.000625s ]
INFO: [ app_end ] --END-- [ RunTime:0.000673s ]

[ 2015-04-07T20:41:00+08:00 ] 192.168.1.122 /index.php/Product/Product/lst?callback=success_jsonpCallback&_=1428410475968
INFO: [ app_begin ] --START--
INFO: Run Behavior\ReadHtmlCacheBehavior [ RunTime:0.000562s ]
INFO: [ app_begin ] --END-- [ RunTime:0.001141s ]
NOTIC: [8] A session had already been started - ignoring session_start() D:\weizhan\App\Home\Controller\BaseController.class.php 第 13 行.
NOTIC: [2048] Declaration of Product\Model\ProductModel::_after_insert() should be compatible with that of Think\Model::_after_insert() D:\weizhan\App\Product\Model\ProductModel.class.php 第 5 行.
SQL: SHOW COLUMNS FROM `wei_product` [ RunTime:0.003504s ]
SQL: SELECT * FROM `wei_product` ORDER BY id desc  [ RunTime:0.000531s ]
INFO: [ view_parse ] --START--
INFO: [ template_filter ] --START--
INFO: Run Behavior\ContentReplaceBehavior [ RunTime:0.000050s ]
INFO: [ template_filter ] --END-- [ RunTime:0.000098s ]
NOTIC: [8] Undefined variable: clientip D:\weizhan\App\Runtime\Cache\Product\b69b7bc7eee18ee23371e39f02f797ef.php 第 16 行.
INFO: Run Behavior\ParseTemplateBehavior [ RunTime:0.005504s ]
INFO: [ view_parse ] --END-- [ RunTime:0.005553s ]
INFO: [ view_filter ] --START--
INFO: Run Behavior\WriteHtmlCacheBehavior [ RunTime:0.000345s ]
INFO: [ view_filter ] --END-- [ RunTime:0.000384s ]
INFO: [ app_end ] --START--
INFO: Run Behavior\ShowPageTraceBehavior [ RunTime:0.000568s ]
INFO: [ app_end ] --END-- [ RunTime:0.000613s ]

[ 2015-04-07T20:41:48+08:00 ] 192.168.1.101 /
INFO: [ app_begin ] --START--
INFO: Run Behavior\ReadHtmlCacheBehavior [ RunTime:0.000598s ]
INFO: [ app_begin ] --END-- [ RunTime:0.000986s ]
NOTIC: [8] A session had already been started - ignoring session_start() D:\weizhan\App\Home\Controller\BaseController.class.php 第 13 行.

[ 2015-04-07T20:41:48+08:00 ] 192.168.1.101 /index.php/Home/Login/login.html
INFO: [ app_begin ] --START--
INFO: Run Behavior\ReadHtmlCacheBehavior [ RunTime:0.000561s ]
INFO: [ app_begin ] --END-- [ RunTime:0.001167s ]
INFO: [ view_parse ] --START--
INFO: [ template_filter ] --START--
INFO: Run Behavior\ContentReplaceBehavior [ RunTime:0.000044s ]
INFO: [ template_filter ] --END-- [ RunTime:0.000111s ]
INFO: Run Behavior\ParseTemplateBehavior [ RunTime:0.005485s ]
INFO: [ view_parse ] --END-- [ RunTime:0.005549s ]
INFO: [ view_filter ] --START--
INFO: Run Behavior\WriteHtmlCacheBehavior [ RunTime:0.000352s ]
INFO: [ view_filter ] --END-- [ RunTime:0.000404s ]
INFO: [ app_end ] --START--
INFO: Run Behavior\ShowPageTraceBehavior [ RunTime:0.000537s ]
INFO: [ app_end ] --END-- [ RunTime:0.000581s ]

[ 2015-04-07T20:42:01+08:00 ] 192.168.1.101 /index.php/Home/Login/login
INFO: [ app_begin ] --START--
INFO: Run Behavior\ReadHtmlCacheBehavior [ RunTime:0.001047s ]
INFO: [ app_begin ] --END-- [ RunTime:0.001743s ]
SQL: SHOW COLUMNS FROM `wei_member` [ RunTime:0.003831s ]
SQL: SELECT * FROM `wei_member` WHERE ( mobile='1336644566' ) LIMIT 1   [ RunTime:0.000585s ]
INFO: [ view_parse ] --START--
INFO: [ template_filter ] --START--
INFO: Run Behavior\ContentReplaceBehavior [ RunTime:0.000036s ]
INFO: [ template_filter ] --END-- [ RunTime:0.000093s ]
INFO: Run Behavior\ParseTemplateBehavior [ RunTime:0.005687s ]
INFO: [ view_parse ] --END-- [ RunTime:0.005750s ]
INFO: [ view_filter ] --START--
INFO: Run Behavior\WriteHtmlCacheBehavior [ RunTime:0.000344s ]
INFO: [ view_filter ] --END-- [ RunTime:0.000386s ]

[ 2015-04-07T20:42:13+08:00 ] 192.168.1.101 /index.php/Home/Login/login
INFO: [ app_begin ] --START--
INFO: Run Behavior\ReadHtmlCacheBehavior [ RunTime:0.000828s ]
INFO: [ app_begin ] --END-- [ RunTime:0.001410s ]
SQL: SHOW COLUMNS FROM `wei_member` [ RunTime:0.004130s ]
SQL: SELECT * FROM `wei_member` WHERE ( mobile='13366644566' ) LIMIT 1   [ RunTime:0.000631s ]
INFO: [ view_parse ] --START--
INFO: [ template_filter ] --START--
INFO: Run Behavior\ContentReplaceBehavior [ RunTime:0.000039s ]
INFO: [ template_filter ] --END-- [ RunTime:0.000097s ]
INFO: Run Behavior\ParseTemplateBehavior [ RunTime:0.005007s ]
INFO: [ view_parse ] --END-- [ RunTime:0.005061s ]
INFO: [ view_filter ] --START--
INFO: Run Behavior\WriteHtmlCacheBehavior [ RunTime:0.000283s ]
INFO: [ view_filter ] --END-- [ RunTime:0.000326s ]

[ 2015-04-07T20:42:14+08:00 ] 192.168.1.101 /index.php/Home/Index/index.html
INFO: [ app_begin ] --START--
INFO: Run Behavior\ReadHtmlCacheBehavior [ RunTime:0.000568s ]
INFO: [ app_begin ] --END-- [ RunTime:0.001014s ]
NOTIC: [8] A session had already been started - ignoring session_start() D:\weizhan\App\Home\Controller\BaseController.class.php 第 13 行.
SQL: SHOW COLUMNS FROM `wei_member` [ RunTime:0.003579s ]
SQL: SELECT * FROM `wei_member` WHERE ( id='2' ) LIMIT 1   [ RunTime:0.000521s ]
INFO: [ view_parse ] --START--
INFO: [ template_filter ] --START--
INFO: Run Behavior\ContentReplaceBehavior [ RunTime:0.000132s ]
INFO: [ template_filter ] --END-- [ RunTime:0.000202s ]
INFO: Run Behavior\ParseTemplateBehavior [ RunTime:0.008679s ]
INFO: [ view_parse ] --END-- [ RunTime:0.008769s ]
INFO: [ view_filter ] --START--
INFO: Run Behavior\WriteHtmlCacheBehavior [ RunTime:0.000477s ]
INFO: [ view_filter ] --END-- [ RunTime:0.000539s ]
INFO: [ app_end ] --START--
INFO: Run Behavior\ShowPageTraceBehavior [ RunTime:0.000720s ]
INFO: [ app_end ] --END-- [ RunTime:0.000784s ]

[ 2015-04-07T20:43:18+08:00 ] 192.168.1.122 /
INFO: [ app_begin ] --START--
INFO: Run Behavior\ReadHtmlCacheBehavior [ RunTime:0.001054s ]
INFO: [ app_begin ] --END-- [ RunTime:0.001876s ]
NOTIC: [8] A session had already been started - ignoring session_start() D:\weizhan\App\Home\Controller\BaseController.class.php 第 13 行.
SQL: SHOW COLUMNS FROM `wei_member` [ RunTime:0.004130s ]
SQL: SELECT * FROM `wei_member` WHERE ( id='4' ) LIMIT 1   [ RunTime:0.000503s ]
INFO: [ view_parse ] --START--
INFO: [ template_filter ] --START--
INFO: Run Behavior\ContentReplaceBehavior [ RunTime:0.000103s ]
INFO: [ template_filter ] --END-- [ RunTime:0.000156s ]
INFO: Run Behavior\ParseTemplateBehavior [ RunTime:0.034705s ]
INFO: [ view_parse ] --END-- [ RunTime:0.034793s ]
INFO: [ view_filter ] --START--
INFO: Run Behavior\WriteHtmlCacheBehavior [ RunTime:0.000389s ]
INFO: [ view_filter ] --END-- [ RunTime:0.000450s ]
INFO: [ app_end ] --START--
INFO: Run Behavior\ShowPageTraceBehavior [ RunTime:0.000541s ]
INFO: [ app_end ] --END-- [ RunTime:0.000601s ]

[ 2015-04-07T20:43:21+08:00 ] 192.168.1.122 /index.php/Home/Login/logout
INFO: [ app_begin ] --START--
INFO: Run Behavior\ReadHtmlCacheBehavior [ RunTime:0.000393s ]
INFO: [ app_begin ] --END-- [ RunTime:0.000689s ]

[ 2015-04-07T20:43:21+08:00 ] 192.168.1.122 /index.php/Home/Login/login.html
INFO: [ app_begin ] --START--
INFO: Run Behavior\ReadHtmlCacheBehavior [ RunTime:0.000396s ]
INFO: [ app_begin ] --END-- [ RunTime:0.000679s ]
INFO: [ view_parse ] --START--
INFO: [ template_filter ] --START--
INFO: Run Behavior\ContentReplaceBehavior [ RunTime:0.000048s ]
INFO: [ template_filter ] --END-- [ RunTime:0.000109s ]
INFO: Run Behavior\ParseTemplateBehavior [ RunTime:0.004728s ]
INFO: [ view_parse ] --END-- [ RunTime:0.004784s ]
INFO: [ view_filter ] --START--
INFO: Run Behavior\WriteHtmlCacheBehavior [ RunTime:0.000242s ]
INFO: [ view_filter ] --END-- [ RunTime:0.000285s ]
INFO: [ app_end ] --START--
INFO: Run Behavior\ShowPageTraceBehavior [ RunTime:0.000454s ]
INFO: [ app_end ] --END-- [ RunTime:0.000498s ]

[ 2015-04-07T20:43:28+08:00 ] 192.168.1.122 /index.php/Home/Login/login
INFO: [ app_begin ] --START--
INFO: Run Behavior\ReadHtmlCacheBehavior [ RunTime:0.001068s ]
INFO: [ app_begin ] --END-- [ RunTime:0.001884s ]
SQL: SHOW COLUMNS FROM `wei_member` [ RunTime:0.003438s ]
SQL: SELECT * FROM `wei_member` WHERE ( mobile='1' ) LIMIT 1   [ RunTime:0.000680s ]
INFO: [ view_parse ] --START--
INFO: [ template_filter ] --START--
INFO: Run Behavior\ContentReplaceBehavior [ RunTime:0.000036s ]
INFO: [ template_filter ] --END-- [ RunTime:0.000094s ]
INFO: Run Behavior\ParseTemplateBehavior [ RunTime:0.005076s ]
INFO: [ view_parse ] --END-- [ RunTime:0.005130s ]
INFO: [ view_filter ] --START--
INFO: Run Behavior\WriteHtmlCacheBehavior [ RunTime:0.000342s ]
INFO: [ view_filter ] --END-- [ RunTime:0.000398s ]

[ 2015-04-07T20:43:29+08:00 ] 192.168.1.122 /index.php/Home/Index/index.html
INFO: [ app_begin ] --START--
INFO: Run Behavior\ReadHtmlCacheBehavior [ RunTime:0.000810s ]
INFO: [ app_begin ] --END-- [ RunTime:0.001447s ]
NOTIC: [8] A session had already been started - ignoring session_start() D:\weizhan\App\Home\Controller\BaseController.class.php 第 13 行.
SQL: SHOW COLUMNS FROM `wei_member` [ RunTime:0.004298s ]
SQL: SELECT * FROM `wei_member` WHERE ( id='4' ) LIMIT 1   [ RunTime:0.000569s ]
INFO: [ view_parse ] --START--
INFO: [ template_filter ] --START--
INFO: Run Behavior\ContentReplaceBehavior [ RunTime:0.000122s ]
INFO: [ template_filter ] --END-- [ RunTime:0.000185s ]
INFO: Run Behavior\ParseTemplateBehavior [ RunTime:0.008884s ]
INFO: [ view_parse ] --END-- [ RunTime:0.008953s ]
INFO: [ view_filter ] --START--
INFO: Run Behavior\WriteHtmlCacheBehavior [ RunTime:0.000407s ]
INFO: [ view_filter ] --END-- [ RunTime:0.000464s ]
INFO: [ app_end ] --START--
INFO: Run Behavior\ShowPageTraceBehavior [ RunTime:0.000597s ]
INFO: [ app_end ] --END-- [ RunTime:0.000673s ]

[ 2015-04-07T20:45:39+08:00 ] 192.168.1.122 /
INFO: [ app_begin ] --START--
INFO: Run Behavior\ReadHtmlCacheBehavior [ RunTime:0.001126s ]
INFO: [ app_begin ] --END-- [ RunTime:0.001855s ]
NOTIC: [8] A session had already been started - ignoring session_start() D:\weizhan\App\Home\Controller\BaseController.class.php 第 13 行.
SQL: SHOW COLUMNS FROM `wei_member` [ RunTime:0.003650s ]
SQL: SELECT * FROM `wei_member` WHERE ( id='4' ) LIMIT 1   [ RunTime:0.000736s ]
INFO: [ view_parse ] --START--
INFO: [ template_filter ] --START--
INFO: Run Behavior\ContentReplaceBehavior [ RunTime:0.000171s ]
INFO: [ template_filter ] --END-- [ RunTime:0.000260s ]
INFO: Run Behavior\ParseTemplateBehavior [ RunTime:0.008717s ]
INFO: [ view_parse ] --END-- [ RunTime:0.008772s ]
INFO: [ view_filter ] --START--
INFO: Run Behavior\WriteHtmlCacheBehavior [ RunTime:0.000344s ]
INFO: [ view_filter ] --END-- [ RunTime:0.000397s ]
INFO: [ app_end ] --START--
INFO: Run Behavior\ShowPageTraceBehavior [ RunTime:0.000607s ]
INFO: [ app_end ] --END-- [ RunTime:0.000669s ]

[ 2015-04-07T20:45:43+08:00 ] 192.168.1.122 /index.php/Company/Company/js/menu.js
ERR: 非法操作:js

[ 2015-04-07T20:46:42+08:00 ] 192.168.1.122 /index.php/Company/Company/js/menu.js
ERR: 非法操作:js

[ 2015-04-07T20:46:59+08:00 ] 192.168.1.122 /index.php/Company/Company/js/menu.js
ERR: 非法操作:js

[ 2015-04-07T20:49:03+08:00 ] 192.168.1.122 /index.php/Company/Company/js/menu.js
ERR: 非法操作:js

[ 2015-04-07T20:49:07+08:00 ] 192.168.1.122 /index.php/Home/Member/edit?id=4
INFO: [ app_begin ] --START--
INFO: Run Behavior\ReadHtmlCacheBehavior [ RunTime:0.000705s ]
INFO: [ app_begin ] --END-- [ RunTime:0.001207s ]
SQL: SHOW COLUMNS FROM `wei_member` [ RunTime:0.003659s ]
SQL: select * from `wei_member` where id = 4 [ RunTime:0.000557s ]
INFO: [ view_parse ] --START--
INFO: [ template_filter ] --START--
INFO: Run Behavior\ContentReplaceBehavior [ RunTime:0.000117s ]
INFO: [ template_filter ] --END-- [ RunTime:0.000166s ]
NOTIC: [8] Undefined variable: info D:\weizhan\App\Runtime\Cache\Home\24a8b027f7b82f7a6e9d68d5445e7517.php 第 220 行.
INFO: Run Behavior\ParseTemplateBehavior [ RunTime:0.009514s ]
INFO: [ view_parse ] --END-- [ RunTime:0.009563s ]
INFO: [ view_filter ] --START--
INFO: Run Behavior\WriteHtmlCacheBehavior [ RunTime:0.000357s ]
INFO: [ view_filter ] --END-- [ RunTime:0.000403s ]
INFO: [ app_end ] --START--
INFO: Run Behavior\ShowPageTraceBehavior [ RunTime:0.000599s ]
INFO: [ app_end ] --END-- [ RunTime:0.000651s ]

[ 2015-04-07T20:50:08+08:00 ] 192.168.1.122 /
INFO: [ app_begin ] --START--
INFO: Run Behavior\ReadHtmlCacheBehavior [ RunTime:0.000469s ]
INFO: [ app_begin ] --END-- [ RunTime:0.000781s ]
NOTIC: [8] A session had already been started - ignoring session_start() D:\weizhan\App\Home\Controller\BaseController.class.php 第 13 行.
SQL: SHOW COLUMNS FROM `wei_member` [ RunTime:0.004525s ]
SQL: SELECT * FROM `wei_member` WHERE ( id='4' ) LIMIT 1   [ RunTime:0.000555s ]
INFO: [ view_parse ] --START--
INFO: [ template_filter ] --START--
INFO: Run Behavior\ContentReplaceBehavior [ RunTime:0.000114s ]
INFO: [ template_filter ] --END-- [ RunTime:0.000169s ]
INFO: Run Behavior\ParseTemplateBehavior [ RunTime:0.007959s ]
INFO: [ view_parse ] --END-- [ RunTime:0.008014s ]
INFO: [ view_filter ] --START--
INFO: Run Behavior\WriteHtmlCacheBehavior [ RunTime:0.000266s ]
INFO: [ view_filter ] --END-- [ RunTime:0.000309s ]
INFO: [ app_end ] --START--
INFO: Run Behavior\ShowPageTraceBehavior [ RunTime:0.000861s ]
INFO: [ app_end ] --END-- [ RunTime:0.000955s ]

[ 2015-04-07T20:50:47+08:00 ] 192.168.1.122 /
INFO: [ app_begin ] --START--
INFO: Run Behavior\ReadHtmlCacheBehavior [ RunTime:0.001144s ]
INFO: [ app_begin ] --END-- [ RunTime:0.001917s ]
NOTIC: [8] A session had already been started - ignoring session_start() D:\weizhan\App\Home\Controller\BaseController.class.php 第 13 行.
SQL: SHOW COLUMNS FROM `wei_member` [ RunTime:0.003304s ]
SQL: SELECT * FROM `wei_member` WHERE ( id='4' ) LIMIT 1   [ RunTime:0.000669s ]
INFO: [ view_parse ] --START--
INFO: [ template_filter ] --START--
INFO: Run Behavior\ContentReplaceBehavior [ RunTime:0.000102s ]
INFO: [ template_filter ] --END-- [ RunTime:0.000156s ]
INFO: Run Behavior\ParseTemplateBehavior [ RunTime:0.007772s ]
INFO: [ view_parse ] --END-- [ RunTime:0.007868s ]
INFO: [ view_filter ] --START--
INFO: Run Behavior\WriteHtmlCacheBehavior [ RunTime:0.000366s ]
INFO: [ view_filter ] --END-- [ RunTime:0.000409s ]
INFO: [ app_end ] --START--
INFO: Run Behavior\ShowPageTraceBehavior [ RunTime:0.000599s ]
INFO: [ app_end ] --END-- [ RunTime:0.000668s ]

[ 2015-04-07T20:50:53+08:00 ] 192.168.1.122 /index.php/Home/Member/lst
INFO: [ app_begin ] --START--
INFO: Run Behavior\ReadHtmlCacheBehavior [ RunTime:0.000569s ]
INFO: [ app_begin ] --END-- [ RunTime:0.000948s ]
SQL: SHOW COLUMNS FROM `wei_member` [ RunTime:0.004150s ]
SQL: SELECT * FROM `wei_member` WHERE ( id='4' ) LIMIT 1   [ RunTime:0.000571s ]
INFO: [ view_parse ] --START--
INFO: [ template_filter ] --START--
INFO: Run Behavior\ContentReplaceBehavior [ RunTime:0.000062s ]
INFO: [ template_filter ] --END-- [ RunTime:0.000135s ]
INFO: Run Behavior\ParseTemplateBehavior [ RunTime:0.005737s ]
INFO: [ view_parse ] --END-- [ RunTime:0.005803s ]
INFO: [ view_filter ] --START--
INFO: Run Behavior\WriteHtmlCacheBehavior [ RunTime:0.000353s ]
INFO: [ view_filter ] --END-- [ RunTime:0.000396s ]
INFO: [ app_end ] --START--
INFO: Run Behavior\ShowPageTraceBehavior [ RunTime:0.000572s ]
INFO: [ app_end ] --END-- [ RunTime:0.000615s ]

[ 2015-04-07T20:51:12+08:00 ] 192.168.1.122 /index.php/Home/Member/lst
INFO: [ app_begin ] --START--
INFO: Run Behavior\ReadHtmlCacheBehavior [ RunTime:0.001120s ]
INFO: [ app_begin ] --END-- [ RunTime:0.001865s ]
SQL: SHOW COLUMNS FROM `wei_member` [ RunTime:0.004017s ]
SQL: SELECT * FROM `wei_member` WHERE ( id='4' ) LIMIT 1   [ RunTime:0.000499s ]
INFO: [ view_parse ] --START--
INFO: [ template_filter ] --START--
INFO: Run Behavior\ContentReplaceBehavior [ RunTime:0.000047s ]
INFO: [ template_filter ] --END-- [ RunTime:0.000095s ]
INFO: Run Behavior\ParseTemplateBehavior [ RunTime:0.006123s ]
INFO: [ view_parse ] --END-- [ RunTime:0.006190s ]
INFO: [ view_filter ] --START--
INFO: Run Behavior\WriteHtmlCacheBehavior [ RunTime:0.000355s ]
INFO: [ view_filter ] --END-- [ RunTime:0.000407s ]
INFO: [ app_end ] --START--
INFO: Run Behavior\ShowPageTraceBehavior [ RunTime:0.000578s ]
INFO: [ app_end ] --END-- [ RunTime:0.000621s ]

[ 2015-04-07T20:51:24+08:00 ] 192.168.1.122 /index.php/Home/Member/edit?id=4
INFO: [ app_begin ] --START--
INFO: Run Behavior\ReadHtmlCacheBehavior [ RunTime:0.000818s ]
INFO: [ app_begin ] --END-- [ RunTime:0.001401s ]
SQL: SHOW COLUMNS FROM `wei_member` [ RunTime:0.004673s ]
SQL: select * from `wei_member` where id = 4 [ RunTime:0.000660s ]
INFO: [ view_parse ] --START--
INFO: [ template_filter ] --START--
INFO: Run Behavior\ContentReplaceBehavior [ RunTime:0.000147s ]
INFO: [ template_filter ] --END-- [ RunTime:0.000205s ]
NOTIC: [8] Undefined variable: info D:\weizhan\App\Runtime\Cache\Home\24a8b027f7b82f7a6e9d68d5445e7517.php 第 220 行.
INFO: Run Behavior\ParseTemplateBehavior [ RunTime:0.010986s ]
INFO: [ view_parse ] --END-- [ RunTime:0.011049s ]
INFO: [ view_filter ] --START--
INFO: Run Behavior\WriteHtmlCacheBehavior [ RunTime:0.000361s ]
INFO: [ view_filter ] --END-- [ RunTime:0.000406s ]
INFO: [ app_end ] --START--
INFO: Run Behavior\ShowPageTraceBehavior [ RunTime:0.000578s ]
INFO: [ app_end ] --END-- [ RunTime:0.000641s ]

[ 2015-04-07T20:51:33+08:00 ] 192.168.1.101 /index.php/Home/Member/edit?id=2
INFO: [ app_begin ] --START--
INFO: Run Behavior\ReadHtmlCacheBehavior [ RunTime:0.000856s ]
INFO: [ app_begin ] --END-- [ RunTime:0.001354s ]
SQL: SHOW COLUMNS FROM `wei_member` [ RunTime:0.003488s ]
SQL: select * from `wei_member` where id = 2 [ RunTime:0.000519s ]
INFO: [ view_parse ] --START--
INFO: [ template_filter ] --START--
INFO: Run Behavior\ContentReplaceBehavior [ RunTime:0.000116s ]
INFO: [ template_filter ] --END-- [ RunTime:0.000171s ]
NOTIC: [8] Undefined variable: info D:\weizhan\App\Runtime\Cache\Home\24a8b027f7b82f7a6e9d68d5445e7517.php 第 220 行.
INFO: Run Behavior\ParseTemplateBehavior [ RunTime:0.009797s ]
INFO: [ view_parse ] --END-- [ RunTime:0.009869s ]
INFO: [ view_filter ] --START--
INFO: Run Behavior\WriteHtmlCacheBehavior [ RunTime:0.000348s ]
INFO: [ view_filter ] --END-- [ RunTime:0.000391s ]
INFO: [ app_end ] --START--
INFO: Run Behavior\ShowPageTraceBehavior [ RunTime:0.000653s ]
INFO: [ app_end ] --END-- [ RunTime:0.000723s ]

[ 2015-04-07T20:51:36+08:00 ] 192.168.1.122 /index.php/Home/Member/edit?id=4
INFO: [ app_begin ] --START--
INFO: Run Behavior\ReadHtmlCacheBehavior [ RunTime:0.000509s ]
INFO: [ app_begin ] --END-- [ RunTime:0.000893s ]
SQL: SHOW COLUMNS FROM `wei_member` [ RunTime:0.003860s ]
SQL: select * from `wei_member` where id = 4 [ RunTime:0.000545s ]
INFO: [ view_parse ] --START--
INFO: [ template_filter ] --START--
INFO: Run Behavior\ContentReplaceBehavior [ RunTime:0.000119s ]
INFO: [ template_filter ] --END-- [ RunTime:0.000179s ]
NOTIC: [8] Undefined variable: info D:\weizhan\App\Runtime\Cache\Home\24a8b027f7b82f7a6e9d68d5445e7517.php 第 220 行.
INFO: Run Behavior\ParseTemplateBehavior [ RunTime:0.009780s ]
INFO: [ view_parse ] --END-- [ RunTime:0.009831s ]
INFO: [ view_filter ] --START--
INFO: Run Behavior\WriteHtmlCacheBehavior [ RunTime:0.000402s ]
INFO: [ view_filter ] --END-- [ RunTime:0.000450s ]
INFO: [ app_end ] --START--
INFO: Run Behavior\ShowPageTraceBehavior [ RunTime:0.000626s ]
INFO: [ app_end ] --END-- [ RunTime:0.000687s ]

[ 2015-04-07T20:52:52+08:00 ] 192.168.1.122 /
INFO: [ app_begin ] --START--
INFO: Run Behavior\ReadHtmlCacheBehavior [ RunTime:0.000797s ]
INFO: [ app_begin ] --END-- [ RunTime:0.001389s ]
NOTIC: [8] A session had already been started - ignoring session_start() D:\weizhan\App\Home\Controller\BaseController.class.php 第 13 行.
SQL: SHOW COLUMNS FROM `wei_member` [ RunTime:0.004265s ]
SQL: SELECT * FROM `wei_member` WHERE ( id='4' ) LIMIT 1   [ RunTime:0.000632s ]
INFO: [ view_parse ] --START--
INFO: [ template_filter ] --START--
INFO: Run Behavior\ContentReplaceBehavior [ RunTime:0.000255s ]
INFO: [ template_filter ] --END-- [ RunTime:0.000607s ]
INFO: Run Behavior\ParseTemplateBehavior [ RunTime:0.010722s ]
INFO: [ view_parse ] --END-- [ RunTime:0.010925s ]
INFO: [ view_filter ] --START--
INFO: Run Behavior\WriteHtmlCacheBehavior [ RunTime:0.000457s ]
INFO: [ view_filter ] --END-- [ RunTime:0.000518s ]
INFO: [ app_end ] --START--
INFO: Run Behavior\ShowPageTraceBehavior [ RunTime:0.000568s ]
INFO: [ app_end ] --END-- [ RunTime:0.000623s ]

