[ 2015-03-20T15:28:28+08:00 ] 192.168.1.106 /
INFO: [ app_init ] --START--
INFO: Run Behavior\BuildLiteBehavior [ RunTime:0.000042s ]
INFO: [ app_init ] --END-- [ RunTime:0.001550s ]
INFO: [ app_begin ] --START--
INFO: Run Behavior\ReadHtmlCacheBehavior [ RunTime:0.008164s ]
INFO: [ app_begin ] --END-- [ RunTime:0.008391s ]
NOTIC: [8] A session had already been started - ignoring session_start() D:\weizhan\App\Home\Controller\BaseController.class.php 第 13 行.

[ 2015-03-20T15:28:28+08:00 ] 192.168.1.106 /index.php/Home/Login/login.html
INFO: [ app_init ] --START--
INFO: Run Behavior\BuildLiteBehavior [ RunTime:0.000039s ]
INFO: [ app_init ] --END-- [ RunTime:0.001076s ]
INFO: [ app_begin ] --START--
INFO: Run Behavior\ReadHtmlCacheBehavior [ RunTime:0.001692s ]
INFO: [ app_begin ] --END-- [ RunTime:0.001880s ]
INFO: [ view_parse ] --START--
INFO: [ template_filter ] --START--
INFO: Run Behavior\ContentReplaceBehavior [ RunTime:0.000185s ]
INFO: [ template_filter ] --END-- [ RunTime:0.000413s ]
INFO: Run Behavior\ParseTemplateBehavior [ RunTime:0.037067s ]
INFO: [ view_parse ] --END-- [ RunTime:0.037523s ]
INFO: [ view_filter ] --START--
INFO: Run Behavior\WriteHtmlCacheBehavior [ RunTime:0.012016s ]
INFO: [ view_filter ] --END-- [ RunTime:0.012204s ]
INFO: [ app_end ] --START--
INFO: Run Behavior\ShowPageTraceBehavior [ RunTime:0.004276s ]
INFO: [ app_end ] --END-- [ RunTime:0.004505s ]

[ 2015-03-20T15:28:33+08:00 ] 192.168.1.106 /
INFO: [ app_init ] --START--
INFO: Run Behavior\BuildLiteBehavior [ RunTime:0.000042s ]
INFO: [ app_init ] --END-- [ RunTime:0.001316s ]
INFO: [ app_begin ] --START--
INFO: Run Behavior\ReadHtmlCacheBehavior [ RunTime:0.001807s ]
INFO: [ app_begin ] --END-- [ RunTime:0.001996s ]
NOTIC: [8] A session had already been started - ignoring session_start() D:\weizhan\App\Home\Controller\BaseController.class.php 第 13 行.

[ 2015-03-20T15:28:33+08:00 ] 192.168.1.106 /index.php/Home/Login/login.html
INFO: [ app_init ] --START--
INFO: Run Behavior\BuildLiteBehavior [ RunTime:0.000042s ]
INFO: [ app_init ] --END-- [ RunTime:0.001139s ]
INFO: [ app_begin ] --START--
INFO: Run Behavior\ReadHtmlCacheBehavior [ RunTime:0.001511s ]
INFO: [ app_begin ] --END-- [ RunTime:0.001698s ]
INFO: [ view_parse ] --START--
INFO: [ template_filter ] --START--
INFO: Run Behavior\ContentReplaceBehavior [ RunTime:0.000154s ]
INFO: [ template_filter ] --END-- [ RunTime:0.000396s ]
INFO: Run Behavior\ParseTemplateBehavior [ RunTime:0.019146s ]
INFO: [ view_parse ] --END-- [ RunTime:0.019354s ]
INFO: [ view_filter ] --START--
INFO: Run Behavior\WriteHtmlCacheBehavior [ RunTime:0.000987s ]
INFO: [ view_filter ] --END-- [ RunTime:0.001140s ]
INFO: [ app_end ] --START--
INFO: Run Behavior\ShowPageTraceBehavior [ RunTime:0.001718s ]
INFO: [ app_end ] --END-- [ RunTime:0.001884s ]

[ 2015-03-20T15:28:44+08:00 ] 192.168.1.106 /index.php/Home/Login/login
INFO: [ app_init ] --START--
INFO: Run Behavior\BuildLiteBehavior [ RunTime:0.000026s ]
INFO: [ app_init ] --END-- [ RunTime:0.000651s ]
INFO: [ app_begin ] --START--
INFO: Run Behavior\ReadHtmlCacheBehavior [ RunTime:0.000974s ]
INFO: [ app_begin ] --END-- [ RunTime:0.001085s ]
SQL: SHOW COLUMNS FROM `wei_member` [ RunTime:0.019195s ]
SQL: SELECT * FROM `wei_member` WHERE ( mobile='13366644566' ) LIMIT 1   [ RunTime:0.036746s ]
INFO: [ view_parse ] --START--
INFO: [ template_filter ] --START--
INFO: Run Behavior\ContentReplaceBehavior [ RunTime:0.000124s ]
INFO: [ template_filter ] --END-- [ RunTime:0.000334s ]
INFO: Run Behavior\ParseTemplateBehavior [ RunTime:0.022983s ]
INFO: [ view_parse ] --END-- [ RunTime:0.023193s ]
INFO: [ view_filter ] --START--
INFO: Run Behavior\WriteHtmlCacheBehavior [ RunTime:0.001112s ]
INFO: [ view_filter ] --END-- [ RunTime:0.001281s ]

[ 2015-03-20T15:28:46+08:00 ] 192.168.1.106 /index.php/Home/Index/index.html
INFO: [ app_init ] --START--
INFO: Run Behavior\BuildLiteBehavior [ RunTime:0.000025s ]
INFO: [ app_init ] --END-- [ RunTime:0.000678s ]
INFO: [ app_begin ] --START--
INFO: Run Behavior\ReadHtmlCacheBehavior [ RunTime:0.001094s ]
INFO: [ app_begin ] --END-- [ RunTime:0.001215s ]
NOTIC: [8] A session had already been started - ignoring session_start() D:\weizhan\App\Home\Controller\BaseController.class.php 第 13 行.
SQL: SHOW COLUMNS FROM `wei_member` [ RunTime:0.005790s ]
SQL: SELECT * FROM `wei_member` WHERE ( id='2' ) LIMIT 1   [ RunTime:0.000840s ]
INFO: [ view_parse ] --START--
INFO: [ template_filter ] --START--
INFO: Run Behavior\ContentReplaceBehavior [ RunTime:0.000127s ]
INFO: [ template_filter ] --END-- [ RunTime:0.000242s ]
INFO: Run Behavior\ParseTemplateBehavior [ RunTime:0.040062s ]
INFO: [ view_parse ] --END-- [ RunTime:0.040179s ]
INFO: [ view_filter ] --START--
INFO: Run Behavior\WriteHtmlCacheBehavior [ RunTime:0.000701s ]
INFO: [ view_filter ] --END-- [ RunTime:0.000796s ]
INFO: [ app_end ] --START--
INFO: Run Behavior\ShowPageTraceBehavior [ RunTime:0.001265s ]
INFO: [ app_end ] --END-- [ RunTime:0.001370s ]

[ 2015-03-20T15:28:58+08:00 ] 192.168.1.106 /index.php/Product/Product/lst
INFO: [ app_init ] --START--
INFO: Run Behavior\BuildLiteBehavior [ RunTime:0.000042s ]
INFO: [ app_init ] --END-- [ RunTime:0.001215s ]
INFO: [ app_begin ] --START--
INFO: Run Behavior\ReadHtmlCacheBehavior [ RunTime:0.001786s ]
INFO: [ app_begin ] --END-- [ RunTime:0.001973s ]
NOTIC: [8] A session had already been started - ignoring session_start() D:\weizhan\App\Home\Controller\BaseController.class.php 第 13 行.
NOTIC: [2048] Declaration of Product\Model\ProductModel::_after_insert() should be compatible with that of Think\Model::_after_insert() D:\weizhan\App\Product\Model\ProductModel.class.php 第 5 行.
SQL: SHOW COLUMNS FROM `wei_product` [ RunTime:0.009242s ]
SQL: SELECT * FROM `wei_product` ORDER BY id desc  [ RunTime:0.001265s ]
INFO: [ view_parse ] --START--
INFO: [ template_filter ] --START--
INFO: Run Behavior\ContentReplaceBehavior [ RunTime:0.000167s ]
INFO: [ template_filter ] --END-- [ RunTime:0.000364s ]
NOTIC: [8] Undefined variable: clientip D:\weizhan\App\Runtime\Cache\Product\b69b7bc7eee18ee23371e39f02f797ef.php 第 16 行.
INFO: Run Behavior\ParseTemplateBehavior [ RunTime:0.043325s ]
INFO: [ view_parse ] --END-- [ RunTime:0.043675s ]
INFO: [ view_filter ] --START--
INFO: Run Behavior\WriteHtmlCacheBehavior [ RunTime:0.001453s ]
INFO: [ view_filter ] --END-- [ RunTime:0.001661s ]
INFO: [ app_end ] --START--
INFO: Run Behavior\ShowPageTraceBehavior [ RunTime:0.004380s ]
INFO: [ app_end ] --END-- [ RunTime:0.004581s ]

[ 2015-03-20T15:29:01+08:00 ] 192.168.1.106 /index.php/Product/Product/detail?id=2
INFO: [ app_init ] --START--
INFO: Run Behavior\BuildLiteBehavior [ RunTime:0.000030s ]
INFO: [ app_init ] --END-- [ RunTime:0.000734s ]
INFO: [ app_begin ] --START--
INFO: Run Behavior\ReadHtmlCacheBehavior [ RunTime:0.001203s ]
INFO: [ app_begin ] --END-- [ RunTime:0.001333s ]
NOTIC: [8] A session had already been started - ignoring session_start() D:\weizhan\App\Home\Controller\BaseController.class.php 第 13 行.
NOTIC: [2048] Declaration of Product\Model\ProductModel::_after_insert() should be compatible with that of Think\Model::_after_insert() D:\weizhan\App\Product\Model\ProductModel.class.php 第 5 行.
SQL: SHOW COLUMNS FROM `wei_product` [ RunTime:0.004102s ]
SQL: update wei_product set click = click +1 where id = 2 [ RunTime:0.011335s ]
SQL: SELECT * FROM `wei_product` WHERE ( `id` = 2 ) LIMIT 1   [ RunTime:0.000693s ]
INFO: [ view_parse ] --START--
INFO: [ template_filter ] --START--
INFO: Run Behavior\ContentReplaceBehavior [ RunTime:0.000064s ]
INFO: [ template_filter ] --END-- [ RunTime:0.000131s ]
INFO: Run Behavior\ParseTemplateBehavior [ RunTime:0.026306s ]
INFO: [ view_parse ] --END-- [ RunTime:0.026395s ]
INFO: [ view_filter ] --START--
INFO: Run Behavior\WriteHtmlCacheBehavior [ RunTime:0.000314s ]
INFO: [ view_filter ] --END-- [ RunTime:0.000357s ]
INFO: [ app_end ] --START--
INFO: Run Behavior\ShowPageTraceBehavior [ RunTime:0.000510s ]
INFO: [ app_end ] --END-- [ RunTime:0.000556s ]

[ 2015-03-20T15:30:06+08:00 ] 192.168.1.106 /index.php/Home/Manager/regis
INFO: [ app_init ] --START--
INFO: Run Behavior\BuildLiteBehavior [ RunTime:0.000044s ]
INFO: [ app_init ] --END-- [ RunTime:0.001227s ]
INFO: [ app_begin ] --START--
INFO: Run Behavior\ReadHtmlCacheBehavior [ RunTime:0.001593s ]
INFO: [ app_begin ] --END-- [ RunTime:0.001820s ]
INFO: [ view_parse ] --START--
INFO: [ template_filter ] --START--
INFO: Run Behavior\ContentReplaceBehavior [ RunTime:0.000110s ]
INFO: [ template_filter ] --END-- [ RunTime:0.000226s ]
NOTIC: [8] A session had already been started - ignoring session_start() D:\weizhan\App\Runtime\Cache\Home\fd531c7d182f43a2c7ffd39caa71c476.php 第 1 行.
INFO: Run Behavior\ParseTemplateBehavior [ RunTime:0.021227s ]
INFO: [ view_parse ] --END-- [ RunTime:0.021337s ]
INFO: [ view_filter ] --START--
INFO: Run Behavior\WriteHtmlCacheBehavior [ RunTime:0.000676s ]
INFO: [ view_filter ] --END-- [ RunTime:0.000770s ]
INFO: [ app_end ] --START--
INFO: Run Behavior\ShowPageTraceBehavior [ RunTime:0.001091s ]
INFO: [ app_end ] --END-- [ RunTime:0.001188s ]

[ 2015-03-20T15:33:49+08:00 ] 192.168.1.106 /index.php/Home/Login/login
INFO: [ app_init ] --START--
INFO: Run Behavior\BuildLiteBehavior [ RunTime:0.000042s ]
INFO: [ app_init ] --END-- [ RunTime:0.001259s ]
INFO: [ app_begin ] --START--
INFO: Run Behavior\ReadHtmlCacheBehavior [ RunTime:0.001629s ]
INFO: [ app_begin ] --END-- [ RunTime:0.001821s ]
SQL: SHOW COLUMNS FROM `wei_member` [ RunTime:0.006618s ]
SQL: SELECT * FROM `wei_member` WHERE ( mobile='13366644566' ) LIMIT 1   [ RunTime:0.001252s ]
INFO: [ view_parse ] --START--
INFO: [ template_filter ] --START--
INFO: Run Behavior\ContentReplaceBehavior [ RunTime:0.000073s ]
INFO: [ template_filter ] --END-- [ RunTime:0.000190s ]
INFO: Run Behavior\ParseTemplateBehavior [ RunTime:0.010576s ]
INFO: [ view_parse ] --END-- [ RunTime:0.010689s ]
INFO: [ view_filter ] --START--
INFO: Run Behavior\WriteHtmlCacheBehavior [ RunTime:0.000679s ]
INFO: [ view_filter ] --END-- [ RunTime:0.000778s ]

[ 2015-03-20T15:33:50+08:00 ] 192.168.1.106 /index.php/Home/Index/index.html
INFO: [ app_init ] --START--
INFO: Run Behavior\BuildLiteBehavior [ RunTime:0.000041s ]
INFO: [ app_init ] --END-- [ RunTime:0.001158s ]
INFO: [ app_begin ] --START--
INFO: Run Behavior\ReadHtmlCacheBehavior [ RunTime:0.001646s ]
INFO: [ app_begin ] --END-- [ RunTime:0.001851s ]
NOTIC: [8] A session had already been started - ignoring session_start() D:\weizhan\App\Home\Controller\BaseController.class.php 第 13 行.
SQL: SHOW COLUMNS FROM `wei_member` [ RunTime:0.009639s ]
SQL: SELECT * FROM `wei_member` WHERE ( id='2' ) LIMIT 1   [ RunTime:0.001281s ]
INFO: [ view_parse ] --START--
INFO: [ template_filter ] --START--
INFO: Run Behavior\ContentReplaceBehavior [ RunTime:0.000213s ]
INFO: [ template_filter ] --END-- [ RunTime:0.000400s ]
INFO: Run Behavior\ParseTemplateBehavior [ RunTime:0.020399s ]
INFO: [ view_parse ] --END-- [ RunTime:0.020599s ]
INFO: [ view_filter ] --START--
INFO: Run Behavior\WriteHtmlCacheBehavior [ RunTime:0.001063s ]
INFO: [ view_filter ] --END-- [ RunTime:0.001228s ]
INFO: [ app_end ] --START--
INFO: Run Behavior\ShowPageTraceBehavior [ RunTime:0.001864s ]
INFO: [ app_end ] --END-- [ RunTime:0.002033s ]

[ 2015-03-20T15:33:51+08:00 ] 192.168.1.106 /index.php/Product/Product/lst
INFO: [ app_init ] --START--
INFO: Run Behavior\BuildLiteBehavior [ RunTime:0.000021s ]
INFO: [ app_init ] --END-- [ RunTime:0.000475s ]
INFO: [ app_begin ] --START--
INFO: Run Behavior\ReadHtmlCacheBehavior [ RunTime:0.000701s ]
INFO: [ app_begin ] --END-- [ RunTime:0.000783s ]
NOTIC: [8] A session had already been started - ignoring session_start() D:\weizhan\App\Home\Controller\BaseController.class.php 第 13 行.
NOTIC: [2048] Declaration of Product\Model\ProductModel::_after_insert() should be compatible with that of Think\Model::_after_insert() D:\weizhan\App\Product\Model\ProductModel.class.php 第 5 行.
SQL: SHOW COLUMNS FROM `wei_product` [ RunTime:0.007023s ]
SQL: SELECT * FROM `wei_product` ORDER BY id desc  [ RunTime:0.000790s ]
INFO: [ view_parse ] --START--
INFO: [ template_filter ] --START--
INFO: Run Behavior\ContentReplaceBehavior [ RunTime:0.000078s ]
INFO: [ template_filter ] --END-- [ RunTime:0.000186s ]
NOTIC: [8] Undefined variable: clientip D:\weizhan\App\Runtime\Cache\Product\b69b7bc7eee18ee23371e39f02f797ef.php 第 16 行.
INFO: Run Behavior\ParseTemplateBehavior [ RunTime:0.008762s ]
INFO: [ view_parse ] --END-- [ RunTime:0.008863s ]
INFO: [ view_filter ] --START--
INFO: Run Behavior\WriteHtmlCacheBehavior [ RunTime:0.000676s ]
INFO: [ view_filter ] --END-- [ RunTime:0.000776s ]
INFO: [ app_end ] --START--
INFO: Run Behavior\ShowPageTraceBehavior [ RunTime:0.000838s ]
INFO: [ app_end ] --END-- [ RunTime:0.000910s ]

[ 2015-03-20T15:34:19+08:00 ] 192.168.1.106 /index.php/Product/Product/add
INFO: [ app_init ] --START--
INFO: Run Behavior\BuildLiteBehavior [ RunTime:0.000085s ]
INFO: [ app_init ] --END-- [ RunTime:0.001274s ]
INFO: [ app_begin ] --START--
INFO: Run Behavior\ReadHtmlCacheBehavior [ RunTime:0.001607s ]
INFO: [ app_begin ] --END-- [ RunTime:0.001794s ]
NOTIC: [8] A session had already been started - ignoring session_start() D:\weizhan\App\Home\Controller\BaseController.class.php 第 13 行.
INFO: [ view_parse ] --START--
INFO: [ template_filter ] --START--
INFO: Run Behavior\ContentReplaceBehavior [ RunTime:0.000133s ]
INFO: [ template_filter ] --END-- [ RunTime:0.000329s ]
INFO: Run Behavior\ParseTemplateBehavior [ RunTime:0.031515s ]
INFO: [ view_parse ] --END-- [ RunTime:0.031713s ]
INFO: [ view_filter ] --START--
INFO: Run Behavior\WriteHtmlCacheBehavior [ RunTime:0.001089s ]
INFO: [ view_filter ] --END-- [ RunTime:0.001258s ]
INFO: [ app_end ] --START--
INFO: Run Behavior\ShowPageTraceBehavior [ RunTime:0.002811s ]
INFO: [ app_end ] --END-- [ RunTime:0.003089s ]

[ 2015-03-20T15:34:35+08:00 ] 192.168.1.106 /index.php/Product/Product/ajaxZan?id=3
INFO: [ app_init ] --START--
INFO: Run Behavior\BuildLiteBehavior [ RunTime:0.000041s ]
INFO: [ app_init ] --END-- [ RunTime:0.001024s ]
INFO: [ app_begin ] --START--
INFO: Run Behavior\ReadHtmlCacheBehavior [ RunTime:0.001495s ]
INFO: [ app_begin ] --END-- [ RunTime:0.001658s ]
NOTIC: [8] A session had already been started - ignoring session_start() D:\weizhan\App\Home\Controller\BaseController.class.php 第 13 行.
NOTIC: [2048] Declaration of Product\Model\ProductModel::_after_insert() should be compatible with that of Think\Model::_after_insert() D:\weizhan\App\Product\Model\ProductModel.class.php 第 5 行.
SQL: SHOW COLUMNS FROM `wei_product` [ RunTime:0.006319s ]
SQL: update wei_product set click_good = click_good+1 where id=3 [ RunTime:0.000831s ]
SQL: SELECT `click_good` FROM `wei_product` WHERE ( `id` = 3 ) LIMIT 1   [ RunTime:0.000680s ]
INFO: [ app_end ] --START--
INFO: Run Behavior\ShowPageTraceBehavior [ RunTime:0.001341s ]
INFO: [ app_end ] --END-- [ RunTime:0.001460s ]

[ 2015-03-20T15:35:23+08:00 ] 192.168.1.106 /index.php/Product/Product/ajaxZan?id=3
INFO: [ app_init ] --START--
INFO: Run Behavior\BuildLiteBehavior [ RunTime:0.000041s ]
INFO: [ app_init ] --END-- [ RunTime:0.001256s ]
INFO: [ app_begin ] --START--
INFO: Run Behavior\ReadHtmlCacheBehavior [ RunTime:0.002899s ]
INFO: [ app_begin ] --END-- [ RunTime:0.003072s ]
NOTIC: [8] A session had already been started - ignoring session_start() D:\weizhan\App\Home\Controller\BaseController.class.php 第 13 行.
NOTIC: [2048] Declaration of Product\Model\ProductModel::_after_insert() should be compatible with that of Think\Model::_after_insert() D:\weizhan\App\Product\Model\ProductModel.class.php 第 5 行.
SQL: SHOW COLUMNS FROM `wei_product` [ RunTime:0.005489s ]
SQL: update wei_product set click_good = click_good+1 where id=3 [ RunTime:0.000785s ]
SQL: SELECT `click_good` FROM `wei_product` WHERE ( `id` = 3 ) LIMIT 1   [ RunTime:0.000694s ]
INFO: [ app_end ] --START--
INFO: Run Behavior\ShowPageTraceBehavior [ RunTime:0.001136s ]
INFO: [ app_end ] --END-- [ RunTime:0.001229s ]

[ 2015-03-20T15:35:27+08:00 ] 192.168.1.106 /index.php/Product/Product/ajaxZan?id=3
INFO: [ app_init ] --START--
INFO: Run Behavior\BuildLiteBehavior [ RunTime:0.000024s ]
INFO: [ app_init ] --END-- [ RunTime:0.000705s ]
INFO: [ app_begin ] --START--
INFO: Run Behavior\ReadHtmlCacheBehavior [ RunTime:0.000977s ]
INFO: [ app_begin ] --END-- [ RunTime:0.001070s ]
NOTIC: [8] A session had already been started - ignoring session_start() D:\weizhan\App\Home\Controller\BaseController.class.php 第 13 行.
NOTIC: [2048] Declaration of Product\Model\ProductModel::_after_insert() should be compatible with that of Think\Model::_after_insert() D:\weizhan\App\Product\Model\ProductModel.class.php 第 5 行.
SQL: SHOW COLUMNS FROM `wei_product` [ RunTime:0.005448s ]
SQL: update wei_product set click_good = click_good+1 where id=3 [ RunTime:0.000756s ]
SQL: SELECT `click_good` FROM `wei_product` WHERE ( `id` = 3 ) LIMIT 1   [ RunTime:0.000636s ]
INFO: [ app_end ] --START--
INFO: Run Behavior\ShowPageTraceBehavior [ RunTime:0.001091s ]
INFO: [ app_end ] --END-- [ RunTime:0.001183s ]

[ 2015-03-20T15:35:31+08:00 ] 192.168.1.106 /index.php/Product/Product/ajaxZan?id=3
INFO: [ app_init ] --START--
INFO: Run Behavior\BuildLiteBehavior [ RunTime:0.000044s ]
INFO: [ app_init ] --END-- [ RunTime:0.001281s ]
INFO: [ app_begin ] --START--
INFO: Run Behavior\ReadHtmlCacheBehavior [ RunTime:0.001658s ]
INFO: [ app_begin ] --END-- [ RunTime:0.001983s ]
NOTIC: [8] A session had already been started - ignoring session_start() D:\weizhan\App\Home\Controller\BaseController.class.php 第 13 行.
NOTIC: [2048] Declaration of Product\Model\ProductModel::_after_insert() should be compatible with that of Think\Model::_after_insert() D:\weizhan\App\Product\Model\ProductModel.class.php 第 5 行.
SQL: SHOW COLUMNS FROM `wei_product` [ RunTime:0.006072s ]
SQL: update wei_product set click_good = click_good+1 where id=3 [ RunTime:0.000912s ]
SQL: SELECT `click_good` FROM `wei_product` WHERE ( `id` = 3 ) LIMIT 1   [ RunTime:0.000635s ]
INFO: [ app_end ] --START--
INFO: Run Behavior\ShowPageTraceBehavior [ RunTime:0.001191s ]
INFO: [ app_end ] --END-- [ RunTime:0.001285s ]

[ 2015-03-20T15:35:33+08:00 ] 192.168.1.106 /index.php/Product/Product/ajaxZan?id=3
INFO: [ app_init ] --START--
INFO: Run Behavior\BuildLiteBehavior [ RunTime:0.000041s ]
INFO: [ app_init ] --END-- [ RunTime:0.001455s ]
INFO: [ app_begin ] --START--
INFO: Run Behavior\ReadHtmlCacheBehavior [ RunTime:0.001447s ]
INFO: [ app_begin ] --END-- [ RunTime:0.001607s ]
NOTIC: [8] A session had already been started - ignoring session_start() D:\weizhan\App\Home\Controller\BaseController.class.php 第 13 行.
NOTIC: [2048] Declaration of Product\Model\ProductModel::_after_insert() should be compatible with that of Think\Model::_after_insert() D:\weizhan\App\Product\Model\ProductModel.class.php 第 5 行.
SQL: SHOW COLUMNS FROM `wei_product` [ RunTime:0.003286s ]
SQL: update wei_product set click_good = click_good+1 where id=3 [ RunTime:0.000436s ]
SQL: SELECT `click_good` FROM `wei_product` WHERE ( `id` = 3 ) LIMIT 1   [ RunTime:0.000388s ]
INFO: [ app_end ] --START--
INFO: Run Behavior\ShowPageTraceBehavior [ RunTime:0.000710s ]
INFO: [ app_end ] --END-- [ RunTime:0.000765s ]

[ 2015-03-20T15:35:50+08:00 ] 192.168.1.106 /index.php/Product/Product/ajaxZan?id=3
INFO: [ app_init ] --START--
INFO: Run Behavior\BuildLiteBehavior [ RunTime:0.000025s ]
INFO: [ app_init ] --END-- [ RunTime:0.000638s ]
INFO: [ app_begin ] --START--
INFO: Run Behavior\ReadHtmlCacheBehavior [ RunTime:0.000912s ]
INFO: [ app_begin ] --END-- [ RunTime:0.001005s ]
NOTIC: [8] A session had already been started - ignoring session_start() D:\weizhan\App\Home\Controller\BaseController.class.php 第 13 行.
NOTIC: [2048] Declaration of Product\Model\ProductModel::_after_insert() should be compatible with that of Think\Model::_after_insert() D:\weizhan\App\Product\Model\ProductModel.class.php 第 5 行.
SQL: SHOW COLUMNS FROM `wei_product` [ RunTime:0.003309s ]
SQL: update wei_product set click_good = click_good+1 where id=3 [ RunTime:0.000487s ]
SQL: SELECT `click_good` FROM `wei_product` WHERE ( `id` = 3 ) LIMIT 1   [ RunTime:0.000413s ]
INFO: [ app_end ] --START--
INFO: Run Behavior\ShowPageTraceBehavior [ RunTime:0.000847s ]
INFO: [ app_end ] --END-- [ RunTime:0.000916s ]

[ 2015-03-20T15:35:50+08:00 ] 192.168.1.106 /index.php/Product/Product/ajaxZan?id=3
INFO: [ app_init ] --START--
INFO: Run Behavior\BuildLiteBehavior [ RunTime:0.000042s ]
INFO: [ app_init ] --END-- [ RunTime:0.001089s ]
INFO: [ app_begin ] --START--
INFO: Run Behavior\ReadHtmlCacheBehavior [ RunTime:0.001713s ]
INFO: [ app_begin ] --END-- [ RunTime:0.001891s ]
NOTIC: [8] A session had already been started - ignoring session_start() D:\weizhan\App\Home\Controller\BaseController.class.php 第 13 行.
NOTIC: [2048] Declaration of Product\Model\ProductModel::_after_insert() should be compatible with that of Think\Model::_after_insert() D:\weizhan\App\Product\Model\ProductModel.class.php 第 5 行.
SQL: SHOW COLUMNS FROM `wei_product` [ RunTime:0.009605s ]
SQL: update wei_product set click_good = click_good+1 where id=3 [ RunTime:0.001063s ]
SQL: SELECT `click_good` FROM `wei_product` WHERE ( `id` = 3 ) LIMIT 1   [ RunTime:0.001035s ]
INFO: [ app_end ] --START--
INFO: Run Behavior\ShowPageTraceBehavior [ RunTime:0.001940s ]
INFO: [ app_end ] --END-- [ RunTime:0.002108s ]

[ 2015-03-20T15:35:51+08:00 ] 192.168.1.106 /index.php/Product/Product/ajaxZan?id=3
INFO: [ app_init ] --START--
INFO: Run Behavior\BuildLiteBehavior [ RunTime:0.000042s ]
INFO: [ app_init ] --END-- [ RunTime:0.001212s ]
INFO: [ app_begin ] --START--
INFO: Run Behavior\ReadHtmlCacheBehavior [ RunTime:0.002994s ]
INFO: [ app_begin ] --END-- [ RunTime:0.003266s ]
NOTIC: [8] A session had already been started - ignoring session_start() D:\weizhan\App\Home\Controller\BaseController.class.php 第 13 行.
NOTIC: [2048] Declaration of Product\Model\ProductModel::_after_insert() should be compatible with that of Think\Model::_after_insert() D:\weizhan\App\Product\Model\ProductModel.class.php 第 5 行.
SQL: SHOW COLUMNS FROM `wei_product` [ RunTime:0.006683s ]
SQL: update wei_product set click_good = click_good+1 where id=3 [ RunTime:0.000727s ]
SQL: SELECT `click_good` FROM `wei_product` WHERE ( `id` = 3 ) LIMIT 1   [ RunTime:0.000645s ]
INFO: [ app_end ] --START--
INFO: Run Behavior\ShowPageTraceBehavior [ RunTime:0.001266s ]
INFO: [ app_end ] --END-- [ RunTime:0.001374s ]

[ 2015-03-20T15:39:06+08:00 ] 192.168.1.106 /index.php/Product/Product/ajaxZan?id=2
INFO: [ app_init ] --START--
INFO: Run Behavior\BuildLiteBehavior [ RunTime:0.000012s ]
INFO: [ app_init ] --END-- [ RunTime:0.000322s ]
INFO: [ app_begin ] --START--
INFO: Run Behavior\ReadHtmlCacheBehavior [ RunTime:0.000449s ]
INFO: [ app_begin ] --END-- [ RunTime:0.000496s ]
NOTIC: [8] A session had already been started - ignoring session_start() D:\weizhan\App\Home\Controller\BaseController.class.php 第 13 行.
NOTIC: [2048] Declaration of Product\Model\ProductModel::_after_insert() should be compatible with that of Think\Model::_after_insert() D:\weizhan\App\Product\Model\ProductModel.class.php 第 5 行.
SQL: SHOW COLUMNS FROM `wei_product` [ RunTime:0.003062s ]
SQL: update wei_product set click_good = click_good+1 where id=2 [ RunTime:0.000438s ]
SQL: SELECT `click_good` FROM `wei_product` WHERE ( `id` = 2 ) LIMIT 1   [ RunTime:0.000347s ]
INFO: [ app_end ] --START--
INFO: Run Behavior\ShowPageTraceBehavior [ RunTime:0.000843s ]
INFO: [ app_end ] --END-- [ RunTime:0.000939s ]

[ 2015-03-20T15:39:07+08:00 ] 192.168.1.106 /index.php/Product/Product/ajaxZan?id=2
INFO: [ app_init ] --START--
INFO: Run Behavior\BuildLiteBehavior [ RunTime:0.000034s ]
INFO: [ app_init ] --END-- [ RunTime:0.000958s ]
INFO: [ app_begin ] --START--
INFO: Run Behavior\ReadHtmlCacheBehavior [ RunTime:0.001322s ]
INFO: [ app_begin ] --END-- [ RunTime:0.001455s ]
NOTIC: [8] A session had already been started - ignoring session_start() D:\weizhan\App\Home\Controller\BaseController.class.php 第 13 行.
NOTIC: [2048] Declaration of Product\Model\ProductModel::_after_insert() should be compatible with that of Think\Model::_after_insert() D:\weizhan\App\Product\Model\ProductModel.class.php 第 5 行.
SQL: SHOW COLUMNS FROM `wei_product` [ RunTime:0.005037s ]
SQL: update wei_product set click_good = click_good+1 where id=2 [ RunTime:0.000502s ]
SQL: SELECT `click_good` FROM `wei_product` WHERE ( `id` = 2 ) LIMIT 1   [ RunTime:0.000382s ]
INFO: [ app_end ] --START--
INFO: Run Behavior\ShowPageTraceBehavior [ RunTime:0.000584s ]
INFO: [ app_end ] --END-- [ RunTime:0.000631s ]

[ 2015-03-20T15:39:08+08:00 ] 192.168.1.106 /index.php/Product/Product/ajaxZan?id=2
INFO: [ app_init ] --START--
INFO: Run Behavior\BuildLiteBehavior [ RunTime:0.000041s ]
INFO: [ app_init ] --END-- [ RunTime:0.001112s ]
INFO: [ app_begin ] --START--
INFO: Run Behavior\ReadHtmlCacheBehavior [ RunTime:0.001671s ]
INFO: [ app_begin ] --END-- [ RunTime:0.001843s ]
NOTIC: [8] A session had already been started - ignoring session_start() D:\weizhan\App\Home\Controller\BaseController.class.php 第 13 行.
NOTIC: [2048] Declaration of Product\Model\ProductModel::_after_insert() should be compatible with that of Think\Model::_after_insert() D:\weizhan\App\Product\Model\ProductModel.class.php 第 5 行.
SQL: SHOW COLUMNS FROM `wei_product` [ RunTime:0.009447s ]
SQL: update wei_product set click_good = click_good+1 where id=2 [ RunTime:0.001051s ]
SQL: SELECT `click_good` FROM `wei_product` WHERE ( `id` = 2 ) LIMIT 1   [ RunTime:0.001058s ]
INFO: [ app_end ] --START--
INFO: Run Behavior\ShowPageTraceBehavior [ RunTime:0.002797s ]
INFO: [ app_end ] --END-- [ RunTime:0.003132s ]

[ 2015-03-20T15:50:31+08:00 ] 192.168.1.106 /index.php/Product/Product/lst
INFO: [ app_init ] --START--
INFO: Run Behavior\BuildLiteBehavior [ RunTime:0.000013s ]
INFO: [ app_init ] --END-- [ RunTime:0.000416s ]
INFO: [ app_begin ] --START--
INFO: Run Behavior\ReadHtmlCacheBehavior [ RunTime:0.000458s ]
INFO: [ app_begin ] --END-- [ RunTime:0.000509s ]
NOTIC: [8] A session had already been started - ignoring session_start() D:\weizhan\App\Home\Controller\BaseController.class.php 第 13 行.
NOTIC: [2048] Declaration of Product\Model\ProductModel::_after_insert() should be compatible with that of Think\Model::_after_insert() D:\weizhan\App\Product\Model\ProductModel.class.php 第 5 行.
SQL: SHOW COLUMNS FROM `wei_product` [ RunTime:0.003140s ]
SQL: SELECT * FROM `wei_product` ORDER BY id desc  [ RunTime:0.000484s ]
INFO: [ view_parse ] --START--
INFO: [ template_filter ] --START--
INFO: Run Behavior\ContentReplaceBehavior [ RunTime:0.000055s ]
INFO: [ template_filter ] --END-- [ RunTime:0.000122s ]
NOTIC: [8] Undefined variable: clientip D:\weizhan\App\Runtime\Cache\Product\b69b7bc7eee18ee23371e39f02f797ef.php 第 16 行.
INFO: Run Behavior\ParseTemplateBehavior [ RunTime:0.005850s ]
INFO: [ view_parse ] --END-- [ RunTime:0.005900s ]
INFO: [ view_filter ] --START--
INFO: Run Behavior\WriteHtmlCacheBehavior [ RunTime:0.000361s ]
INFO: [ view_filter ] --END-- [ RunTime:0.000404s ]
INFO: [ app_end ] --START--
INFO: Run Behavior\ShowPageTraceBehavior [ RunTime:0.000579s ]
INFO: [ app_end ] --END-- [ RunTime:0.000623s ]

[ 2015-03-20T15:50:33+08:00 ] 192.168.1.106 /index.php/Product/Product/ajaxZan?id=2
INFO: [ app_init ] --START--
INFO: Run Behavior\BuildLiteBehavior [ RunTime:0.000019s ]
INFO: [ app_init ] --END-- [ RunTime:0.000450s ]
INFO: [ app_begin ] --START--
INFO: Run Behavior\ReadHtmlCacheBehavior [ RunTime:0.000462s ]
INFO: [ app_begin ] --END-- [ RunTime:0.000524s ]
NOTIC: [8] A session had already been started - ignoring session_start() D:\weizhan\App\Home\Controller\BaseController.class.php 第 13 行.
NOTIC: [2048] Declaration of Product\Model\ProductModel::_after_insert() should be compatible with that of Think\Model::_after_insert() D:\weizhan\App\Product\Model\ProductModel.class.php 第 5 行.
SQL: SHOW COLUMNS FROM `wei_product` [ RunTime:0.004282s ]
SQL: update wei_product set click_good = click_good+1 where id=2 [ RunTime:0.000500s ]
SQL: SELECT `click_good` FROM `wei_product` WHERE ( `id` = 2 ) LIMIT 1   [ RunTime:0.000409s ]
INFO: [ app_end ] --START--
INFO: Run Behavior\ShowPageTraceBehavior [ RunTime:0.000755s ]
INFO: [ app_end ] --END-- [ RunTime:0.000814s ]

[ 2015-03-20T15:50:34+08:00 ] 192.168.1.106 /index.php/Product/Product/ajaxZan?id=1
INFO: [ app_init ] --START--
INFO: Run Behavior\BuildLiteBehavior [ RunTime:0.000018s ]
INFO: [ app_init ] --END-- [ RunTime:0.000490s ]
INFO: [ app_begin ] --START--
INFO: Run Behavior\ReadHtmlCacheBehavior [ RunTime:0.000631s ]
INFO: [ app_begin ] --END-- [ RunTime:0.000701s ]
NOTIC: [8] A session had already been started - ignoring session_start() D:\weizhan\App\Home\Controller\BaseController.class.php 第 13 行.
NOTIC: [2048] Declaration of Product\Model\ProductModel::_after_insert() should be compatible with that of Think\Model::_after_insert() D:\weizhan\App\Product\Model\ProductModel.class.php 第 5 行.
SQL: SHOW COLUMNS FROM `wei_product` [ RunTime:0.003368s ]
SQL: update wei_product set click_good = click_good+1 where id=1 [ RunTime:0.000522s ]
SQL: SELECT `click_good` FROM `wei_product` WHERE ( `id` = 1 ) LIMIT 1   [ RunTime:0.000426s ]
INFO: [ app_end ] --START--
INFO: Run Behavior\ShowPageTraceBehavior [ RunTime:0.000726s ]
INFO: [ app_end ] --END-- [ RunTime:0.000784s ]

[ 2015-03-20T15:50:35+08:00 ] 192.168.1.106 /index.php/Product/Product/ajaxZan?id=2
INFO: [ app_init ] --START--
INFO: Run Behavior\BuildLiteBehavior [ RunTime:0.000013s ]
INFO: [ app_init ] --END-- [ RunTime:0.000382s ]
INFO: [ app_begin ] --START--
INFO: Run Behavior\ReadHtmlCacheBehavior [ RunTime:0.000474s ]
INFO: [ app_begin ] --END-- [ RunTime:0.000517s ]
NOTIC: [8] A session had already been started - ignoring session_start() D:\weizhan\App\Home\Controller\BaseController.class.php 第 13 行.
NOTIC: [2048] Declaration of Product\Model\ProductModel::_after_insert() should be compatible with that of Think\Model::_after_insert() D:\weizhan\App\Product\Model\ProductModel.class.php 第 5 行.
SQL: SHOW COLUMNS FROM `wei_product` [ RunTime:0.003614s ]
SQL: update wei_product set click_good = click_good+1 where id=2 [ RunTime:0.000485s ]
SQL: SELECT `click_good` FROM `wei_product` WHERE ( `id` = 2 ) LIMIT 1   [ RunTime:0.000435s ]
INFO: [ app_end ] --START--
INFO: Run Behavior\ShowPageTraceBehavior [ RunTime:0.000845s ]
INFO: [ app_end ] --END-- [ RunTime:0.000916s ]

[ 2015-03-20T15:50:36+08:00 ] 192.168.1.106 /index.php/Product/Product/ajaxZan?id=3
INFO: [ app_init ] --START--
INFO: Run Behavior\BuildLiteBehavior [ RunTime:0.000028s ]
INFO: [ app_init ] --END-- [ RunTime:0.000815s ]
INFO: [ app_begin ] --START--
INFO: Run Behavior\ReadHtmlCacheBehavior [ RunTime:0.001050s ]
INFO: [ app_begin ] --END-- [ RunTime:0.001161s ]
NOTIC: [8] A session had already been started - ignoring session_start() D:\weizhan\App\Home\Controller\BaseController.class.php 第 13 行.
NOTIC: [2048] Declaration of Product\Model\ProductModel::_after_insert() should be compatible with that of Think\Model::_after_insert() D:\weizhan\App\Product\Model\ProductModel.class.php 第 5 行.
SQL: SHOW COLUMNS FROM `wei_product` [ RunTime:0.003074s ]
SQL: update wei_product set click_good = click_good+1 where id=3 [ RunTime:0.000389s ]
SQL: SELECT `click_good` FROM `wei_product` WHERE ( `id` = 3 ) LIMIT 1   [ RunTime:0.000352s ]
INFO: [ app_end ] --START--
INFO: Run Behavior\ShowPageTraceBehavior [ RunTime:0.000588s ]
INFO: [ app_end ] --END-- [ RunTime:0.000640s ]

[ 2015-03-20T15:50:37+08:00 ] 192.168.1.106 /index.php/Product/Product/ajaxZan?id=1
INFO: [ app_init ] --START--
INFO: Run Behavior\BuildLiteBehavior [ RunTime:0.000040s ]
INFO: [ app_init ] --END-- [ RunTime:0.001079s ]
INFO: [ app_begin ] --START--
INFO: Run Behavior\ReadHtmlCacheBehavior [ RunTime:0.001392s ]
INFO: [ app_begin ] --END-- [ RunTime:0.001491s ]
NOTIC: [8] A session had already been started - ignoring session_start() D:\weizhan\App\Home\Controller\BaseController.class.php 第 13 行.
NOTIC: [2048] Declaration of Product\Model\ProductModel::_after_insert() should be compatible with that of Think\Model::_after_insert() D:\weizhan\App\Product\Model\ProductModel.class.php 第 5 行.
SQL: SHOW COLUMNS FROM `wei_product` [ RunTime:0.003178s ]
SQL: update wei_product set click_good = click_good+1 where id=1 [ RunTime:0.000499s ]
SQL: SELECT `click_good` FROM `wei_product` WHERE ( `id` = 1 ) LIMIT 1   [ RunTime:0.000465s ]
INFO: [ app_end ] --START--
INFO: Run Behavior\ShowPageTraceBehavior [ RunTime:0.000739s ]
INFO: [ app_end ] --END-- [ RunTime:0.000799s ]

[ 2015-03-20T15:50:37+08:00 ] 192.168.1.106 /index.php/Product/Product/ajaxZan?id=2
INFO: [ app_init ] --START--
INFO: Run Behavior\BuildLiteBehavior [ RunTime:0.000013s ]
INFO: [ app_init ] --END-- [ RunTime:0.000394s ]
INFO: [ app_begin ] --START--
INFO: Run Behavior\ReadHtmlCacheBehavior [ RunTime:0.000441s ]
INFO: [ app_begin ] --END-- [ RunTime:0.000492s ]
NOTIC: [8] A session had already been started - ignoring session_start() D:\weizhan\App\Home\Controller\BaseController.class.php 第 13 行.
NOTIC: [2048] Declaration of Product\Model\ProductModel::_after_insert() should be compatible with that of Think\Model::_after_insert() D:\weizhan\App\Product\Model\ProductModel.class.php 第 5 行.
SQL: SHOW COLUMNS FROM `wei_product` [ RunTime:0.003605s ]
SQL: update wei_product set click_good = click_good+1 where id=2 [ RunTime:0.000445s ]
SQL: SELECT `click_good` FROM `wei_product` WHERE ( `id` = 2 ) LIMIT 1   [ RunTime:0.000466s ]
INFO: [ app_end ] --START--
INFO: Run Behavior\ShowPageTraceBehavior [ RunTime:0.000848s ]
INFO: [ app_end ] --END-- [ RunTime:0.000915s ]

[ 2015-03-20T15:50:38+08:00 ] 192.168.1.106 /index.php/Product/Product/ajaxZan?id=1
INFO: [ app_init ] --START--
INFO: Run Behavior\BuildLiteBehavior [ RunTime:0.000020s ]
INFO: [ app_init ] --END-- [ RunTime:0.000515s ]
INFO: [ app_begin ] --START--
INFO: Run Behavior\ReadHtmlCacheBehavior [ RunTime:0.000675s ]
INFO: [ app_begin ] --END-- [ RunTime:0.000753s ]
NOTIC: [8] A session had already been started - ignoring session_start() D:\weizhan\App\Home\Controller\BaseController.class.php 第 13 行.
NOTIC: [2048] Declaration of Product\Model\ProductModel::_after_insert() should be compatible with that of Think\Model::_after_insert() D:\weizhan\App\Product\Model\ProductModel.class.php 第 5 行.
SQL: SHOW COLUMNS FROM `wei_product` [ RunTime:0.003626s ]
SQL: update wei_product set click_good = click_good+1 where id=1 [ RunTime:0.000455s ]
SQL: SELECT `click_good` FROM `wei_product` WHERE ( `id` = 1 ) LIMIT 1   [ RunTime:0.000479s ]
INFO: [ app_end ] --START--
INFO: Run Behavior\ShowPageTraceBehavior [ RunTime:0.000806s ]
INFO: [ app_end ] --END-- [ RunTime:0.000873s ]

[ 2015-03-20T15:51:14+08:00 ] 192.168.1.106 /index.php/Product/Product/ajaxZan?id=3
INFO: [ app_init ] --START--
INFO: Run Behavior\BuildLiteBehavior [ RunTime:0.000012s ]
INFO: [ app_init ] --END-- [ RunTime:0.000339s ]
INFO: [ app_begin ] --START--
INFO: Run Behavior\ReadHtmlCacheBehavior [ RunTime:0.000467s ]
INFO: [ app_begin ] --END-- [ RunTime:0.000521s ]
NOTIC: [8] A session had already been started - ignoring session_start() D:\weizhan\App\Home\Controller\BaseController.class.php 第 13 行.
NOTIC: [2048] Declaration of Product\Model\ProductModel::_after_insert() should be compatible with that of Think\Model::_after_insert() D:\weizhan\App\Product\Model\ProductModel.class.php 第 5 行.
SQL: SHOW COLUMNS FROM `wei_product` [ RunTime:0.003382s ]
SQL: update wei_product set click_good = click_good+1 where id=3 [ RunTime:0.000455s ]
SQL: SELECT `click_good` FROM `wei_product` WHERE ( `id` = 3 ) LIMIT 1   [ RunTime:0.000478s ]
INFO: [ app_end ] --START--
INFO: Run Behavior\ShowPageTraceBehavior [ RunTime:0.000852s ]
INFO: [ app_end ] --END-- [ RunTime:0.000921s ]

[ 2015-03-20T15:51:16+08:00 ] 192.168.1.106 /index.php/Product/Product/ajaxZan?id=1
INFO: [ app_init ] --START--
INFO: Run Behavior\BuildLiteBehavior [ RunTime:0.000021s ]
INFO: [ app_init ] --END-- [ RunTime:0.000617s ]
INFO: [ app_begin ] --START--
INFO: Run Behavior\ReadHtmlCacheBehavior [ RunTime:0.000792s ]
INFO: [ app_begin ] --END-- [ RunTime:0.000875s ]
NOTIC: [8] A session had already been started - ignoring session_start() D:\weizhan\App\Home\Controller\BaseController.class.php 第 13 行.
NOTIC: [2048] Declaration of Product\Model\ProductModel::_after_insert() should be compatible with that of Think\Model::_after_insert() D:\weizhan\App\Product\Model\ProductModel.class.php 第 5 行.
SQL: SHOW COLUMNS FROM `wei_product` [ RunTime:0.003511s ]
SQL: update wei_product set click_good = click_good+1 where id=1 [ RunTime:0.000440s ]
SQL: SELECT `click_good` FROM `wei_product` WHERE ( `id` = 1 ) LIMIT 1   [ RunTime:0.000427s ]
INFO: [ app_end ] --START--
INFO: Run Behavior\ShowPageTraceBehavior [ RunTime:0.000597s ]
INFO: [ app_end ] --END-- [ RunTime:0.000645s ]

[ 2015-03-20T15:51:17+08:00 ] 192.168.1.106 /index.php/Product/Product/ajaxZan?id=2
INFO: [ app_init ] --START--
INFO: Run Behavior\BuildLiteBehavior [ RunTime:0.000029s ]
INFO: [ app_init ] --END-- [ RunTime:0.000684s ]
INFO: [ app_begin ] --START--
INFO: Run Behavior\ReadHtmlCacheBehavior [ RunTime:0.000984s ]
INFO: [ app_begin ] --END-- [ RunTime:0.001091s ]
NOTIC: [8] A session had already been started - ignoring session_start() D:\weizhan\App\Home\Controller\BaseController.class.php 第 13 行.
NOTIC: [2048] Declaration of Product\Model\ProductModel::_after_insert() should be compatible with that of Think\Model::_after_insert() D:\weizhan\App\Product\Model\ProductModel.class.php 第 5 行.
SQL: SHOW COLUMNS FROM `wei_product` [ RunTime:0.003644s ]
SQL: update wei_product set click_good = click_good+1 where id=2 [ RunTime:0.000429s ]
SQL: SELECT `click_good` FROM `wei_product` WHERE ( `id` = 2 ) LIMIT 1   [ RunTime:0.000416s ]
INFO: [ app_end ] --START--
INFO: Run Behavior\ShowPageTraceBehavior [ RunTime:0.000866s ]
INFO: [ app_end ] --END-- [ RunTime:0.000933s ]

[ 2015-03-20T15:51:31+08:00 ] 192.168.1.106 /index.php/Product/Product/detail?id=3
INFO: [ app_init ] --START--
INFO: Run Behavior\BuildLiteBehavior [ RunTime:0.000012s ]
INFO: [ app_init ] --END-- [ RunTime:0.000320s ]
INFO: [ app_begin ] --START--
INFO: Run Behavior\ReadHtmlCacheBehavior [ RunTime:0.000449s ]
INFO: [ app_begin ] --END-- [ RunTime:0.000497s ]
NOTIC: [8] A session had already been started - ignoring session_start() D:\weizhan\App\Home\Controller\BaseController.class.php 第 13 行.
NOTIC: [2048] Declaration of Product\Model\ProductModel::_after_insert() should be compatible with that of Think\Model::_after_insert() D:\weizhan\App\Product\Model\ProductModel.class.php 第 5 行.
SQL: SHOW COLUMNS FROM `wei_product` [ RunTime:0.003820s ]
SQL: update wei_product set click = click +1 where id = 3 [ RunTime:0.000468s ]
SQL: SELECT * FROM `wei_product` WHERE ( `id` = 3 ) LIMIT 1   [ RunTime:0.000487s ]
INFO: [ view_parse ] --START--
INFO: [ template_filter ] --START--
INFO: Run Behavior\ContentReplaceBehavior [ RunTime:0.000054s ]
INFO: [ template_filter ] --END-- [ RunTime:0.000114s ]
INFO: Run Behavior\ParseTemplateBehavior [ RunTime:0.005886s ]
INFO: [ view_parse ] --END-- [ RunTime:0.005942s ]
INFO: [ view_filter ] --START--
INFO: Run Behavior\WriteHtmlCacheBehavior [ RunTime:0.000259s ]
INFO: [ view_filter ] --END-- [ RunTime:0.000301s ]
INFO: [ app_end ] --START--
INFO: Run Behavior\ShowPageTraceBehavior [ RunTime:0.000491s ]
INFO: [ app_end ] --END-- [ RunTime:0.000536s ]

[ 2015-03-20T15:51:37+08:00 ] 192.168.1.106 /index.php/Product/Product/detail?id=3
INFO: [ app_init ] --START--
INFO: Run Behavior\BuildLiteBehavior [ RunTime:0.000026s ]
INFO: [ app_init ] --END-- [ RunTime:0.000718s ]
INFO: [ app_begin ] --START--
INFO: Run Behavior\ReadHtmlCacheBehavior [ RunTime:0.000897s ]
INFO: [ app_begin ] --END-- [ RunTime:0.001000s ]
NOTIC: [8] A session had already been started - ignoring session_start() D:\weizhan\App\Home\Controller\BaseController.class.php 第 13 行.
NOTIC: [2048] Declaration of Product\Model\ProductModel::_after_insert() should be compatible with that of Think\Model::_after_insert() D:\weizhan\App\Product\Model\ProductModel.class.php 第 5 行.
SQL: SHOW COLUMNS FROM `wei_product` [ RunTime:0.003873s ]
SQL: update wei_product set click = click +1 where id = 3 [ RunTime:0.000451s ]
SQL: SELECT * FROM `wei_product` WHERE ( `id` = 3 ) LIMIT 1   [ RunTime:0.000467s ]
INFO: [ view_parse ] --START--
INFO: [ template_filter ] --START--
INFO: Run Behavior\ContentReplaceBehavior [ RunTime:0.000078s ]
INFO: [ template_filter ] --END-- [ RunTime:0.000173s ]
INFO: Run Behavior\ParseTemplateBehavior [ RunTime:0.007259s ]
INFO: [ view_parse ] --END-- [ RunTime:0.007328s ]
INFO: [ view_filter ] --START--
INFO: Run Behavior\WriteHtmlCacheBehavior [ RunTime:0.000333s ]
INFO: [ view_filter ] --END-- [ RunTime:0.000381s ]
INFO: [ app_end ] --START--
INFO: Run Behavior\ShowPageTraceBehavior [ RunTime:0.000529s ]
INFO: [ app_end ] --END-- [ RunTime:0.000576s ]

[ 2015-03-20T15:51:40+08:00 ] 192.168.1.106 /index.php/Product/Product/detail?id=2
INFO: [ app_init ] --START--
INFO: Run Behavior\BuildLiteBehavior [ RunTime:0.000017s ]
INFO: [ app_init ] --END-- [ RunTime:0.000763s ]
INFO: [ app_begin ] --START--
INFO: Run Behavior\ReadHtmlCacheBehavior [ RunTime:0.000567s ]
INFO: [ app_begin ] --END-- [ RunTime:0.000637s ]
NOTIC: [8] A session had already been started - ignoring session_start() D:\weizhan\App\Home\Controller\BaseController.class.php 第 13 行.
NOTIC: [2048] Declaration of Product\Model\ProductModel::_after_insert() should be compatible with that of Think\Model::_after_insert() D:\weizhan\App\Product\Model\ProductModel.class.php 第 5 行.
SQL: SHOW COLUMNS FROM `wei_product` [ RunTime:0.003188s ]
SQL: update wei_product set click = click +1 where id = 2 [ RunTime:0.000458s ]
SQL: SELECT * FROM `wei_product` WHERE ( `id` = 2 ) LIMIT 1   [ RunTime:0.000501s ]
INFO: [ view_parse ] --START--
INFO: [ template_filter ] --START--
INFO: Run Behavior\ContentReplaceBehavior [ RunTime:0.000048s ]
INFO: [ template_filter ] --END-- [ RunTime:0.000108s ]
INFO: Run Behavior\ParseTemplateBehavior [ RunTime:0.005698s ]
INFO: [ view_parse ] --END-- [ RunTime:0.005758s ]
INFO: [ view_filter ] --START--
INFO: Run Behavior\WriteHtmlCacheBehavior [ RunTime:0.000266s ]
INFO: [ view_filter ] --END-- [ RunTime:0.000309s ]
INFO: [ app_end ] --START--
INFO: Run Behavior\ShowPageTraceBehavior [ RunTime:0.000492s ]
INFO: [ app_end ] --END-- [ RunTime:0.000534s ]

[ 2015-03-20T15:51:43+08:00 ] 192.168.1.106 /index.php/Product/Product/ajaxZan?id=1
INFO: [ app_init ] --START--
INFO: Run Behavior\BuildLiteBehavior [ RunTime:0.000031s ]
INFO: [ app_init ] --END-- [ RunTime:0.000810s ]
INFO: [ app_begin ] --START--
INFO: Run Behavior\ReadHtmlCacheBehavior [ RunTime:0.001054s ]
INFO: [ app_begin ] --END-- [ RunTime:0.001170s ]
NOTIC: [8] A session had already been started - ignoring session_start() D:\weizhan\App\Home\Controller\BaseController.class.php 第 13 行.
NOTIC: [2048] Declaration of Product\Model\ProductModel::_after_insert() should be compatible with that of Think\Model::_after_insert() D:\weizhan\App\Product\Model\ProductModel.class.php 第 5 行.
SQL: SHOW COLUMNS FROM `wei_product` [ RunTime:0.003649s ]
SQL: update wei_product set click_good = click_good+1 where id=1 [ RunTime:0.000549s ]
SQL: SELECT `click_good` FROM `wei_product` WHERE ( `id` = 1 ) LIMIT 1   [ RunTime:0.000410s ]
INFO: [ app_end ] --START--
INFO: Run Behavior\ShowPageTraceBehavior [ RunTime:0.000617s ]
INFO: [ app_end ] --END-- [ RunTime:0.000674s ]

[ 2015-03-20T15:51:44+08:00 ] 192.168.1.106 /index.php/Product/Product/ajaxZan?id=1
INFO: [ app_init ] --START--
INFO: Run Behavior\BuildLiteBehavior [ RunTime:0.000017s ]
INFO: [ app_init ] --END-- [ RunTime:0.000462s ]
INFO: [ app_begin ] --START--
INFO: Run Behavior\ReadHtmlCacheBehavior [ RunTime:0.000684s ]
INFO: [ app_begin ] --END-- [ RunTime:0.000751s ]
NOTIC: [8] A session had already been started - ignoring session_start() D:\weizhan\App\Home\Controller\BaseController.class.php 第 13 行.
NOTIC: [2048] Declaration of Product\Model\ProductModel::_after_insert() should be compatible with that of Think\Model::_after_insert() D:\weizhan\App\Product\Model\ProductModel.class.php 第 5 行.
SQL: SHOW COLUMNS FROM `wei_product` [ RunTime:0.003547s ]
SQL: update wei_product set click_good = click_good+1 where id=1 [ RunTime:0.000471s ]
SQL: SELECT `click_good` FROM `wei_product` WHERE ( `id` = 1 ) LIMIT 1   [ RunTime:0.000426s ]
INFO: [ app_end ] --START--
INFO: Run Behavior\ShowPageTraceBehavior [ RunTime:0.000683s ]
INFO: [ app_end ] --END-- [ RunTime:0.000736s ]

[ 2015-03-20T15:52:24+08:00 ] 192.168.1.106 /index.php/Product/Product/detail?id=1
INFO: [ app_init ] --START--
INFO: Run Behavior\BuildLiteBehavior [ RunTime:0.000019s ]
INFO: [ app_init ] --END-- [ RunTime:0.000566s ]
INFO: [ app_begin ] --START--
INFO: Run Behavior\ReadHtmlCacheBehavior [ RunTime:0.000621s ]
INFO: [ app_begin ] --END-- [ RunTime:0.000700s ]
NOTIC: [8] A session had already been started - ignoring session_start() D:\weizhan\App\Home\Controller\BaseController.class.php 第 13 行.
NOTIC: [2048] Declaration of Product\Model\ProductModel::_after_insert() should be compatible with that of Think\Model::_after_insert() D:\weizhan\App\Product\Model\ProductModel.class.php 第 5 行.
SQL: SHOW COLUMNS FROM `wei_product` [ RunTime:0.005069s ]
SQL: update wei_product set click = click +1 where id = 1 [ RunTime:0.000752s ]
SQL: SELECT * FROM `wei_product` WHERE ( `id` = 1 ) LIMIT 1   [ RunTime:0.000491s ]
INFO: [ view_parse ] --START--
INFO: [ template_filter ] --START--
INFO: Run Behavior\ContentReplaceBehavior [ RunTime:0.000049s ]
INFO: [ template_filter ] --END-- [ RunTime:0.000105s ]
INFO: Run Behavior\ParseTemplateBehavior [ RunTime:0.005761s ]
INFO: [ view_parse ] --END-- [ RunTime:0.005819s ]
INFO: [ view_filter ] --START--
INFO: Run Behavior\WriteHtmlCacheBehavior [ RunTime:0.000359s ]
INFO: [ view_filter ] --END-- [ RunTime:0.000408s ]
INFO: [ app_end ] --START--
INFO: Run Behavior\ShowPageTraceBehavior [ RunTime:0.000570s ]
INFO: [ app_end ] --END-- [ RunTime:0.000617s ]

[ 2015-03-20T15:55:44+08:00 ] 192.168.1.106 /index.php/Product/Product/ajaxZan?id=2
INFO: [ app_init ] --START--
INFO: Run Behavior\BuildLiteBehavior [ RunTime:0.000023s ]
INFO: [ app_init ] --END-- [ RunTime:0.000736s ]
INFO: [ app_begin ] --START--
INFO: Run Behavior\ReadHtmlCacheBehavior [ RunTime:0.000939s ]
INFO: [ app_begin ] --END-- [ RunTime:0.001029s ]
NOTIC: [8] A session had already been started - ignoring session_start() D:\weizhan\App\Home\Controller\BaseController.class.php 第 13 行.
NOTIC: [2048] Declaration of Product\Model\ProductModel::_after_insert() should be compatible with that of Think\Model::_after_insert() D:\weizhan\App\Product\Model\ProductModel.class.php 第 5 行.
SQL: SHOW COLUMNS FROM `wei_product` [ RunTime:0.003259s ]
SQL: update wei_product set click_good = click_good+1 where id=2 [ RunTime:0.000464s ]
SQL: SELECT `click_good` FROM `wei_product` WHERE ( `id` = 2 ) LIMIT 1   [ RunTime:0.000418s ]
INFO: [ app_end ] --START--
INFO: Run Behavior\ShowPageTraceBehavior [ RunTime:0.000647s ]
INFO: [ app_end ] --END-- [ RunTime:0.000701s ]

[ 2015-03-20T15:55:45+08:00 ] 192.168.1.106 /index.php/Product/Product/ajaxZan?id=1
INFO: [ app_init ] --START--
INFO: Run Behavior\BuildLiteBehavior [ RunTime:0.000012s ]
INFO: [ app_init ] --END-- [ RunTime:0.000335s ]
INFO: [ app_begin ] --START--
INFO: Run Behavior\ReadHtmlCacheBehavior [ RunTime:0.000436s ]
INFO: [ app_begin ] --END-- [ RunTime:0.000479s ]
NOTIC: [8] A session had already been started - ignoring session_start() D:\weizhan\App\Home\Controller\BaseController.class.php 第 13 行.
NOTIC: [2048] Declaration of Product\Model\ProductModel::_after_insert() should be compatible with that of Think\Model::_after_insert() D:\weizhan\App\Product\Model\ProductModel.class.php 第 5 行.
SQL: SHOW COLUMNS FROM `wei_product` [ RunTime:0.003795s ]
SQL: update wei_product set click_good = click_good+1 where id=1 [ RunTime:0.000478s ]
SQL: SELECT `click_good` FROM `wei_product` WHERE ( `id` = 1 ) LIMIT 1   [ RunTime:0.000433s ]
INFO: [ app_end ] --START--
INFO: Run Behavior\ShowPageTraceBehavior [ RunTime:0.000760s ]
INFO: [ app_end ] --END-- [ RunTime:0.000820s ]

[ 2015-03-20T15:55:46+08:00 ] 192.168.1.106 /index.php/Product/Product/ajaxZan?id=2
INFO: [ app_init ] --START--
INFO: Run Behavior\BuildLiteBehavior [ RunTime:0.000014s ]
INFO: [ app_init ] --END-- [ RunTime:0.000389s ]
INFO: [ app_begin ] --START--
INFO: Run Behavior\ReadHtmlCacheBehavior [ RunTime:0.000493s ]
INFO: [ app_begin ] --END-- [ RunTime:0.000538s ]
NOTIC: [8] A session had already been started - ignoring session_start() D:\weizhan\App\Home\Controller\BaseController.class.php 第 13 行.
NOTIC: [2048] Declaration of Product\Model\ProductModel::_after_insert() should be compatible with that of Think\Model::_after_insert() D:\weizhan\App\Product\Model\ProductModel.class.php 第 5 行.
SQL: SHOW COLUMNS FROM `wei_product` [ RunTime:0.003320s ]
SQL: update wei_product set click_good = click_good+1 where id=2 [ RunTime:0.000632s ]
SQL: SELECT `click_good` FROM `wei_product` WHERE ( `id` = 2 ) LIMIT 1   [ RunTime:0.000519s ]
INFO: [ app_end ] --START--
INFO: Run Behavior\ShowPageTraceBehavior [ RunTime:0.000798s ]
INFO: [ app_end ] --END-- [ RunTime:0.000875s ]

[ 2015-03-20T15:55:47+08:00 ] 192.168.1.106 /index.php/Product/Product/ajaxZan?id=2
INFO: [ app_init ] --START--
INFO: Run Behavior\BuildLiteBehavior [ RunTime:0.000012s ]
INFO: [ app_init ] --END-- [ RunTime:0.000408s ]
INFO: [ app_begin ] --START--
INFO: Run Behavior\ReadHtmlCacheBehavior [ RunTime:0.000427s ]
INFO: [ app_begin ] --END-- [ RunTime:0.000471s ]
NOTIC: [8] A session had already been started - ignoring session_start() D:\weizhan\App\Home\Controller\BaseController.class.php 第 13 行.
NOTIC: [2048] Declaration of Product\Model\ProductModel::_after_insert() should be compatible with that of Think\Model::_after_insert() D:\weizhan\App\Product\Model\ProductModel.class.php 第 5 行.
SQL: SHOW COLUMNS FROM `wei_product` [ RunTime:0.004139s ]
SQL: update wei_product set click_good = click_good+1 where id=2 [ RunTime:0.000479s ]
SQL: SELECT `click_good` FROM `wei_product` WHERE ( `id` = 2 ) LIMIT 1   [ RunTime:0.000407s ]
INFO: [ app_end ] --START--
INFO: Run Behavior\ShowPageTraceBehavior [ RunTime:0.000592s ]
INFO: [ app_end ] --END-- [ RunTime:0.000640s ]

[ 2015-03-20T15:55:48+08:00 ] 192.168.1.106 /index.php/Product/Product/ajaxZan?id=3
INFO: [ app_init ] --START--
INFO: Run Behavior\BuildLiteBehavior [ RunTime:0.000021s ]
INFO: [ app_init ] --END-- [ RunTime:0.000524s ]
INFO: [ app_begin ] --START--
INFO: Run Behavior\ReadHtmlCacheBehavior [ RunTime:0.000691s ]
INFO: [ app_begin ] --END-- [ RunTime:0.000771s ]
NOTIC: [8] A session had already been started - ignoring session_start() D:\weizhan\App\Home\Controller\BaseController.class.php 第 13 行.
NOTIC: [2048] Declaration of Product\Model\ProductModel::_after_insert() should be compatible with that of Think\Model::_after_insert() D:\weizhan\App\Product\Model\ProductModel.class.php 第 5 行.
SQL: SHOW COLUMNS FROM `wei_product` [ RunTime:0.003080s ]
SQL: update wei_product set click_good = click_good+1 where id=3 [ RunTime:0.000539s ]
SQL: SELECT `click_good` FROM `wei_product` WHERE ( `id` = 3 ) LIMIT 1   [ RunTime:0.000445s ]
INFO: [ app_end ] --START--
INFO: Run Behavior\ShowPageTraceBehavior [ RunTime:0.000658s ]
INFO: [ app_end ] --END-- [ RunTime:0.000714s ]

[ 2015-03-20T15:55:48+08:00 ] 192.168.1.106 /index.php/Product/Product/ajaxZan?id=3
INFO: [ app_init ] --START--
INFO: Run Behavior\BuildLiteBehavior [ RunTime:0.000020s ]
INFO: [ app_init ] --END-- [ RunTime:0.000462s ]
INFO: [ app_begin ] --START--
INFO: Run Behavior\ReadHtmlCacheBehavior [ RunTime:0.000652s ]
INFO: [ app_begin ] --END-- [ RunTime:0.000724s ]
NOTIC: [8] A session had already been started - ignoring session_start() D:\weizhan\App\Home\Controller\BaseController.class.php 第 13 行.
NOTIC: [2048] Declaration of Product\Model\ProductModel::_after_insert() should be compatible with that of Think\Model::_after_insert() D:\weizhan\App\Product\Model\ProductModel.class.php 第 5 行.
SQL: SHOW COLUMNS FROM `wei_product` [ RunTime:0.003671s ]
SQL: update wei_product set click_good = click_good+1 where id=3 [ RunTime:0.000473s ]
SQL: SELECT `click_good` FROM `wei_product` WHERE ( `id` = 3 ) LIMIT 1   [ RunTime:0.000428s ]
INFO: [ app_end ] --START--
INFO: Run Behavior\ShowPageTraceBehavior [ RunTime:0.000813s ]
INFO: [ app_end ] --END-- [ RunTime:0.000917s ]

[ 2015-03-20T15:55:49+08:00 ] 192.168.1.106 /index.php/Product/Product/ajaxZan?id=1
INFO: [ app_init ] --START--
INFO: Run Behavior\BuildLiteBehavior [ RunTime:0.000012s ]
INFO: [ app_init ] --END-- [ RunTime:0.000313s ]
INFO: [ app_begin ] --START--
INFO: Run Behavior\ReadHtmlCacheBehavior [ RunTime:0.000404s ]
INFO: [ app_begin ] --END-- [ RunTime:0.000448s ]
NOTIC: [8] A session had already been started - ignoring session_start() D:\weizhan\App\Home\Controller\BaseController.class.php 第 13 行.
NOTIC: [2048] Declaration of Product\Model\ProductModel::_after_insert() should be compatible with that of Think\Model::_after_insert() D:\weizhan\App\Product\Model\ProductModel.class.php 第 5 行.
SQL: SHOW COLUMNS FROM `wei_product` [ RunTime:0.003389s ]
SQL: update wei_product set click_good = click_good+1 where id=1 [ RunTime:0.000436s ]
SQL: SELECT `click_good` FROM `wei_product` WHERE ( `id` = 1 ) LIMIT 1   [ RunTime:0.000422s ]
INFO: [ app_end ] --START--
INFO: Run Behavior\ShowPageTraceBehavior [ RunTime:0.000786s ]
INFO: [ app_end ] --END-- [ RunTime:0.000858s ]

[ 2015-03-20T15:55:51+08:00 ] 192.168.1.106 /index.php/Product/Product/ajaxZan?id=2
INFO: [ app_init ] --START--
INFO: Run Behavior\BuildLiteBehavior [ RunTime:0.000025s ]
INFO: [ app_init ] --END-- [ RunTime:0.000580s ]
INFO: [ app_begin ] --START--
INFO: Run Behavior\ReadHtmlCacheBehavior [ RunTime:0.000822s ]
INFO: [ app_begin ] --END-- [ RunTime:0.000911s ]
NOTIC: [8] A session had already been started - ignoring session_start() D:\weizhan\App\Home\Controller\BaseController.class.php 第 13 行.
NOTIC: [2048] Declaration of Product\Model\ProductModel::_after_insert() should be compatible with that of Think\Model::_after_insert() D:\weizhan\App\Product\Model\ProductModel.class.php 第 5 行.
SQL: SHOW COLUMNS FROM `wei_product` [ RunTime:0.003320s ]
SQL: update wei_product set click_good = click_good+1 where id=2 [ RunTime:0.000449s ]
SQL: SELECT `click_good` FROM `wei_product` WHERE ( `id` = 2 ) LIMIT 1   [ RunTime:0.000431s ]
INFO: [ app_end ] --START--
INFO: Run Behavior\ShowPageTraceBehavior [ RunTime:0.000703s ]
INFO: [ app_end ] --END-- [ RunTime:0.000759s ]

[ 2015-03-20T15:55:52+08:00 ] 192.168.1.106 /index.php/Product/Product/detail?id=3
INFO: [ app_init ] --START--
INFO: Run Behavior\BuildLiteBehavior [ RunTime:0.000032s ]
INFO: [ app_init ] --END-- [ RunTime:0.000804s ]
INFO: [ app_begin ] --START--
INFO: Run Behavior\ReadHtmlCacheBehavior [ RunTime:0.001127s ]
INFO: [ app_begin ] --END-- [ RunTime:0.001296s ]
NOTIC: [8] A session had already been started - ignoring session_start() D:\weizhan\App\Home\Controller\BaseController.class.php 第 13 行.
NOTIC: [2048] Declaration of Product\Model\ProductModel::_after_insert() should be compatible with that of Think\Model::_after_insert() D:\weizhan\App\Product\Model\ProductModel.class.php 第 5 行.
SQL: SHOW COLUMNS FROM `wei_product` [ RunTime:0.003541s ]
SQL: update wei_product set click = click +1 where id = 3 [ RunTime:0.000471s ]
SQL: SELECT * FROM `wei_product` WHERE ( `id` = 3 ) LIMIT 1   [ RunTime:0.000500s ]
INFO: [ view_parse ] --START--
INFO: [ template_filter ] --START--
INFO: Run Behavior\ContentReplaceBehavior [ RunTime:0.000048s ]
INFO: [ template_filter ] --END-- [ RunTime:0.000098s ]
INFO: Run Behavior\ParseTemplateBehavior [ RunTime:0.005836s ]
INFO: [ view_parse ] --END-- [ RunTime:0.005897s ]
INFO: [ view_filter ] --START--
INFO: Run Behavior\WriteHtmlCacheBehavior [ RunTime:0.000341s ]
INFO: [ view_filter ] --END-- [ RunTime:0.000383s ]
INFO: [ app_end ] --START--
INFO: Run Behavior\ShowPageTraceBehavior [ RunTime:0.000559s ]
INFO: [ app_end ] --END-- [ RunTime:0.000619s ]

[ 2015-03-20T15:55:55+08:00 ] 192.168.1.106 /index.php/Product/Product/ajaxZan?id=2
INFO: [ app_init ] --START--
INFO: Run Behavior\BuildLiteBehavior [ RunTime:0.000012s ]
INFO: [ app_init ] --END-- [ RunTime:0.000404s ]
INFO: [ app_begin ] --START--
INFO: Run Behavior\ReadHtmlCacheBehavior [ RunTime:0.000484s ]
INFO: [ app_begin ] --END-- [ RunTime:0.000529s ]
NOTIC: [8] A session had already been started - ignoring session_start() D:\weizhan\App\Home\Controller\BaseController.class.php 第 13 行.
NOTIC: [2048] Declaration of Product\Model\ProductModel::_after_insert() should be compatible with that of Think\Model::_after_insert() D:\weizhan\App\Product\Model\ProductModel.class.php 第 5 行.
SQL: SHOW COLUMNS FROM `wei_product` [ RunTime:0.003427s ]
SQL: update wei_product set click_good = click_good+1 where id=2 [ RunTime:0.000488s ]
SQL: SELECT `click_good` FROM `wei_product` WHERE ( `id` = 2 ) LIMIT 1   [ RunTime:0.000425s ]
INFO: [ app_end ] --START--
INFO: Run Behavior\ShowPageTraceBehavior [ RunTime:0.000702s ]
INFO: [ app_end ] --END-- [ RunTime:0.000756s ]

[ 2015-03-20T15:55:56+08:00 ] 192.168.1.106 /index.php/Product/Product/ajaxZan?id=2
INFO: [ app_init ] --START--
INFO: Run Behavior\BuildLiteBehavior [ RunTime:0.000018s ]
INFO: [ app_init ] --END-- [ RunTime:0.000562s ]
INFO: [ app_begin ] --START--
INFO: Run Behavior\ReadHtmlCacheBehavior [ RunTime:0.000807s ]
INFO: [ app_begin ] --END-- [ RunTime:0.000890s ]
NOTIC: [8] A session had already been started - ignoring session_start() D:\weizhan\App\Home\Controller\BaseController.class.php 第 13 行.
NOTIC: [2048] Declaration of Product\Model\ProductModel::_after_insert() should be compatible with that of Think\Model::_after_insert() D:\weizhan\App\Product\Model\ProductModel.class.php 第 5 行.
SQL: SHOW COLUMNS FROM `wei_product` [ RunTime:0.003848s ]
SQL: update wei_product set click_good = click_good+1 where id=2 [ RunTime:0.000455s ]
SQL: SELECT `click_good` FROM `wei_product` WHERE ( `id` = 2 ) LIMIT 1   [ RunTime:0.000451s ]
INFO: [ app_end ] --START--
INFO: Run Behavior\ShowPageTraceBehavior [ RunTime:0.000777s ]
INFO: [ app_end ] --END-- [ RunTime:0.000834s ]

[ 2015-03-20T15:55:57+08:00 ] 192.168.1.106 /index.php/Product/Product/ajaxZan?id=2
INFO: [ app_init ] --START--
INFO: Run Behavior\BuildLiteBehavior [ RunTime:0.000014s ]
INFO: [ app_init ] --END-- [ RunTime:0.000451s ]
INFO: [ app_begin ] --START--
INFO: Run Behavior\ReadHtmlCacheBehavior [ RunTime:0.000525s ]
INFO: [ app_begin ] --END-- [ RunTime:0.000577s ]
NOTIC: [8] A session had already been started - ignoring session_start() D:\weizhan\App\Home\Controller\BaseController.class.php 第 13 行.
NOTIC: [2048] Declaration of Product\Model\ProductModel::_after_insert() should be compatible with that of Think\Model::_after_insert() D:\weizhan\App\Product\Model\ProductModel.class.php 第 5 行.
SQL: SHOW COLUMNS FROM `wei_product` [ RunTime:0.003694s ]
SQL: update wei_product set click_good = click_good+1 where id=2 [ RunTime:0.000477s ]
SQL: SELECT `click_good` FROM `wei_product` WHERE ( `id` = 2 ) LIMIT 1   [ RunTime:0.000471s ]
INFO: [ app_end ] --START--
INFO: Run Behavior\ShowPageTraceBehavior [ RunTime:0.000856s ]
INFO: [ app_end ] --END-- [ RunTime:0.000924s ]

[ 2015-03-20T15:55:58+08:00 ] 192.168.1.106 /index.php/Product/Product/ajaxZan?id=3
INFO: [ app_init ] --START--
INFO: Run Behavior\BuildLiteBehavior [ RunTime:0.000012s ]
INFO: [ app_init ] --END-- [ RunTime:0.000396s ]
INFO: [ app_begin ] --START--
INFO: Run Behavior\ReadHtmlCacheBehavior [ RunTime:0.000397s ]
INFO: [ app_begin ] --END-- [ RunTime:0.000438s ]
NOTIC: [8] A session had already been started - ignoring session_start() D:\weizhan\App\Home\Controller\BaseController.class.php 第 13 行.
NOTIC: [2048] Declaration of Product\Model\ProductModel::_after_insert() should be compatible with that of Think\Model::_after_insert() D:\weizhan\App\Product\Model\ProductModel.class.php 第 5 行.
SQL: SHOW COLUMNS FROM `wei_product` [ RunTime:0.004022s ]
SQL: update wei_product set click_good = click_good+1 where id=3 [ RunTime:0.000458s ]
SQL: SELECT `click_good` FROM `wei_product` WHERE ( `id` = 3 ) LIMIT 1   [ RunTime:0.000469s ]
INFO: [ app_end ] --START--
INFO: Run Behavior\ShowPageTraceBehavior [ RunTime:0.000842s ]
INFO: [ app_end ] --END-- [ RunTime:0.000909s ]

[ 2015-03-20T15:55:59+08:00 ] 192.168.1.106 /index.php/Product/Product/ajaxZan?id=1
INFO: [ app_init ] --START--
INFO: Run Behavior\BuildLiteBehavior [ RunTime:0.000023s ]
INFO: [ app_init ] --END-- [ RunTime:0.000371s ]
INFO: [ app_begin ] --START--
INFO: Run Behavior\ReadHtmlCacheBehavior [ RunTime:0.000431s ]
INFO: [ app_begin ] --END-- [ RunTime:0.000497s ]
NOTIC: [8] A session had already been started - ignoring session_start() D:\weizhan\App\Home\Controller\BaseController.class.php 第 13 行.
NOTIC: [2048] Declaration of Product\Model\ProductModel::_after_insert() should be compatible with that of Think\Model::_after_insert() D:\weizhan\App\Product\Model\ProductModel.class.php 第 5 行.
SQL: SHOW COLUMNS FROM `wei_product` [ RunTime:0.003770s ]
SQL: update wei_product set click_good = click_good+1 where id=1 [ RunTime:0.000414s ]
SQL: SELECT `click_good` FROM `wei_product` WHERE ( `id` = 1 ) LIMIT 1   [ RunTime:0.000412s ]
INFO: [ app_end ] --START--
INFO: Run Behavior\ShowPageTraceBehavior [ RunTime:0.000680s ]
INFO: [ app_end ] --END-- [ RunTime:0.000733s ]

[ 2015-03-20T15:56:00+08:00 ] 192.168.1.106 /index.php/Product/Product/ajaxZan?id=1
INFO: [ app_init ] --START--
INFO: Run Behavior\BuildLiteBehavior [ RunTime:0.000012s ]
INFO: [ app_init ] --END-- [ RunTime:0.000377s ]
INFO: [ app_begin ] --START--
INFO: Run Behavior\ReadHtmlCacheBehavior [ RunTime:0.000496s ]
INFO: [ app_begin ] --END-- [ RunTime:0.000543s ]
NOTIC: [8] A session had already been started - ignoring session_start() D:\weizhan\App\Home\Controller\BaseController.class.php 第 13 行.
NOTIC: [2048] Declaration of Product\Model\ProductModel::_after_insert() should be compatible with that of Think\Model::_after_insert() D:\weizhan\App\Product\Model\ProductModel.class.php 第 5 行.
SQL: SHOW COLUMNS FROM `wei_product` [ RunTime:0.003541s ]
SQL: update wei_product set click_good = click_good+1 where id=1 [ RunTime:0.000448s ]
SQL: SELECT `click_good` FROM `wei_product` WHERE ( `id` = 1 ) LIMIT 1   [ RunTime:0.000464s ]
INFO: [ app_end ] --START--
INFO: Run Behavior\ShowPageTraceBehavior [ RunTime:0.000589s ]
INFO: [ app_end ] --END-- [ RunTime:0.000636s ]

[ 2015-03-20T15:56:01+08:00 ] 192.168.1.106 /index.php/Product/Product/ajaxZan?id=3
INFO: [ app_init ] --START--
INFO: Run Behavior\BuildLiteBehavior [ RunTime:0.000022s ]
INFO: [ app_init ] --END-- [ RunTime:0.000662s ]
INFO: [ app_begin ] --START--
INFO: Run Behavior\ReadHtmlCacheBehavior [ RunTime:0.000858s ]
INFO: [ app_begin ] --END-- [ RunTime:0.000946s ]
NOTIC: [8] A session had already been started - ignoring session_start() D:\weizhan\App\Home\Controller\BaseController.class.php 第 13 行.
NOTIC: [2048] Declaration of Product\Model\ProductModel::_after_insert() should be compatible with that of Think\Model::_after_insert() D:\weizhan\App\Product\Model\ProductModel.class.php 第 5 行.
SQL: SHOW COLUMNS FROM `wei_product` [ RunTime:0.003807s ]
SQL: update wei_product set click_good = click_good+1 where id=3 [ RunTime:0.000439s ]
SQL: SELECT `click_good` FROM `wei_product` WHERE ( `id` = 3 ) LIMIT 1   [ RunTime:0.000547s ]
INFO: [ app_end ] --START--
INFO: Run Behavior\ShowPageTraceBehavior [ RunTime:0.000706s ]
INFO: [ app_end ] --END-- [ RunTime:0.000761s ]

[ 2015-03-20T15:56:01+08:00 ] 192.168.1.106 /index.php/Product/Product/ajaxZan?id=3
INFO: [ app_init ] --START--
INFO: Run Behavior\BuildLiteBehavior [ RunTime:0.000019s ]
INFO: [ app_init ] --END-- [ RunTime:0.000509s ]
INFO: [ app_begin ] --START--
INFO: Run Behavior\ReadHtmlCacheBehavior [ RunTime:0.000722s ]
INFO: [ app_begin ] --END-- [ RunTime:0.000802s ]
NOTIC: [8] A session had already been started - ignoring session_start() D:\weizhan\App\Home\Controller\BaseController.class.php 第 13 行.
NOTIC: [2048] Declaration of Product\Model\ProductModel::_after_insert() should be compatible with that of Think\Model::_after_insert() D:\weizhan\App\Product\Model\ProductModel.class.php 第 5 行.
SQL: SHOW COLUMNS FROM `wei_product` [ RunTime:0.004496s ]
SQL: update wei_product set click_good = click_good+1 where id=3 [ RunTime:0.000482s ]
SQL: SELECT `click_good` FROM `wei_product` WHERE ( `id` = 3 ) LIMIT 1   [ RunTime:0.000422s ]
INFO: [ app_end ] --START--
INFO: Run Behavior\ShowPageTraceBehavior [ RunTime:0.000792s ]
INFO: [ app_end ] --END-- [ RunTime:0.000859s ]

[ 2015-03-20T15:56:02+08:00 ] 192.168.1.106 /index.php/Product/Product/ajaxZan?id=2
INFO: [ app_init ] --START--
INFO: Run Behavior\BuildLiteBehavior [ RunTime:0.000031s ]
INFO: [ app_init ] --END-- [ RunTime:0.000983s ]
INFO: [ app_begin ] --START--
INFO: Run Behavior\ReadHtmlCacheBehavior [ RunTime:0.001187s ]
INFO: [ app_begin ] --END-- [ RunTime:0.001303s ]
NOTIC: [8] A session had already been started - ignoring session_start() D:\weizhan\App\Home\Controller\BaseController.class.php 第 13 行.
NOTIC: [2048] Declaration of Product\Model\ProductModel::_after_insert() should be compatible with that of Think\Model::_after_insert() D:\weizhan\App\Product\Model\ProductModel.class.php 第 5 行.
SQL: SHOW COLUMNS FROM `wei_product` [ RunTime:0.003339s ]
SQL: update wei_product set click_good = click_good+1 where id=2 [ RunTime:0.000466s ]
SQL: SELECT `click_good` FROM `wei_product` WHERE ( `id` = 2 ) LIMIT 1   [ RunTime:0.000443s ]
INFO: [ app_end ] --START--
INFO: Run Behavior\ShowPageTraceBehavior [ RunTime:0.000902s ]
INFO: [ app_end ] --END-- [ RunTime:0.000966s ]

[ 2015-03-20T15:56:03+08:00 ] 192.168.1.106 /index.php/Product/Product/ajaxZan?id=2
INFO: [ app_init ] --START--
INFO: Run Behavior\BuildLiteBehavior [ RunTime:0.000025s ]
INFO: [ app_init ] --END-- [ RunTime:0.000697s ]
INFO: [ app_begin ] --START--
INFO: Run Behavior\ReadHtmlCacheBehavior [ RunTime:0.000898s ]
INFO: [ app_begin ] --END-- [ RunTime:0.000993s ]
NOTIC: [8] A session had already been started - ignoring session_start() D:\weizhan\App\Home\Controller\BaseController.class.php 第 13 行.
NOTIC: [2048] Declaration of Product\Model\ProductModel::_after_insert() should be compatible with that of Think\Model::_after_insert() D:\weizhan\App\Product\Model\ProductModel.class.php 第 5 行.
SQL: SHOW COLUMNS FROM `wei_product` [ RunTime:0.003764s ]
SQL: update wei_product set click_good = click_good+1 where id=2 [ RunTime:0.000468s ]
SQL: SELECT `click_good` FROM `wei_product` WHERE ( `id` = 2 ) LIMIT 1   [ RunTime:0.000462s ]
INFO: [ app_end ] --START--
INFO: Run Behavior\ShowPageTraceBehavior [ RunTime:0.000709s ]
INFO: [ app_end ] --END-- [ RunTime:0.000774s ]

[ 2015-03-20T17:07:49+08:00 ] 192.168.1.107 /
INFO: [ app_init ] --START--
INFO: Run Behavior\BuildLiteBehavior [ RunTime:0.000014s ]
INFO: [ app_init ] --END-- [ RunTime:0.000402s ]
INFO: [ app_begin ] --START--
INFO: Run Behavior\ReadHtmlCacheBehavior [ RunTime:0.000476s ]
INFO: [ app_begin ] --END-- [ RunTime:0.000530s ]
NOTIC: [8] A session had already been started - ignoring session_start() D:\weizhan\App\Home\Controller\BaseController.class.php 第 13 行.

[ 2015-03-20T17:07:49+08:00 ] 192.168.1.107 /index.php/Home/Login/login.html
INFO: [ app_init ] --START--
INFO: Run Behavior\BuildLiteBehavior [ RunTime:0.000016s ]
INFO: [ app_init ] --END-- [ RunTime:0.000403s ]
INFO: [ app_begin ] --START--
INFO: Run Behavior\ReadHtmlCacheBehavior [ RunTime:0.000485s ]
INFO: [ app_begin ] --END-- [ RunTime:0.000540s ]
INFO: [ view_parse ] --START--
INFO: [ template_filter ] --START--
INFO: Run Behavior\ContentReplaceBehavior [ RunTime:0.000045s ]
INFO: [ template_filter ] --END-- [ RunTime:0.000120s ]
INFO: Run Behavior\ParseTemplateBehavior [ RunTime:0.005794s ]
INFO: [ view_parse ] --END-- [ RunTime:0.005879s ]
INFO: [ view_filter ] --START--
INFO: Run Behavior\WriteHtmlCacheBehavior [ RunTime:0.000345s ]
INFO: [ view_filter ] --END-- [ RunTime:0.000389s ]
INFO: [ app_end ] --START--
INFO: Run Behavior\ShowPageTraceBehavior [ RunTime:0.000607s ]
INFO: [ app_end ] --END-- [ RunTime:0.000654s ]

[ 2015-03-20T17:08:17+08:00 ] 192.168.1.107 /index.php/Api/Product
INFO: [ app_init ] --START--
INFO: Run Behavior\BuildLiteBehavior [ RunTime:0.000013s ]
INFO: [ app_init ] --END-- [ RunTime:0.000395s ]
INFO: [ app_begin ] --START--
INFO: Run Behavior\ReadHtmlCacheBehavior [ RunTime:0.000826s ]
INFO: [ app_begin ] --END-- [ RunTime:0.000927s ]
ERR: 无法加载控制器:Product

[ 2015-03-20T17:09:27+08:00 ] 192.168.1.107 /index.php/Product/Product/lst
INFO: [ app_init ] --START--
INFO: Run Behavior\BuildLiteBehavior [ RunTime:0.000013s ]
INFO: [ app_init ] --END-- [ RunTime:0.000395s ]
INFO: [ app_begin ] --START--
INFO: Run Behavior\ReadHtmlCacheBehavior [ RunTime:0.000559s ]
INFO: [ app_begin ] --END-- [ RunTime:0.000612s ]
NOTIC: [8] A session had already been started - ignoring session_start() D:\weizhan\App\Home\Controller\BaseController.class.php 第 13 行.

[ 2015-03-20T17:09:27+08:00 ] 192.168.1.107 /index.php/Api/Product
INFO: [ app_init ] --START--
INFO: Run Behavior\BuildLiteBehavior [ RunTime:0.000021s ]
INFO: [ app_init ] --END-- [ RunTime:0.000525s ]
INFO: [ app_begin ] --START--
INFO: Run Behavior\ReadHtmlCacheBehavior [ RunTime:0.000761s ]
INFO: [ app_begin ] --END-- [ RunTime:0.000835s ]
ERR: 无法加载控制器:Product

[ 2015-03-20T17:09:50+08:00 ] 192.168.1.107 /index.php/Product/Product/lst
INFO: [ app_init ] --START--
INFO: Run Behavior\BuildLiteBehavior [ RunTime:0.000021s ]
INFO: [ app_init ] --END-- [ RunTime:0.000446s ]
INFO: [ app_begin ] --START--
INFO: Run Behavior\ReadHtmlCacheBehavior [ RunTime:0.000541s ]
INFO: [ app_begin ] --END-- [ RunTime:0.000596s ]
NOTIC: [8] A session had already been started - ignoring session_start() D:\weizhan\App\Home\Controller\BaseController.class.php 第 13 行.

[ 2015-03-20T17:09:50+08:00 ] 192.168.1.107 /index.php/Api/Product
INFO: [ app_init ] --START--
INFO: Run Behavior\BuildLiteBehavior [ RunTime:0.000014s ]
INFO: [ app_init ] --END-- [ RunTime:0.000326s ]
INFO: [ app_begin ] --START--
INFO: Run Behavior\ReadHtmlCacheBehavior [ RunTime:0.000645s ]
INFO: [ app_begin ] --END-- [ RunTime:0.000706s ]
ERR: 无法加载控制器:Product

[ 2015-03-20T17:10:09+08:00 ] 192.168.1.107 /index.php/Product/Product/lst
INFO: [ app_init ] --START--
INFO: Run Behavior\BuildLiteBehavior [ RunTime:0.000016s ]
INFO: [ app_init ] --END-- [ RunTime:0.000474s ]
INFO: [ app_begin ] --START--
INFO: Run Behavior\ReadHtmlCacheBehavior [ RunTime:0.000701s ]
INFO: [ app_begin ] --END-- [ RunTime:0.000775s ]
NOTIC: [8] A session had already been started - ignoring session_start() D:\weizhan\App\Home\Controller\BaseController.class.php 第 13 行.

[ 2015-03-20T17:10:09+08:00 ] 192.168.1.107 /index.php/Api/Product
INFO: [ app_init ] --START--
INFO: Run Behavior\BuildLiteBehavior [ RunTime:0.000015s ]
INFO: [ app_init ] --END-- [ RunTime:0.000376s ]
INFO: [ app_begin ] --START--
INFO: Run Behavior\ReadHtmlCacheBehavior [ RunTime:0.000525s ]
INFO: [ app_begin ] --END-- [ RunTime:0.000577s ]
ERR: 无法加载控制器:Product

[ 2015-03-20T17:10:10+08:00 ] 192.168.1.107 /index.php/Product/Product/lst
INFO: [ app_init ] --START--
INFO: Run Behavior\BuildLiteBehavior [ RunTime:0.000015s ]
INFO: [ app_init ] --END-- [ RunTime:0.000364s ]
INFO: [ app_begin ] --START--
INFO: Run Behavior\ReadHtmlCacheBehavior [ RunTime:0.000591s ]
INFO: [ app_begin ] --END-- [ RunTime:0.000642s ]
NOTIC: [8] A session had already been started - ignoring session_start() D:\weizhan\App\Home\Controller\BaseController.class.php 第 13 行.

[ 2015-03-20T17:10:10+08:00 ] 192.168.1.107 /index.php/Api/Product
INFO: [ app_init ] --START--
INFO: Run Behavior\BuildLiteBehavior [ RunTime:0.000023s ]
INFO: [ app_init ] --END-- [ RunTime:0.000568s ]
INFO: [ app_begin ] --START--
INFO: Run Behavior\ReadHtmlCacheBehavior [ RunTime:0.000753s ]
INFO: [ app_begin ] --END-- [ RunTime:0.000846s ]
ERR: 无法加载控制器:Product

[ 2015-03-20T17:10:11+08:00 ] 192.168.1.107 /index.php/Product/Product/lst
INFO: [ app_init ] --START--
INFO: Run Behavior\BuildLiteBehavior [ RunTime:0.000024s ]
INFO: [ app_init ] --END-- [ RunTime:0.000490s ]
INFO: [ app_begin ] --START--
INFO: Run Behavior\ReadHtmlCacheBehavior [ RunTime:0.000437s ]
INFO: [ app_begin ] --END-- [ RunTime:0.000495s ]
NOTIC: [8] A session had already been started - ignoring session_start() D:\weizhan\App\Home\Controller\BaseController.class.php 第 13 行.

[ 2015-03-20T17:10:11+08:00 ] 192.168.1.107 /index.php/Api/Product
INFO: [ app_init ] --START--
INFO: Run Behavior\BuildLiteBehavior [ RunTime:0.000013s ]
INFO: [ app_init ] --END-- [ RunTime:0.000327s ]
INFO: [ app_begin ] --START--
INFO: Run Behavior\ReadHtmlCacheBehavior [ RunTime:0.000452s ]
INFO: [ app_begin ] --END-- [ RunTime:0.000521s ]
ERR: 无法加载控制器:Product

[ 2015-03-20T18:32:01+08:00 ] 192.168.1.107 /
INFO: [ app_init ] --START--
INFO: Run Behavior\BuildLiteBehavior [ RunTime:0.000022s ]
INFO: [ app_init ] --END-- [ RunTime:0.000600s ]
INFO: [ app_begin ] --START--
INFO: Run Behavior\ReadHtmlCacheBehavior [ RunTime:0.000632s ]
INFO: [ app_begin ] --END-- [ RunTime:0.000695s ]
NOTIC: [8] A session had already been started - ignoring session_start() D:\weizhan\App\Home\Controller\BaseController.class.php 第 13 行.

[ 2015-03-20T18:32:01+08:00 ] 192.168.1.107 /index.php/Home/Login/login.html
INFO: [ app_init ] --START--
INFO: Run Behavior\BuildLiteBehavior [ RunTime:0.000015s ]
INFO: [ app_init ] --END-- [ RunTime:0.000472s ]
INFO: [ app_begin ] --START--
INFO: Run Behavior\ReadHtmlCacheBehavior [ RunTime:0.000555s ]
INFO: [ app_begin ] --END-- [ RunTime:0.000604s ]
INFO: [ view_parse ] --START--
INFO: [ template_filter ] --START--
INFO: Run Behavior\ContentReplaceBehavior [ RunTime:0.000074s ]
INFO: [ template_filter ] --END-- [ RunTime:0.000233s ]
INFO: Run Behavior\ParseTemplateBehavior [ RunTime:0.008304s ]
INFO: [ view_parse ] --END-- [ RunTime:0.008367s ]
INFO: [ view_filter ] --START--
INFO: Run Behavior\WriteHtmlCacheBehavior [ RunTime:0.000403s ]
INFO: [ view_filter ] --END-- [ RunTime:0.000448s ]
INFO: [ app_end ] --START--
INFO: Run Behavior\ShowPageTraceBehavior [ RunTime:0.000574s ]
INFO: [ app_end ] --END-- [ RunTime:0.000619s ]

