[ 2015-04-10T14:18:51+08:00 ] 192.168.1.101 /
INFO: [ app_begin ] --START--
INFO: Run Behavior\ReadHtmlCacheBehavior [ RunTime:0.013717s ]
INFO: [ app_begin ] --END-- [ RunTime:0.015517s ]
NOTIC: [8] A session had already been started - ignoring session_start() D:\weizhan\App\Home\Controller\BaseController.class.php 第 13 行.

[ 2015-04-10T14:18:51+08:00 ] 192.168.1.101 /index.php/Home/Login/login.html
INFO: [ app_begin ] --START--
INFO: Run Behavior\ReadHtmlCacheBehavior [ RunTime:0.000974s ]
INFO: [ app_begin ] --END-- [ RunTime:0.002140s ]
INFO: [ view_parse ] --START--
INFO: [ template_filter ] --START--
INFO: Run Behavior\ContentReplaceBehavior [ RunTime:0.000096s ]
INFO: [ template_filter ] --END-- [ RunTime:0.000227s ]
INFO: Run Behavior\ParseTemplateBehavior [ RunTime:0.028087s ]
INFO: [ view_parse ] --END-- [ RunTime:0.028205s ]
INFO: [ view_filter ] --START--
INFO: Run Behavior\WriteHtmlCacheBehavior [ RunTime:0.001366s ]
INFO: [ view_filter ] --END-- [ RunTime:0.001468s ]
INFO: [ app_end ] --START--
INFO: Run Behavior\ShowPageTraceBehavior [ RunTime:0.001818s ]
INFO: [ app_end ] --END-- [ RunTime:0.001917s ]

[ 2015-04-10T14:19:01+08:00 ] 192.168.1.101 /index.php/Home/Login/login
INFO: [ app_begin ] --START--
INFO: Run Behavior\ReadHtmlCacheBehavior [ RunTime:0.000887s ]
INFO: [ app_begin ] --END-- [ RunTime:0.001543s ]
SQL: SHOW COLUMNS FROM `wei_member` [ RunTime:0.041490s ]
SQL: SELECT * FROM `wei_member` WHERE ( mobile='13366644566' ) LIMIT 1   [ RunTime:0.057274s ]
INFO: [ view_parse ] --START--
INFO: [ template_filter ] --START--
INFO: Run Behavior\ContentReplaceBehavior [ RunTime:0.000126s ]
INFO: [ template_filter ] --END-- [ RunTime:0.000348s ]
INFO: Run Behavior\ParseTemplateBehavior [ RunTime:0.026774s ]
INFO: [ view_parse ] --END-- [ RunTime:0.026960s ]
INFO: [ view_filter ] --START--
INFO: Run Behavior\WriteHtmlCacheBehavior [ RunTime:0.001069s ]
INFO: [ view_filter ] --END-- [ RunTime:0.001243s ]

[ 2015-04-10T14:19:02+08:00 ] 192.168.1.101 /index.php/Home/Index/index.html
INFO: [ app_begin ] --START--
INFO: Run Behavior\ReadHtmlCacheBehavior [ RunTime:0.000968s ]
INFO: [ app_begin ] --END-- [ RunTime:0.001647s ]
NOTIC: [8] A session had already been started - ignoring session_start() D:\weizhan\App\Home\Controller\BaseController.class.php 第 13 行.
SQL: SHOW COLUMNS FROM `wei_member` [ RunTime:0.005959s ]
SQL: SELECT * FROM `wei_member` WHERE ( id='2' ) LIMIT 1   [ RunTime:0.000720s ]
INFO: [ view_parse ] --START--
INFO: [ template_filter ] --START--
INFO: Run Behavior\ContentReplaceBehavior [ RunTime:0.000102s ]
INFO: [ template_filter ] --END-- [ RunTime:0.000159s ]
INFO: Run Behavior\ParseTemplateBehavior [ RunTime:0.039313s ]
INFO: [ view_parse ] --END-- [ RunTime:0.039388s ]
INFO: [ view_filter ] --START--
INFO: Run Behavior\WriteHtmlCacheBehavior [ RunTime:0.000438s ]
INFO: [ view_filter ] --END-- [ RunTime:0.000498s ]
INFO: [ app_end ] --START--
INFO: Run Behavior\ShowPageTraceBehavior [ RunTime:0.000833s ]
INFO: [ app_end ] --END-- [ RunTime:0.000901s ]

[ 2015-04-10T14:20:11+08:00 ] 192.168.1.101 /index.php
INFO: [ app_begin ] --START--
INFO: Run Behavior\ReadHtmlCacheBehavior [ RunTime:0.001795s ]
INFO: [ app_begin ] --END-- [ RunTime:0.002450s ]
NOTIC: [8] A session had already been started - ignoring session_start() D:\weizhan\App\Home\Controller\BaseController.class.php 第 13 行.
SQL: SHOW COLUMNS FROM `wei_member` [ RunTime:0.004891s ]
SQL: SELECT * FROM `wei_member` WHERE ( id='2' ) LIMIT 1   [ RunTime:0.000529s ]
INFO: [ view_parse ] --START--
INFO: [ template_filter ] --START--
INFO: Run Behavior\ContentReplaceBehavior [ RunTime:0.000198s ]
INFO: [ template_filter ] --END-- [ RunTime:0.000296s ]
INFO: Run Behavior\ParseTemplateBehavior [ RunTime:0.012500s ]
INFO: [ view_parse ] --END-- [ RunTime:0.012597s ]
INFO: [ view_filter ] --START--
INFO: Run Behavior\WriteHtmlCacheBehavior [ RunTime:0.000465s ]
INFO: [ view_filter ] --END-- [ RunTime:0.000538s ]
INFO: [ app_end ] --START--
INFO: Run Behavior\ShowPageTraceBehavior [ RunTime:0.000857s ]
INFO: [ app_end ] --END-- [ RunTime:0.000942s ]

[ 2015-04-10T14:27:18+08:00 ] 192.168.1.112 /
INFO: [ app_begin ] --START--
INFO: Run Behavior\ReadHtmlCacheBehavior [ RunTime:0.001496s ]
INFO: [ app_begin ] --END-- [ RunTime:0.002743s ]
NOTIC: [8] A session had already been started - ignoring session_start() D:\weizhan\App\Home\Controller\BaseController.class.php 第 13 行.

[ 2015-04-10T14:27:18+08:00 ] 192.168.1.112 /index.php/Home/Login/login.html
INFO: [ app_begin ] --START--
INFO: Run Behavior\ReadHtmlCacheBehavior [ RunTime:0.001060s ]
INFO: [ app_begin ] --END-- [ RunTime:0.002180s ]
INFO: [ view_parse ] --START--
INFO: [ template_filter ] --START--
INFO: Run Behavior\ContentReplaceBehavior [ RunTime:0.000107s ]
INFO: [ template_filter ] --END-- [ RunTime:0.000270s ]
INFO: Run Behavior\ParseTemplateBehavior [ RunTime:0.012075s ]
INFO: [ view_parse ] --END-- [ RunTime:0.012326s ]
INFO: [ view_filter ] --START--
INFO: Run Behavior\WriteHtmlCacheBehavior [ RunTime:0.000463s ]
INFO: [ view_filter ] --END-- [ RunTime:0.000546s ]
INFO: [ app_end ] --START--
INFO: Run Behavior\ShowPageTraceBehavior [ RunTime:0.001781s ]
INFO: [ app_end ] --END-- [ RunTime:0.001973s ]

[ 2015-04-10T14:27:22+08:00 ] 192.168.1.112 /index.php/Home/Login/login
INFO: [ app_begin ] --START--
INFO: Run Behavior\ReadHtmlCacheBehavior [ RunTime:0.000492s ]
INFO: [ app_begin ] --END-- [ RunTime:0.000921s ]
SQL: SHOW COLUMNS FROM `wei_member` [ RunTime:0.003408s ]
SQL: SELECT * FROM `wei_member` WHERE ( mobile='13366644566' ) LIMIT 1   [ RunTime:0.000410s ]
INFO: [ view_parse ] --START--
INFO: [ template_filter ] --START--
INFO: Run Behavior\ContentReplaceBehavior [ RunTime:0.000038s ]
INFO: [ template_filter ] --END-- [ RunTime:0.000094s ]
INFO: Run Behavior\ParseTemplateBehavior [ RunTime:0.005083s ]
INFO: [ view_parse ] --END-- [ RunTime:0.005141s ]
INFO: [ view_filter ] --START--
INFO: Run Behavior\WriteHtmlCacheBehavior [ RunTime:0.000226s ]
INFO: [ view_filter ] --END-- [ RunTime:0.000271s ]

[ 2015-04-10T14:27:23+08:00 ] 192.168.1.112 /index.php/Home/Index/index.html
INFO: [ app_begin ] --START--
INFO: Run Behavior\ReadHtmlCacheBehavior [ RunTime:0.000590s ]
INFO: [ app_begin ] --END-- [ RunTime:0.001366s ]
NOTIC: [8] A session had already been started - ignoring session_start() D:\weizhan\App\Home\Controller\BaseController.class.php 第 13 行.
SQL: SHOW COLUMNS FROM `wei_member` [ RunTime:0.005381s ]
SQL: SELECT * FROM `wei_member` WHERE ( id='2' ) LIMIT 1   [ RunTime:0.000895s ]
INFO: [ view_parse ] --START--
INFO: [ template_filter ] --START--
INFO: Run Behavior\ContentReplaceBehavior [ RunTime:0.000218s ]
INFO: [ template_filter ] --END-- [ RunTime:0.000529s ]
INFO: Run Behavior\ParseTemplateBehavior [ RunTime:0.010840s ]
INFO: [ view_parse ] --END-- [ RunTime:0.010896s ]
INFO: [ view_filter ] --START--
INFO: Run Behavior\WriteHtmlCacheBehavior [ RunTime:0.000304s ]
INFO: [ view_filter ] --END-- [ RunTime:0.000347s ]
INFO: [ app_end ] --START--
INFO: Run Behavior\ShowPageTraceBehavior [ RunTime:0.003272s ]
INFO: [ app_end ] --END-- [ RunTime:0.003494s ]

[ 2015-04-10T14:28:17+08:00 ] 192.168.1.101 /index.php
INFO: [ app_begin ] --START--
INFO: Run Behavior\ReadHtmlCacheBehavior [ RunTime:0.001229s ]
INFO: [ app_begin ] --END-- [ RunTime:0.002018s ]
NOTIC: [8] A session had already been started - ignoring session_start() D:\weizhan\App\Home\Controller\BaseController.class.php 第 13 行.
SQL: SHOW COLUMNS FROM `wei_member` [ RunTime:0.003217s ]
SQL: SELECT * FROM `wei_member` WHERE ( id='2' ) LIMIT 1   [ RunTime:0.000295s ]
INFO: [ view_parse ] --START--
INFO: [ template_filter ] --START--
INFO: Run Behavior\ContentReplaceBehavior [ RunTime:0.000134s ]
INFO: [ template_filter ] --END-- [ RunTime:0.000203s ]
INFO: Run Behavior\ParseTemplateBehavior [ RunTime:0.008381s ]
INFO: [ view_parse ] --END-- [ RunTime:0.008445s ]
INFO: [ view_filter ] --START--
INFO: Run Behavior\WriteHtmlCacheBehavior [ RunTime:0.000275s ]
INFO: [ view_filter ] --END-- [ RunTime:0.000318s ]
INFO: [ app_end ] --START--
INFO: Run Behavior\ShowPageTraceBehavior [ RunTime:0.000696s ]
INFO: [ app_end ] --END-- [ RunTime:0.000744s ]

[ 2015-04-10T14:28:20+08:00 ] 192.168.1.101 /index.php
INFO: [ app_begin ] --START--
INFO: Run Behavior\ReadHtmlCacheBehavior [ RunTime:0.000425s ]
INFO: [ app_begin ] --END-- [ RunTime:0.000738s ]
NOTIC: [8] A session had already been started - ignoring session_start() D:\weizhan\App\Home\Controller\BaseController.class.php 第 13 行.
SQL: SHOW COLUMNS FROM `wei_member` [ RunTime:0.003530s ]
SQL: SELECT * FROM `wei_member` WHERE ( id='2' ) LIMIT 1   [ RunTime:0.000313s ]
INFO: [ view_parse ] --START--
INFO: [ template_filter ] --START--
INFO: Run Behavior\ContentReplaceBehavior [ RunTime:0.000179s ]
INFO: [ template_filter ] --END-- [ RunTime:0.000276s ]
INFO: Run Behavior\ParseTemplateBehavior [ RunTime:0.010005s ]
INFO: [ view_parse ] --END-- [ RunTime:0.010077s ]
INFO: [ view_filter ] --START--
INFO: Run Behavior\WriteHtmlCacheBehavior [ RunTime:0.000281s ]
INFO: [ view_filter ] --END-- [ RunTime:0.000346s ]
INFO: [ app_end ] --START--
INFO: Run Behavior\ShowPageTraceBehavior [ RunTime:0.000643s ]
INFO: [ app_end ] --END-- [ RunTime:0.000719s ]

[ 2015-04-10T14:31:32+08:00 ] 192.168.1.101 /index.php
INFO: [ app_begin ] --START--
INFO: Run Behavior\ReadHtmlCacheBehavior [ RunTime:0.000760s ]
INFO: [ app_begin ] --END-- [ RunTime:0.001304s ]
NOTIC: [8] A session had already been started - ignoring session_start() D:\weizhan\App\Home\Controller\BaseController.class.php 第 13 行.
SQL: SHOW COLUMNS FROM `wei_member` [ RunTime:0.004434s ]
SQL: SELECT * FROM `wei_member` WHERE ( id='2' ) LIMIT 1   [ RunTime:0.000684s ]
INFO: [ view_parse ] --START--
INFO: [ template_filter ] --START--
INFO: Run Behavior\ContentReplaceBehavior [ RunTime:0.000172s ]
INFO: [ template_filter ] --END-- [ RunTime:0.000255s ]
INFO: Run Behavior\ParseTemplateBehavior [ RunTime:0.012396s ]
INFO: [ view_parse ] --END-- [ RunTime:0.012490s ]
INFO: [ view_filter ] --START--
INFO: Run Behavior\WriteHtmlCacheBehavior [ RunTime:0.000422s ]
INFO: [ view_filter ] --END-- [ RunTime:0.000495s ]
INFO: [ app_end ] --START--
INFO: Run Behavior\ShowPageTraceBehavior [ RunTime:0.000779s ]
INFO: [ app_end ] --END-- [ RunTime:0.000860s ]

[ 2015-04-10T15:38:57+08:00 ] 192.168.1.101 /index.php/Home/Login/login.html
INFO: [ app_begin ] --START--
INFO: Run Behavior\ReadHtmlCacheBehavior [ RunTime:0.000510s ]
INFO: [ app_begin ] --END-- [ RunTime:0.000911s ]
INFO: [ view_parse ] --START--
INFO: [ template_filter ] --START--
INFO: Run Behavior\ContentReplaceBehavior [ RunTime:0.000041s ]
INFO: [ template_filter ] --END-- [ RunTime:0.000095s ]
INFO: Run Behavior\ParseTemplateBehavior [ RunTime:0.004766s ]
INFO: [ view_parse ] --END-- [ RunTime:0.004819s ]
INFO: [ view_filter ] --START--
INFO: Run Behavior\WriteHtmlCacheBehavior [ RunTime:0.000342s ]
INFO: [ view_filter ] --END-- [ RunTime:0.000386s ]
INFO: [ app_end ] --START--
INFO: Run Behavior\ShowPageTraceBehavior [ RunTime:0.000716s ]
INFO: [ app_end ] --END-- [ RunTime:0.000897s ]

[ 2015-04-10T15:39:00+08:00 ] 192.168.1.101 /index.php/Home/Login/login
INFO: [ app_begin ] --START--
INFO: Run Behavior\ReadHtmlCacheBehavior [ RunTime:0.000725s ]
INFO: [ app_begin ] --END-- [ RunTime:0.001216s ]
SQL: SHOW COLUMNS FROM `wei_member` [ RunTime:0.003310s ]
SQL: SELECT * FROM `wei_member` WHERE ( mobile='13366644566' ) LIMIT 1   [ RunTime:0.000427s ]
INFO: [ view_parse ] --START--
INFO: [ template_filter ] --START--
INFO: Run Behavior\ContentReplaceBehavior [ RunTime:0.000043s ]
INFO: [ template_filter ] --END-- [ RunTime:0.000114s ]
INFO: Run Behavior\ParseTemplateBehavior [ RunTime:0.005448s ]
INFO: [ view_parse ] --END-- [ RunTime:0.005500s ]
INFO: [ view_filter ] --START--
INFO: Run Behavior\WriteHtmlCacheBehavior [ RunTime:0.000366s ]
INFO: [ view_filter ] --END-- [ RunTime:0.000409s ]

[ 2015-04-10T15:39:01+08:00 ] 192.168.1.101 /index.php/Home/Index/index.html
INFO: [ app_begin ] --START--
INFO: Run Behavior\ReadHtmlCacheBehavior [ RunTime:0.000645s ]
INFO: [ app_begin ] --END-- [ RunTime:0.001155s ]
NOTIC: [8] A session had already been started - ignoring session_start() D:\weizhan\App\Home\Controller\BaseController.class.php 第 13 行.
SQL: SHOW COLUMNS FROM `wei_member` [ RunTime:0.005340s ]
SQL: SELECT * FROM `wei_member` WHERE ( id='2' ) LIMIT 1   [ RunTime:0.000323s ]
INFO: [ view_parse ] --START--
INFO: [ template_filter ] --START--
INFO: Run Behavior\ContentReplaceBehavior [ RunTime:0.000103s ]
INFO: [ template_filter ] --END-- [ RunTime:0.000164s ]
INFO: Run Behavior\ParseTemplateBehavior [ RunTime:0.008333s ]
INFO: [ view_parse ] --END-- [ RunTime:0.008389s ]
INFO: [ view_filter ] --START--
INFO: Run Behavior\WriteHtmlCacheBehavior [ RunTime:0.000367s ]
INFO: [ view_filter ] --END-- [ RunTime:0.000412s ]
INFO: [ app_end ] --START--
INFO: Run Behavior\ShowPageTraceBehavior [ RunTime:0.000630s ]
INFO: [ app_end ] --END-- [ RunTime:0.000678s ]

[ 2015-04-10T16:11:27+08:00 ] 192.168.1.101 /index.php
INFO: [ app_begin ] --START--
INFO: Run Behavior\ReadHtmlCacheBehavior [ RunTime:0.000839s ]
INFO: [ app_begin ] --END-- [ RunTime:0.001394s ]
NOTIC: [8] A session had already been started - ignoring session_start() D:\weizhan\App\Home\Controller\BaseController.class.php 第 13 行.
SQL: SHOW COLUMNS FROM `wei_member` [ RunTime:0.005049s ]
SQL: SELECT * FROM `wei_member` WHERE ( id='2' ) LIMIT 1   [ RunTime:0.000450s ]
INFO: [ view_parse ] --START--
INFO: [ template_filter ] --START--
INFO: Run Behavior\ContentReplaceBehavior [ RunTime:0.000230s ]
INFO: [ template_filter ] --END-- [ RunTime:0.000432s ]
INFO: Run Behavior\ParseTemplateBehavior [ RunTime:0.009949s ]
INFO: [ view_parse ] --END-- [ RunTime:0.010019s ]
INFO: [ view_filter ] --START--
INFO: Run Behavior\WriteHtmlCacheBehavior [ RunTime:0.000298s ]
INFO: [ view_filter ] --END-- [ RunTime:0.000346s ]
INFO: [ app_end ] --START--
INFO: Run Behavior\ShowPageTraceBehavior [ RunTime:0.000526s ]
INFO: [ app_end ] --END-- [ RunTime:0.000578s ]

[ 2015-04-10T17:46:40+08:00 ] 192.168.1.112 /index.php/
INFO: [ app_begin ] --START--
INFO: Run Behavior\ReadHtmlCacheBehavior [ RunTime:0.000417s ]
INFO: [ app_begin ] --END-- [ RunTime:0.000729s ]
NOTIC: [8] A session had already been started - ignoring session_start() D:\weizhan\App\Home\Controller\BaseController.class.php 第 13 行.
SQL: SHOW COLUMNS FROM `wei_member` [ RunTime:0.004020s ]
SQL: SELECT * FROM `wei_member` WHERE ( id='2' ) LIMIT 1   [ RunTime:0.000352s ]
INFO: [ view_parse ] --START--
INFO: [ template_filter ] --START--
INFO: Run Behavior\ContentReplaceBehavior [ RunTime:0.000161s ]
INFO: [ template_filter ] --END-- [ RunTime:0.000279s ]
INFO: Run Behavior\ParseTemplateBehavior [ RunTime:0.010425s ]
INFO: [ view_parse ] --END-- [ RunTime:0.010573s ]
INFO: [ view_filter ] --START--
INFO: Run Behavior\WriteHtmlCacheBehavior [ RunTime:0.000282s ]
INFO: [ view_filter ] --END-- [ RunTime:0.000335s ]
INFO: [ app_end ] --START--
INFO: Run Behavior\ShowPageTraceBehavior [ RunTime:0.000544s ]
INFO: [ app_end ] --END-- [ RunTime:0.000599s ]

[ 2015-04-10T17:46:41+08:00 ] 192.168.1.112 /index.php/
INFO: [ app_begin ] --START--
INFO: Run Behavior\ReadHtmlCacheBehavior [ RunTime:0.000689s ]
INFO: [ app_begin ] --END-- [ RunTime:0.001128s ]
NOTIC: [8] A session had already been started - ignoring session_start() D:\weizhan\App\Home\Controller\BaseController.class.php 第 13 行.
SQL: SHOW COLUMNS FROM `wei_member` [ RunTime:0.003164s ]
SQL: SELECT * FROM `wei_member` WHERE ( id='2' ) LIMIT 1   [ RunTime:0.001154s ]
INFO: [ view_parse ] --START--
INFO: [ template_filter ] --START--
INFO: Run Behavior\ContentReplaceBehavior [ RunTime:0.000100s ]
INFO: [ template_filter ] --END-- [ RunTime:0.000157s ]
INFO: Run Behavior\ParseTemplateBehavior [ RunTime:0.008640s ]
INFO: [ view_parse ] --END-- [ RunTime:0.008710s ]
INFO: [ view_filter ] --START--
INFO: Run Behavior\WriteHtmlCacheBehavior [ RunTime:0.000292s ]
INFO: [ view_filter ] --END-- [ RunTime:0.000354s ]
INFO: [ app_end ] --START--
INFO: Run Behavior\ShowPageTraceBehavior [ RunTime:0.000614s ]
INFO: [ app_end ] --END-- [ RunTime:0.000689s ]

[ 2015-04-10T17:47:09+08:00 ] 192.168.1.101 /
INFO: [ app_begin ] --START--
INFO: Run Behavior\ReadHtmlCacheBehavior [ RunTime:0.000875s ]
INFO: [ app_begin ] --END-- [ RunTime:0.001549s ]
NOTIC: [8] A session had already been started - ignoring session_start() D:\weizhan\App\Home\Controller\BaseController.class.php 第 13 行.
SQL: SHOW COLUMNS FROM `wei_member` [ RunTime:0.005189s ]
SQL: SELECT * FROM `wei_member` WHERE ( id='2' ) LIMIT 1   [ RunTime:0.000484s ]
INFO: [ view_parse ] --START--
INFO: [ template_filter ] --START--
INFO: Run Behavior\ContentReplaceBehavior [ RunTime:0.000188s ]
INFO: [ template_filter ] --END-- [ RunTime:0.000337s ]
INFO: Run Behavior\ParseTemplateBehavior [ RunTime:0.013844s ]
INFO: [ view_parse ] --END-- [ RunTime:0.013940s ]
INFO: [ view_filter ] --START--
INFO: Run Behavior\WriteHtmlCacheBehavior [ RunTime:0.000451s ]
INFO: [ view_filter ] --END-- [ RunTime:0.000534s ]
INFO: [ app_end ] --START--
INFO: Run Behavior\ShowPageTraceBehavior [ RunTime:0.000989s ]
INFO: [ app_end ] --END-- [ RunTime:0.001082s ]

[ 2015-04-10T17:47:12+08:00 ] 192.168.1.101 /
INFO: [ app_begin ] --START--
INFO: Run Behavior\ReadHtmlCacheBehavior [ RunTime:0.000806s ]
INFO: [ app_begin ] --END-- [ RunTime:0.001490s ]
NOTIC: [8] A session had already been started - ignoring session_start() D:\weizhan\App\Home\Controller\BaseController.class.php 第 13 行.
SQL: SHOW COLUMNS FROM `wei_member` [ RunTime:0.005020s ]
SQL: SELECT * FROM `wei_member` WHERE ( id='2' ) LIMIT 1   [ RunTime:0.000436s ]
INFO: [ view_parse ] --START--
INFO: [ template_filter ] --START--
INFO: Run Behavior\ContentReplaceBehavior [ RunTime:0.000206s ]
INFO: [ template_filter ] --END-- [ RunTime:0.000316s ]
INFO: Run Behavior\ParseTemplateBehavior [ RunTime:0.011908s ]
INFO: [ view_parse ] --END-- [ RunTime:0.011983s ]
INFO: [ view_filter ] --START--
INFO: Run Behavior\WriteHtmlCacheBehavior [ RunTime:0.000295s ]
INFO: [ view_filter ] --END-- [ RunTime:0.000341s ]
INFO: [ app_end ] --START--
INFO: Run Behavior\ShowPageTraceBehavior [ RunTime:0.000712s ]
INFO: [ app_end ] --END-- [ RunTime:0.000762s ]

