[ 2015-03-21T11:28:10+08:00 ] 192.168.1.106 /
INFO: [ app_init ] --START--
INFO: Run Behavior\BuildLiteBehavior [ RunTime:0.000021s ]
INFO: [ app_init ] --END-- [ RunTime:0.054357s ]
INFO: [ app_begin ] --START--
INFO: Run Behavior\ReadHtmlCacheBehavior [ RunTime:0.016160s ]
INFO: [ app_begin ] --END-- [ RunTime:0.016262s ]
NOTIC: [8] A session had already been started - ignoring session_start() D:\weizhan\App\Home\Controller\BaseController.class.php 第 13 行.

[ 2015-03-21T11:28:10+08:00 ] 192.168.1.106 /index.php/Home/Login/login.html
INFO: [ app_init ] --START--
INFO: Run Behavior\BuildLiteBehavior [ RunTime:0.000012s ]
INFO: [ app_init ] --END-- [ RunTime:0.000266s ]
INFO: [ app_begin ] --START--
INFO: Run Behavior\ReadHtmlCacheBehavior [ RunTime:0.000367s ]
INFO: [ app_begin ] --END-- [ RunTime:0.000417s ]
INFO: [ view_parse ] --START--
INFO: [ template_filter ] --START--
INFO: Run Behavior\ContentReplaceBehavior [ RunTime:0.000048s ]
INFO: [ template_filter ] --END-- [ RunTime:0.000119s ]
INFO: Run Behavior\ParseTemplateBehavior [ RunTime:0.148662s ]
INFO: [ view_parse ] --END-- [ RunTime:0.148772s ]
INFO: [ view_filter ] --START--
INFO: Run Behavior\WriteHtmlCacheBehavior [ RunTime:0.019022s ]
INFO: [ view_filter ] --END-- [ RunTime:0.019101s ]
INFO: [ app_end ] --START--
INFO: Run Behavior\ShowPageTraceBehavior [ RunTime:0.014948s ]
INFO: [ app_end ] --END-- [ RunTime:0.015029s ]

[ 2015-03-21T18:32:15+08:00 ] 192.168.1.106 /
INFO: [ app_init ] --START--
INFO: Run Behavior\BuildLiteBehavior [ RunTime:0.000014s ]
INFO: [ app_init ] --END-- [ RunTime:0.000482s ]
INFO: [ app_begin ] --START--
INFO: Run Behavior\ReadHtmlCacheBehavior [ RunTime:0.000613s ]
INFO: [ app_begin ] --END-- [ RunTime:0.000662s ]
NOTIC: [8] A session had already been started - ignoring session_start() D:\weizhan\App\Home\Controller\BaseController.class.php 第 13 行.

[ 2015-03-21T18:32:15+08:00 ] 192.168.1.106 /index.php/Home/Login/login.html
INFO: [ app_init ] --START--
INFO: Run Behavior\BuildLiteBehavior [ RunTime:0.000013s ]
INFO: [ app_init ] --END-- [ RunTime:0.000356s ]
INFO: [ app_begin ] --START--
INFO: Run Behavior\ReadHtmlCacheBehavior [ RunTime:0.000569s ]
INFO: [ app_begin ] --END-- [ RunTime:0.000622s ]
INFO: [ view_parse ] --START--
INFO: [ template_filter ] --START--
INFO: Run Behavior\ContentReplaceBehavior [ RunTime:0.000044s ]
INFO: [ template_filter ] --END-- [ RunTime:0.000106s ]
INFO: Run Behavior\ParseTemplateBehavior [ RunTime:0.006121s ]
INFO: [ view_parse ] --END-- [ RunTime:0.006178s ]
INFO: [ view_filter ] --START--
INFO: Run Behavior\WriteHtmlCacheBehavior [ RunTime:0.000421s ]
INFO: [ view_filter ] --END-- [ RunTime:0.000468s ]
INFO: [ app_end ] --START--
INFO: Run Behavior\ShowPageTraceBehavior [ RunTime:0.000667s ]
INFO: [ app_end ] --END-- [ RunTime:0.000713s ]

[ 2015-03-21T18:32:23+08:00 ] 192.168.1.106 /index.php/Home/Login/login
INFO: [ app_init ] --START--
INFO: Run Behavior\BuildLiteBehavior [ RunTime:0.000013s ]
INFO: [ app_init ] --END-- [ RunTime:0.000423s ]
INFO: [ app_begin ] --START--
INFO: Run Behavior\ReadHtmlCacheBehavior [ RunTime:0.000658s ]
INFO: [ app_begin ] --END-- [ RunTime:0.000713s ]
SQL: SHOW COLUMNS FROM `wei_member` [ RunTime:0.003498s ]
SQL: SELECT * FROM `wei_member` WHERE ( mobile='13366644566' ) LIMIT 1   [ RunTime:0.010485s ]
INFO: [ view_parse ] --START--
INFO: [ template_filter ] --START--
INFO: Run Behavior\ContentReplaceBehavior [ RunTime:0.000042s ]
INFO: [ template_filter ] --END-- [ RunTime:0.000116s ]
INFO: Run Behavior\ParseTemplateBehavior [ RunTime:0.007054s ]
INFO: [ view_parse ] --END-- [ RunTime:0.007118s ]
INFO: [ view_filter ] --START--
INFO: Run Behavior\WriteHtmlCacheBehavior [ RunTime:0.000338s ]
INFO: [ view_filter ] --END-- [ RunTime:0.000384s ]

[ 2015-03-21T18:32:25+08:00 ] 192.168.1.106 /index.php/Home/Index/index.html
INFO: [ app_init ] --START--
INFO: Run Behavior\BuildLiteBehavior [ RunTime:0.000013s ]
INFO: [ app_init ] --END-- [ RunTime:0.000513s ]
INFO: [ app_begin ] --START--
INFO: Run Behavior\ReadHtmlCacheBehavior [ RunTime:0.000552s ]
INFO: [ app_begin ] --END-- [ RunTime:0.000601s ]
NOTIC: [8] A session had already been started - ignoring session_start() D:\weizhan\App\Home\Controller\BaseController.class.php 第 13 行.
SQL: SHOW COLUMNS FROM `wei_member` [ RunTime:0.003451s ]
SQL: SELECT * FROM `wei_member` WHERE ( id='2' ) LIMIT 1   [ RunTime:0.000586s ]
INFO: [ view_parse ] --START--
INFO: [ template_filter ] --START--
INFO: Run Behavior\ContentReplaceBehavior [ RunTime:0.000067s ]
INFO: [ template_filter ] --END-- [ RunTime:0.000132s ]
INFO: Run Behavior\ParseTemplateBehavior [ RunTime:0.007649s ]
INFO: [ view_parse ] --END-- [ RunTime:0.007720s ]
INFO: [ view_filter ] --START--
INFO: Run Behavior\WriteHtmlCacheBehavior [ RunTime:0.000397s ]
INFO: [ view_filter ] --END-- [ RunTime:0.000444s ]
INFO: [ app_end ] --START--
INFO: Run Behavior\ShowPageTraceBehavior [ RunTime:0.000565s ]
INFO: [ app_end ] --END-- [ RunTime:0.000614s ]

[ 2015-03-21T18:32:27+08:00 ] 192.168.1.106 /index.php/Product/Product/lst
INFO: [ app_init ] --START--
INFO: Run Behavior\BuildLiteBehavior [ RunTime:0.000023s ]
INFO: [ app_init ] --END-- [ RunTime:0.000533s ]
INFO: [ app_begin ] --START--
INFO: Run Behavior\ReadHtmlCacheBehavior [ RunTime:0.000533s ]
INFO: [ app_begin ] --END-- [ RunTime:0.000591s ]

[ 2015-03-21T18:32:46+08:00 ] 192.168.1.106 /index.php/Product/Product/lst
INFO: [ app_init ] --START--
INFO: Run Behavior\BuildLiteBehavior [ RunTime:0.000013s ]
INFO: [ app_init ] --END-- [ RunTime:0.000453s ]
INFO: [ app_begin ] --START--
INFO: Run Behavior\ReadHtmlCacheBehavior [ RunTime:0.000488s ]
INFO: [ app_begin ] --END-- [ RunTime:0.000540s ]

[ 2015-03-21T18:32:58+08:00 ] 192.168.1.106 /index.php/Product/Product/lst
INFO: [ app_init ] --START--
INFO: Run Behavior\BuildLiteBehavior [ RunTime:0.000014s ]
INFO: [ app_init ] --END-- [ RunTime:0.000321s ]
INFO: [ app_begin ] --START--
INFO: Run Behavior\ReadHtmlCacheBehavior [ RunTime:0.000399s ]
INFO: [ app_begin ] --END-- [ RunTime:0.000449s ]
NOTIC: [8] A session had already been started - ignoring session_start() D:\weizhan\App\Home\Controller\BaseController.class.php 第 13 行.
NOTIC: [2048] Declaration of Product\Model\ProductModel::_after_insert() should be compatible with that of Think\Model::_after_insert() D:\weizhan\App\Product\Model\ProductModel.class.php 第 5 行.
SQL: SHOW COLUMNS FROM `wei_product` [ RunTime:0.004075s ]
SQL: SELECT * FROM `wei_product` ORDER BY id desc  [ RunTime:0.024350s ]
INFO: [ view_parse ] --START--
INFO: [ template_filter ] --START--
INFO: Run Behavior\ContentReplaceBehavior [ RunTime:0.000051s ]
INFO: [ template_filter ] --END-- [ RunTime:0.000104s ]
NOTIC: [8] Undefined variable: clientip D:\weizhan\App\Runtime\Cache\Product\b69b7bc7eee18ee23371e39f02f797ef.php 第 16 行.
INFO: Run Behavior\ParseTemplateBehavior [ RunTime:0.005938s ]
INFO: [ view_parse ] --END-- [ RunTime:0.006000s ]
INFO: [ view_filter ] --START--
INFO: Run Behavior\WriteHtmlCacheBehavior [ RunTime:0.000259s ]
INFO: [ view_filter ] --END-- [ RunTime:0.000302s ]
INFO: [ app_end ] --START--
INFO: Run Behavior\ShowPageTraceBehavior [ RunTime:0.000461s ]
INFO: [ app_end ] --END-- [ RunTime:0.000506s ]

[ 2015-03-21T18:33:02+08:00 ] 192.168.1.106 /index.php/Product/Product/ajaxZan?id=3
INFO: [ app_init ] --START--
INFO: Run Behavior\BuildLiteBehavior [ RunTime:0.000011s ]
INFO: [ app_init ] --END-- [ RunTime:0.000324s ]
INFO: [ app_begin ] --START--
INFO: Run Behavior\ReadHtmlCacheBehavior [ RunTime:0.000416s ]
INFO: [ app_begin ] --END-- [ RunTime:0.000457s ]
NOTIC: [8] A session had already been started - ignoring session_start() D:\weizhan\App\Home\Controller\BaseController.class.php 第 13 行.
NOTIC: [2048] Declaration of Product\Model\ProductModel::_after_insert() should be compatible with that of Think\Model::_after_insert() D:\weizhan\App\Product\Model\ProductModel.class.php 第 5 行.
SQL: SHOW COLUMNS FROM `wei_product` [ RunTime:0.003665s ]
SQL: update wei_product set click_good = click_good+1 where id=3 [ RunTime:0.057089s ]
SQL: SELECT `click_good` FROM `wei_product` WHERE ( `id` = 3 ) LIMIT 1   [ RunTime:0.000660s ]
INFO: [ app_end ] --START--
INFO: Run Behavior\ShowPageTraceBehavior [ RunTime:0.000767s ]
INFO: [ app_end ] --END-- [ RunTime:0.000841s ]

[ 2015-03-21T18:33:03+08:00 ] 192.168.1.106 /index.php/Product/Product/ajaxZan?id=3
INFO: [ app_init ] --START--
INFO: Run Behavior\BuildLiteBehavior [ RunTime:0.000013s ]
INFO: [ app_init ] --END-- [ RunTime:0.000325s ]
INFO: [ app_begin ] --START--
INFO: Run Behavior\ReadHtmlCacheBehavior [ RunTime:0.000443s ]
INFO: [ app_begin ] --END-- [ RunTime:0.000497s ]
NOTIC: [8] A session had already been started - ignoring session_start() D:\weizhan\App\Home\Controller\BaseController.class.php 第 13 行.
NOTIC: [2048] Declaration of Product\Model\ProductModel::_after_insert() should be compatible with that of Think\Model::_after_insert() D:\weizhan\App\Product\Model\ProductModel.class.php 第 5 行.
SQL: SHOW COLUMNS FROM `wei_product` [ RunTime:0.002902s ]
SQL: update wei_product set click_good = click_good+1 where id=3 [ RunTime:0.000458s ]
SQL: SELECT `click_good` FROM `wei_product` WHERE ( `id` = 3 ) LIMIT 1   [ RunTime:0.000479s ]
INFO: [ app_end ] --START--
INFO: Run Behavior\ShowPageTraceBehavior [ RunTime:0.000622s ]
INFO: [ app_end ] --END-- [ RunTime:0.000751s ]

[ 2015-03-21T18:33:19+08:00 ] 192.168.1.106 /index.php/Product/Product/ajaxZan?id=2
INFO: [ app_init ] --START--
INFO: Run Behavior\BuildLiteBehavior [ RunTime:0.000013s ]
INFO: [ app_init ] --END-- [ RunTime:0.000417s ]
INFO: [ app_begin ] --START--
INFO: Run Behavior\ReadHtmlCacheBehavior [ RunTime:0.000463s ]
INFO: [ app_begin ] --END-- [ RunTime:0.000506s ]
NOTIC: [8] A session had already been started - ignoring session_start() D:\weizhan\App\Home\Controller\BaseController.class.php 第 13 行.
NOTIC: [2048] Declaration of Product\Model\ProductModel::_after_insert() should be compatible with that of Think\Model::_after_insert() D:\weizhan\App\Product\Model\ProductModel.class.php 第 5 行.
SQL: SHOW COLUMNS FROM `wei_product` [ RunTime:0.003502s ]
SQL: update wei_product set click_good = click_good+1 where id=2 [ RunTime:0.000476s ]
SQL: SELECT `click_good` FROM `wei_product` WHERE ( `id` = 2 ) LIMIT 1   [ RunTime:0.000452s ]
INFO: [ app_end ] --START--
INFO: Run Behavior\ShowPageTraceBehavior [ RunTime:0.000594s ]
INFO: [ app_end ] --END-- [ RunTime:0.000644s ]

[ 2015-03-21T18:33:21+08:00 ] 192.168.1.106 /index.php/Product/Product/lst
INFO: [ app_init ] --START--
INFO: Run Behavior\BuildLiteBehavior [ RunTime:0.000021s ]
INFO: [ app_init ] --END-- [ RunTime:0.000474s ]
INFO: [ app_begin ] --START--
INFO: Run Behavior\ReadHtmlCacheBehavior [ RunTime:0.000644s ]
INFO: [ app_begin ] --END-- [ RunTime:0.000728s ]
NOTIC: [8] A session had already been started - ignoring session_start() D:\weizhan\App\Home\Controller\BaseController.class.php 第 13 行.
NOTIC: [2048] Declaration of Product\Model\ProductModel::_after_insert() should be compatible with that of Think\Model::_after_insert() D:\weizhan\App\Product\Model\ProductModel.class.php 第 5 行.
SQL: SHOW COLUMNS FROM `wei_product` [ RunTime:0.005616s ]
SQL: SELECT * FROM `wei_product` ORDER BY id desc  [ RunTime:0.000578s ]
INFO: [ view_parse ] --START--
INFO: [ template_filter ] --START--
INFO: Run Behavior\ContentReplaceBehavior [ RunTime:0.000090s ]
INFO: [ template_filter ] --END-- [ RunTime:0.000199s ]
NOTIC: [8] Undefined variable: clientip D:\weizhan\App\Runtime\Cache\Product\b69b7bc7eee18ee23371e39f02f797ef.php 第 16 行.
INFO: Run Behavior\ParseTemplateBehavior [ RunTime:0.006680s ]
INFO: [ view_parse ] --END-- [ RunTime:0.006751s ]
INFO: [ view_filter ] --START--
INFO: Run Behavior\WriteHtmlCacheBehavior [ RunTime:0.000320s ]
INFO: [ view_filter ] --END-- [ RunTime:0.000391s ]
INFO: [ app_end ] --START--
INFO: Run Behavior\ShowPageTraceBehavior [ RunTime:0.000632s ]
INFO: [ app_end ] --END-- [ RunTime:0.000701s ]

[ 2015-03-21T18:33:23+08:00 ] 192.168.1.106 /index.php/Product/Product/ajaxZan?id=2
INFO: [ app_init ] --START--
INFO: Run Behavior\BuildLiteBehavior [ RunTime:0.000013s ]
INFO: [ app_init ] --END-- [ RunTime:0.000293s ]
INFO: [ app_begin ] --START--
INFO: Run Behavior\ReadHtmlCacheBehavior [ RunTime:0.000466s ]
INFO: [ app_begin ] --END-- [ RunTime:0.000511s ]
NOTIC: [8] A session had already been started - ignoring session_start() D:\weizhan\App\Home\Controller\BaseController.class.php 第 13 行.
NOTIC: [2048] Declaration of Product\Model\ProductModel::_after_insert() should be compatible with that of Think\Model::_after_insert() D:\weizhan\App\Product\Model\ProductModel.class.php 第 5 行.
SQL: SHOW COLUMNS FROM `wei_product` [ RunTime:0.003614s ]
SQL: update wei_product set click_good = click_good+1 where id=2 [ RunTime:0.000609s ]
SQL: SELECT `click_good` FROM `wei_product` WHERE ( `id` = 2 ) LIMIT 1   [ RunTime:0.000466s ]
INFO: [ app_end ] --START--
INFO: Run Behavior\ShowPageTraceBehavior [ RunTime:0.000699s ]
INFO: [ app_end ] --END-- [ RunTime:0.000762s ]

[ 2015-03-21T18:33:24+08:00 ] 192.168.1.106 /index.php/Product/Product/ajaxZan?id=2
INFO: [ app_init ] --START--
INFO: Run Behavior\BuildLiteBehavior [ RunTime:0.000013s ]
INFO: [ app_init ] --END-- [ RunTime:0.000392s ]
INFO: [ app_begin ] --START--
INFO: Run Behavior\ReadHtmlCacheBehavior [ RunTime:0.000499s ]
INFO: [ app_begin ] --END-- [ RunTime:0.000544s ]
NOTIC: [8] A session had already been started - ignoring session_start() D:\weizhan\App\Home\Controller\BaseController.class.php 第 13 行.
NOTIC: [2048] Declaration of Product\Model\ProductModel::_after_insert() should be compatible with that of Think\Model::_after_insert() D:\weizhan\App\Product\Model\ProductModel.class.php 第 5 行.
SQL: SHOW COLUMNS FROM `wei_product` [ RunTime:0.003983s ]
SQL: update wei_product set click_good = click_good+1 where id=2 [ RunTime:0.000487s ]
SQL: SELECT `click_good` FROM `wei_product` WHERE ( `id` = 2 ) LIMIT 1   [ RunTime:0.000443s ]
INFO: [ app_end ] --START--
INFO: Run Behavior\ShowPageTraceBehavior [ RunTime:0.000756s ]
INFO: [ app_end ] --END-- [ RunTime:0.000826s ]

[ 2015-03-21T18:33:24+08:00 ] 192.168.1.106 /index.php/Product/Product/ajaxZan?id=2
INFO: [ app_init ] --START--
INFO: Run Behavior\BuildLiteBehavior [ RunTime:0.000019s ]
INFO: [ app_init ] --END-- [ RunTime:0.000425s ]
INFO: [ app_begin ] --START--
INFO: Run Behavior\ReadHtmlCacheBehavior [ RunTime:0.000511s ]
INFO: [ app_begin ] --END-- [ RunTime:0.000572s ]
NOTIC: [8] A session had already been started - ignoring session_start() D:\weizhan\App\Home\Controller\BaseController.class.php 第 13 行.
NOTIC: [2048] Declaration of Product\Model\ProductModel::_after_insert() should be compatible with that of Think\Model::_after_insert() D:\weizhan\App\Product\Model\ProductModel.class.php 第 5 行.
SQL: SHOW COLUMNS FROM `wei_product` [ RunTime:0.003616s ]
SQL: update wei_product set click_good = click_good+1 where id=2 [ RunTime:0.000580s ]
SQL: SELECT `click_good` FROM `wei_product` WHERE ( `id` = 2 ) LIMIT 1   [ RunTime:0.000490s ]
INFO: [ app_end ] --START--
INFO: Run Behavior\ShowPageTraceBehavior [ RunTime:0.000513s ]
INFO: [ app_end ] --END-- [ RunTime:0.000561s ]

[ 2015-03-21T18:33:30+08:00 ] 192.168.1.106 /index.php/Product/Product/ajaxZan?id=1
INFO: [ app_init ] --START--
INFO: Run Behavior\BuildLiteBehavior [ RunTime:0.000014s ]
INFO: [ app_init ] --END-- [ RunTime:0.000387s ]
INFO: [ app_begin ] --START--
INFO: Run Behavior\ReadHtmlCacheBehavior [ RunTime:0.000462s ]
INFO: [ app_begin ] --END-- [ RunTime:0.000506s ]
NOTIC: [8] A session had already been started - ignoring session_start() D:\weizhan\App\Home\Controller\BaseController.class.php 第 13 行.
NOTIC: [2048] Declaration of Product\Model\ProductModel::_after_insert() should be compatible with that of Think\Model::_after_insert() D:\weizhan\App\Product\Model\ProductModel.class.php 第 5 行.
SQL: SHOW COLUMNS FROM `wei_product` [ RunTime:0.003571s ]
SQL: update wei_product set click_good = click_good+1 where id=1 [ RunTime:0.000562s ]
SQL: SELECT `click_good` FROM `wei_product` WHERE ( `id` = 1 ) LIMIT 1   [ RunTime:0.001068s ]
INFO: [ app_end ] --START--
INFO: Run Behavior\ShowPageTraceBehavior [ RunTime:0.000512s ]
INFO: [ app_end ] --END-- [ RunTime:0.000559s ]

[ 2015-03-21T18:33:31+08:00 ] 192.168.1.106 /index.php/Product/Product/ajaxZan?id=1
INFO: [ app_init ] --START--
INFO: Run Behavior\BuildLiteBehavior [ RunTime:0.000015s ]
INFO: [ app_init ] --END-- [ RunTime:0.000402s ]
INFO: [ app_begin ] --START--
INFO: Run Behavior\ReadHtmlCacheBehavior [ RunTime:0.000479s ]
INFO: [ app_begin ] --END-- [ RunTime:0.000548s ]
NOTIC: [8] A session had already been started - ignoring session_start() D:\weizhan\App\Home\Controller\BaseController.class.php 第 13 行.
NOTIC: [2048] Declaration of Product\Model\ProductModel::_after_insert() should be compatible with that of Think\Model::_after_insert() D:\weizhan\App\Product\Model\ProductModel.class.php 第 5 行.
SQL: SHOW COLUMNS FROM `wei_product` [ RunTime:0.003162s ]
SQL: update wei_product set click_good = click_good+1 where id=1 [ RunTime:0.000486s ]
SQL: SELECT `click_good` FROM `wei_product` WHERE ( `id` = 1 ) LIMIT 1   [ RunTime:0.000439s ]
INFO: [ app_end ] --START--
INFO: Run Behavior\ShowPageTraceBehavior [ RunTime:0.000695s ]
INFO: [ app_end ] --END-- [ RunTime:0.000757s ]

[ 2015-03-21T18:33:32+08:00 ] 192.168.1.106 /index.php/Product/Product/lst
INFO: [ app_init ] --START--
INFO: Run Behavior\BuildLiteBehavior [ RunTime:0.000015s ]
INFO: [ app_init ] --END-- [ RunTime:0.000310s ]
INFO: [ app_begin ] --START--
INFO: Run Behavior\ReadHtmlCacheBehavior [ RunTime:0.000504s ]
INFO: [ app_begin ] --END-- [ RunTime:0.000552s ]
NOTIC: [8] A session had already been started - ignoring session_start() D:\weizhan\App\Home\Controller\BaseController.class.php 第 13 行.
NOTIC: [2048] Declaration of Product\Model\ProductModel::_after_insert() should be compatible with that of Think\Model::_after_insert() D:\weizhan\App\Product\Model\ProductModel.class.php 第 5 行.
SQL: SHOW COLUMNS FROM `wei_product` [ RunTime:0.003210s ]
SQL: SELECT * FROM `wei_product` ORDER BY id desc  [ RunTime:0.000564s ]
INFO: [ view_parse ] --START--
INFO: [ template_filter ] --START--
INFO: Run Behavior\ContentReplaceBehavior [ RunTime:0.000082s ]
INFO: [ template_filter ] --END-- [ RunTime:0.000194s ]
NOTIC: [8] Undefined variable: clientip D:\weizhan\App\Runtime\Cache\Product\b69b7bc7eee18ee23371e39f02f797ef.php 第 16 行.
INFO: Run Behavior\ParseTemplateBehavior [ RunTime:0.005041s ]
INFO: [ view_parse ] --END-- [ RunTime:0.005098s ]
INFO: [ view_filter ] --START--
INFO: Run Behavior\WriteHtmlCacheBehavior [ RunTime:0.000318s ]
INFO: [ view_filter ] --END-- [ RunTime:0.000363s ]
INFO: [ app_end ] --START--
INFO: Run Behavior\ShowPageTraceBehavior [ RunTime:0.000513s ]
INFO: [ app_end ] --END-- [ RunTime:0.000556s ]

[ 2015-03-21T18:33:54+08:00 ] 192.168.1.106 /index.php/Product/Product/lst
INFO: [ app_init ] --START--
INFO: Run Behavior\BuildLiteBehavior [ RunTime:0.000013s ]
INFO: [ app_init ] --END-- [ RunTime:0.000313s ]
INFO: [ app_begin ] --START--
INFO: Run Behavior\ReadHtmlCacheBehavior [ RunTime:0.000456s ]
INFO: [ app_begin ] --END-- [ RunTime:0.000518s ]
NOTIC: [8] A session had already been started - ignoring session_start() D:\weizhan\App\Home\Controller\BaseController.class.php 第 13 行.
NOTIC: [2048] Declaration of Product\Model\ProductModel::_after_insert() should be compatible with that of Think\Model::_after_insert() D:\weizhan\App\Product\Model\ProductModel.class.php 第 5 行.
SQL: SHOW COLUMNS FROM `wei_product` [ RunTime:0.003172s ]
SQL: SELECT * FROM `wei_product` ORDER BY id desc  [ RunTime:0.000580s ]
INFO: [ view_parse ] --START--
INFO: [ template_filter ] --START--
INFO: Run Behavior\ContentReplaceBehavior [ RunTime:0.000053s ]
INFO: [ template_filter ] --END-- [ RunTime:0.000111s ]
NOTIC: [8] Undefined variable: clientip D:\weizhan\App\Runtime\Cache\Product\b69b7bc7eee18ee23371e39f02f797ef.php 第 16 行.
INFO: Run Behavior\ParseTemplateBehavior [ RunTime:0.005267s ]
INFO: [ view_parse ] --END-- [ RunTime:0.005326s ]
INFO: [ view_filter ] --START--
INFO: Run Behavior\WriteHtmlCacheBehavior [ RunTime:0.000218s ]
INFO: [ view_filter ] --END-- [ RunTime:0.000264s ]
INFO: [ app_end ] --START--
INFO: Run Behavior\ShowPageTraceBehavior [ RunTime:0.000426s ]
INFO: [ app_end ] --END-- [ RunTime:0.000471s ]

[ 2015-03-21T18:33:55+08:00 ] 192.168.1.106 /index.php/Product/Product/ajaxZan?id=1
INFO: [ app_init ] --START--
INFO: Run Behavior\BuildLiteBehavior [ RunTime:0.000013s ]
INFO: [ app_init ] --END-- [ RunTime:0.000296s ]
INFO: [ app_begin ] --START--
INFO: Run Behavior\ReadHtmlCacheBehavior [ RunTime:0.000419s ]
INFO: [ app_begin ] --END-- [ RunTime:0.000471s ]
NOTIC: [8] A session had already been started - ignoring session_start() D:\weizhan\App\Home\Controller\BaseController.class.php 第 13 行.
NOTIC: [2048] Declaration of Product\Model\ProductModel::_after_insert() should be compatible with that of Think\Model::_after_insert() D:\weizhan\App\Product\Model\ProductModel.class.php 第 5 行.
SQL: SHOW COLUMNS FROM `wei_product` [ RunTime:0.003213s ]
SQL: update wei_product set click_good = click_good+1 where id=1 [ RunTime:0.000464s ]
SQL: SELECT `click_good` FROM `wei_product` WHERE ( `id` = 1 ) LIMIT 1   [ RunTime:0.000455s ]
INFO: [ app_end ] --START--
INFO: Run Behavior\ShowPageTraceBehavior [ RunTime:0.000708s ]
INFO: [ app_end ] --END-- [ RunTime:0.000773s ]

[ 2015-03-21T18:33:56+08:00 ] 192.168.1.106 /index.php/Product/Product/ajaxZan?id=1
INFO: [ app_init ] --START--
INFO: Run Behavior\BuildLiteBehavior [ RunTime:0.000014s ]
INFO: [ app_init ] --END-- [ RunTime:0.000390s ]
INFO: [ app_begin ] --START--
INFO: Run Behavior\ReadHtmlCacheBehavior [ RunTime:0.000502s ]
INFO: [ app_begin ] --END-- [ RunTime:0.000555s ]
NOTIC: [8] A session had already been started - ignoring session_start() D:\weizhan\App\Home\Controller\BaseController.class.php 第 13 行.
NOTIC: [2048] Declaration of Product\Model\ProductModel::_after_insert() should be compatible with that of Think\Model::_after_insert() D:\weizhan\App\Product\Model\ProductModel.class.php 第 5 行.
SQL: SHOW COLUMNS FROM `wei_product` [ RunTime:0.003878s ]
SQL: update wei_product set click_good = click_good+1 where id=1 [ RunTime:0.000557s ]
SQL: SELECT `click_good` FROM `wei_product` WHERE ( `id` = 1 ) LIMIT 1   [ RunTime:0.000475s ]
INFO: [ app_end ] --START--
INFO: Run Behavior\ShowPageTraceBehavior [ RunTime:0.000660s ]
INFO: [ app_end ] --END-- [ RunTime:0.000755s ]

[ 2015-03-21T18:33:57+08:00 ] 192.168.1.106 /index.php/Product/Product/ajaxZan?id=2
INFO: [ app_init ] --START--
INFO: Run Behavior\BuildLiteBehavior [ RunTime:0.000015s ]
INFO: [ app_init ] --END-- [ RunTime:0.000798s ]
INFO: [ app_begin ] --START--
INFO: Run Behavior\ReadHtmlCacheBehavior [ RunTime:0.001079s ]
INFO: [ app_begin ] --END-- [ RunTime:0.001131s ]
NOTIC: [8] A session had already been started - ignoring session_start() D:\weizhan\App\Home\Controller\BaseController.class.php 第 13 行.
NOTIC: [2048] Declaration of Product\Model\ProductModel::_after_insert() should be compatible with that of Think\Model::_after_insert() D:\weizhan\App\Product\Model\ProductModel.class.php 第 5 行.
SQL: SHOW COLUMNS FROM `wei_product` [ RunTime:0.003409s ]
SQL: update wei_product set click_good = click_good+1 where id=2 [ RunTime:0.001961s ]
SQL: SELECT `click_good` FROM `wei_product` WHERE ( `id` = 2 ) LIMIT 1   [ RunTime:0.000427s ]
INFO: [ app_end ] --START--
INFO: Run Behavior\ShowPageTraceBehavior [ RunTime:0.000547s ]
INFO: [ app_end ] --END-- [ RunTime:0.000597s ]

[ 2015-03-21T18:33:58+08:00 ] 192.168.1.106 /index.php/Product/Product/ajaxZan?id=2
INFO: [ app_init ] --START--
INFO: Run Behavior\BuildLiteBehavior [ RunTime:0.000012s ]
INFO: [ app_init ] --END-- [ RunTime:0.000304s ]
INFO: [ app_begin ] --START--
INFO: Run Behavior\ReadHtmlCacheBehavior [ RunTime:0.000400s ]
INFO: [ app_begin ] --END-- [ RunTime:0.000442s ]
NOTIC: [8] A session had already been started - ignoring session_start() D:\weizhan\App\Home\Controller\BaseController.class.php 第 13 行.
NOTIC: [2048] Declaration of Product\Model\ProductModel::_after_insert() should be compatible with that of Think\Model::_after_insert() D:\weizhan\App\Product\Model\ProductModel.class.php 第 5 行.
SQL: SHOW COLUMNS FROM `wei_product` [ RunTime:0.003221s ]
SQL: update wei_product set click_good = click_good+1 where id=2 [ RunTime:0.000577s ]
SQL: SELECT `click_good` FROM `wei_product` WHERE ( `id` = 2 ) LIMIT 1   [ RunTime:0.000412s ]
INFO: [ app_end ] --START--
INFO: Run Behavior\ShowPageTraceBehavior [ RunTime:0.000511s ]
INFO: [ app_end ] --END-- [ RunTime:0.000558s ]

[ 2015-03-21T18:33:59+08:00 ] 192.168.1.106 /index.php/Product/Product/ajaxZan?id=3
INFO: [ app_init ] --START--
INFO: Run Behavior\BuildLiteBehavior [ RunTime:0.000013s ]
INFO: [ app_init ] --END-- [ RunTime:0.000333s ]
INFO: [ app_begin ] --START--
INFO: Run Behavior\ReadHtmlCacheBehavior [ RunTime:0.000607s ]
INFO: [ app_begin ] --END-- [ RunTime:0.000658s ]
NOTIC: [8] A session had already been started - ignoring session_start() D:\weizhan\App\Home\Controller\BaseController.class.php 第 13 行.
NOTIC: [2048] Declaration of Product\Model\ProductModel::_after_insert() should be compatible with that of Think\Model::_after_insert() D:\weizhan\App\Product\Model\ProductModel.class.php 第 5 行.
SQL: SHOW COLUMNS FROM `wei_product` [ RunTime:0.003995s ]
SQL: update wei_product set click_good = click_good+1 where id=3 [ RunTime:0.000515s ]
SQL: SELECT `click_good` FROM `wei_product` WHERE ( `id` = 3 ) LIMIT 1   [ RunTime:0.000436s ]
INFO: [ app_end ] --START--
INFO: Run Behavior\ShowPageTraceBehavior [ RunTime:0.000510s ]
INFO: [ app_end ] --END-- [ RunTime:0.000564s ]

[ 2015-03-21T18:33:59+08:00 ] 192.168.1.106 /index.php/Product/Product/ajaxZan?id=3
INFO: [ app_init ] --START--
INFO: Run Behavior\BuildLiteBehavior [ RunTime:0.000015s ]
INFO: [ app_init ] --END-- [ RunTime:0.000305s ]
INFO: [ app_begin ] --START--
INFO: Run Behavior\ReadHtmlCacheBehavior [ RunTime:0.000400s ]
INFO: [ app_begin ] --END-- [ RunTime:0.000446s ]
NOTIC: [8] A session had already been started - ignoring session_start() D:\weizhan\App\Home\Controller\BaseController.class.php 第 13 行.
NOTIC: [2048] Declaration of Product\Model\ProductModel::_after_insert() should be compatible with that of Think\Model::_after_insert() D:\weizhan\App\Product\Model\ProductModel.class.php 第 5 行.
SQL: SHOW COLUMNS FROM `wei_product` [ RunTime:0.004678s ]
SQL: update wei_product set click_good = click_good+1 where id=3 [ RunTime:0.000909s ]
SQL: SELECT `click_good` FROM `wei_product` WHERE ( `id` = 3 ) LIMIT 1   [ RunTime:0.000481s ]
INFO: [ app_end ] --START--
INFO: Run Behavior\ShowPageTraceBehavior [ RunTime:0.000593s ]
INFO: [ app_end ] --END-- [ RunTime:0.000654s ]

[ 2015-03-21T18:34:41+08:00 ] 192.168.1.106 /index.php/Product/Product/ajaxZan?id=1
INFO: [ app_init ] --START--
INFO: Run Behavior\BuildLiteBehavior [ RunTime:0.000016s ]
INFO: [ app_init ] --END-- [ RunTime:0.000346s ]
INFO: [ app_begin ] --START--
INFO: Run Behavior\ReadHtmlCacheBehavior [ RunTime:0.000464s ]
INFO: [ app_begin ] --END-- [ RunTime:0.000516s ]
NOTIC: [8] A session had already been started - ignoring session_start() D:\weizhan\App\Home\Controller\BaseController.class.php 第 13 行.
NOTIC: [2048] Declaration of Product\Model\ProductModel::_after_insert() should be compatible with that of Think\Model::_after_insert() D:\weizhan\App\Product\Model\ProductModel.class.php 第 5 行.
SQL: SHOW COLUMNS FROM `wei_product` [ RunTime:0.003377s ]
SQL: update wei_product set click_good = click_good+1 where id=1 [ RunTime:0.000523s ]
SQL: SELECT `click_good` FROM `wei_product` WHERE ( `id` = 1 ) LIMIT 1   [ RunTime:0.000399s ]
INFO: [ app_end ] --START--
INFO: Run Behavior\ShowPageTraceBehavior [ RunTime:0.000496s ]
INFO: [ app_end ] --END-- [ RunTime:0.000544s ]

[ 2015-03-21T18:34:42+08:00 ] 192.168.1.106 /index.php/Product/Product/ajaxZan?id=2
INFO: [ app_init ] --START--
INFO: Run Behavior\BuildLiteBehavior [ RunTime:0.000013s ]
INFO: [ app_init ] --END-- [ RunTime:0.000301s ]
INFO: [ app_begin ] --START--
INFO: Run Behavior\ReadHtmlCacheBehavior [ RunTime:0.000397s ]
INFO: [ app_begin ] --END-- [ RunTime:0.000446s ]
NOTIC: [8] A session had already been started - ignoring session_start() D:\weizhan\App\Home\Controller\BaseController.class.php 第 13 行.
NOTIC: [2048] Declaration of Product\Model\ProductModel::_after_insert() should be compatible with that of Think\Model::_after_insert() D:\weizhan\App\Product\Model\ProductModel.class.php 第 5 行.
SQL: SHOW COLUMNS FROM `wei_product` [ RunTime:0.003167s ]
SQL: update wei_product set click_good = click_good+1 where id=2 [ RunTime:0.000471s ]
SQL: SELECT `click_good` FROM `wei_product` WHERE ( `id` = 2 ) LIMIT 1   [ RunTime:0.000461s ]
INFO: [ app_end ] --START--
INFO: Run Behavior\ShowPageTraceBehavior [ RunTime:0.000786s ]
INFO: [ app_end ] --END-- [ RunTime:0.000856s ]

[ 2015-03-21T18:34:43+08:00 ] 192.168.1.106 /index.php/Product/Product/ajaxZan?id=3
INFO: [ app_init ] --START--
INFO: Run Behavior\BuildLiteBehavior [ RunTime:0.000013s ]
INFO: [ app_init ] --END-- [ RunTime:0.000375s ]
INFO: [ app_begin ] --START--
INFO: Run Behavior\ReadHtmlCacheBehavior [ RunTime:0.000466s ]
INFO: [ app_begin ] --END-- [ RunTime:0.000513s ]
NOTIC: [8] A session had already been started - ignoring session_start() D:\weizhan\App\Home\Controller\BaseController.class.php 第 13 行.
NOTIC: [2048] Declaration of Product\Model\ProductModel::_after_insert() should be compatible with that of Think\Model::_after_insert() D:\weizhan\App\Product\Model\ProductModel.class.php 第 5 行.
SQL: SHOW COLUMNS FROM `wei_product` [ RunTime:0.003940s ]
SQL: update wei_product set click_good = click_good+1 where id=3 [ RunTime:0.000487s ]
SQL: SELECT `click_good` FROM `wei_product` WHERE ( `id` = 3 ) LIMIT 1   [ RunTime:0.000410s ]
INFO: [ app_end ] --START--
INFO: Run Behavior\ShowPageTraceBehavior [ RunTime:0.000718s ]
INFO: [ app_end ] --END-- [ RunTime:0.000780s ]

[ 2015-03-21T18:35:53+08:00 ] 192.168.1.106 /index.php/Product/Product/ajaxZan?id=2
INFO: [ app_init ] --START--
INFO: Run Behavior\BuildLiteBehavior [ RunTime:0.000014s ]
INFO: [ app_init ] --END-- [ RunTime:0.000401s ]
INFO: [ app_begin ] --START--
INFO: Run Behavior\ReadHtmlCacheBehavior [ RunTime:0.000409s ]
INFO: [ app_begin ] --END-- [ RunTime:0.000456s ]
NOTIC: [8] A session had already been started - ignoring session_start() D:\weizhan\App\Home\Controller\BaseController.class.php 第 13 行.
NOTIC: [2048] Declaration of Product\Model\ProductModel::_after_insert() should be compatible with that of Think\Model::_after_insert() D:\weizhan\App\Product\Model\ProductModel.class.php 第 5 行.
SQL: SHOW COLUMNS FROM `wei_product` [ RunTime:0.003457s ]
SQL: update wei_product set click_good = click_good+1 where id=2 [ RunTime:0.000459s ]
SQL: SELECT `click_good` FROM `wei_product` WHERE ( `id` = 2 ) LIMIT 1   [ RunTime:0.000408s ]
INFO: [ app_end ] --START--
INFO: Run Behavior\ShowPageTraceBehavior [ RunTime:0.000761s ]
INFO: [ app_end ] --END-- [ RunTime:0.000819s ]

[ 2015-03-21T18:35:54+08:00 ] 192.168.1.106 /index.php/Product/Product/ajaxZan?id=2
INFO: [ app_init ] --START--
INFO: Run Behavior\BuildLiteBehavior [ RunTime:0.000014s ]
INFO: [ app_init ] --END-- [ RunTime:0.000409s ]
INFO: [ app_begin ] --START--
INFO: Run Behavior\ReadHtmlCacheBehavior [ RunTime:0.000405s ]
INFO: [ app_begin ] --END-- [ RunTime:0.000451s ]
NOTIC: [8] A session had already been started - ignoring session_start() D:\weizhan\App\Home\Controller\BaseController.class.php 第 13 行.
NOTIC: [2048] Declaration of Product\Model\ProductModel::_after_insert() should be compatible with that of Think\Model::_after_insert() D:\weizhan\App\Product\Model\ProductModel.class.php 第 5 行.
SQL: SHOW COLUMNS FROM `wei_product` [ RunTime:0.003394s ]
SQL: update wei_product set click_good = click_good+1 where id=2 [ RunTime:0.000463s ]
SQL: SELECT `click_good` FROM `wei_product` WHERE ( `id` = 2 ) LIMIT 1   [ RunTime:0.000468s ]
INFO: [ app_end ] --START--
INFO: Run Behavior\ShowPageTraceBehavior [ RunTime:0.000580s ]
INFO: [ app_end ] --END-- [ RunTime:0.000631s ]

[ 2015-03-21T18:35:55+08:00 ] 192.168.1.106 /index.php/Product/Product/ajaxZan?id=3
INFO: [ app_init ] --START--
INFO: Run Behavior\BuildLiteBehavior [ RunTime:0.000013s ]
INFO: [ app_init ] --END-- [ RunTime:0.000376s ]
INFO: [ app_begin ] --START--
INFO: Run Behavior\ReadHtmlCacheBehavior [ RunTime:0.000463s ]
INFO: [ app_begin ] --END-- [ RunTime:0.000515s ]
NOTIC: [8] A session had already been started - ignoring session_start() D:\weizhan\App\Home\Controller\BaseController.class.php 第 13 行.
NOTIC: [2048] Declaration of Product\Model\ProductModel::_after_insert() should be compatible with that of Think\Model::_after_insert() D:\weizhan\App\Product\Model\ProductModel.class.php 第 5 行.
SQL: SHOW COLUMNS FROM `wei_product` [ RunTime:0.022311s ]
SQL: update wei_product set click_good = click_good+1 where id=3 [ RunTime:0.000450s ]
SQL: SELECT `click_good` FROM `wei_product` WHERE ( `id` = 3 ) LIMIT 1   [ RunTime:0.000460s ]
INFO: [ app_end ] --START--
INFO: Run Behavior\ShowPageTraceBehavior [ RunTime:0.000790s ]
INFO: [ app_end ] --END-- [ RunTime:0.000875s ]

[ 2015-03-21T18:35:56+08:00 ] 192.168.1.106 /index.php/Product/Product/ajaxZan?id=1
INFO: [ app_init ] --START--
INFO: Run Behavior\BuildLiteBehavior [ RunTime:0.000011s ]
INFO: [ app_init ] --END-- [ RunTime:0.000290s ]
INFO: [ app_begin ] --START--
INFO: Run Behavior\ReadHtmlCacheBehavior [ RunTime:0.000410s ]
INFO: [ app_begin ] --END-- [ RunTime:0.000458s ]
NOTIC: [8] A session had already been started - ignoring session_start() D:\weizhan\App\Home\Controller\BaseController.class.php 第 13 行.
NOTIC: [2048] Declaration of Product\Model\ProductModel::_after_insert() should be compatible with that of Think\Model::_after_insert() D:\weizhan\App\Product\Model\ProductModel.class.php 第 5 行.
SQL: SHOW COLUMNS FROM `wei_product` [ RunTime:0.003924s ]
SQL: update wei_product set click_good = click_good+1 where id=1 [ RunTime:0.000612s ]
SQL: SELECT `click_good` FROM `wei_product` WHERE ( `id` = 1 ) LIMIT 1   [ RunTime:0.000721s ]
INFO: [ app_end ] --START--
INFO: Run Behavior\ShowPageTraceBehavior [ RunTime:0.000768s ]
INFO: [ app_end ] --END-- [ RunTime:0.000839s ]

[ 2015-03-21T18:35:57+08:00 ] 192.168.1.106 /index.php/Product/Product/ajaxZan?id=2
INFO: [ app_init ] --START--
INFO: Run Behavior\BuildLiteBehavior [ RunTime:0.000012s ]
INFO: [ app_init ] --END-- [ RunTime:0.000294s ]
INFO: [ app_begin ] --START--
INFO: Run Behavior\ReadHtmlCacheBehavior [ RunTime:0.000392s ]
INFO: [ app_begin ] --END-- [ RunTime:0.000438s ]
NOTIC: [8] A session had already been started - ignoring session_start() D:\weizhan\App\Home\Controller\BaseController.class.php 第 13 行.
NOTIC: [2048] Declaration of Product\Model\ProductModel::_after_insert() should be compatible with that of Think\Model::_after_insert() D:\weizhan\App\Product\Model\ProductModel.class.php 第 5 行.
SQL: SHOW COLUMNS FROM `wei_product` [ RunTime:0.003281s ]
SQL: update wei_product set click_good = click_good+1 where id=2 [ RunTime:0.000530s ]
SQL: SELECT `click_good` FROM `wei_product` WHERE ( `id` = 2 ) LIMIT 1   [ RunTime:0.000512s ]
INFO: [ app_end ] --START--
INFO: Run Behavior\ShowPageTraceBehavior [ RunTime:0.000653s ]
INFO: [ app_end ] --END-- [ RunTime:0.000702s ]

[ 2015-03-21T18:35:59+08:00 ] 192.168.1.106 /index.php/Product/Product/ajaxZan?id=3
INFO: [ app_init ] --START--
INFO: Run Behavior\BuildLiteBehavior [ RunTime:0.000013s ]
INFO: [ app_init ] --END-- [ RunTime:0.000395s ]
INFO: [ app_begin ] --START--
INFO: Run Behavior\ReadHtmlCacheBehavior [ RunTime:0.000492s ]
INFO: [ app_begin ] --END-- [ RunTime:0.000540s ]
NOTIC: [8] A session had already been started - ignoring session_start() D:\weizhan\App\Home\Controller\BaseController.class.php 第 13 行.
NOTIC: [2048] Declaration of Product\Model\ProductModel::_after_insert() should be compatible with that of Think\Model::_after_insert() D:\weizhan\App\Product\Model\ProductModel.class.php 第 5 行.
SQL: SHOW COLUMNS FROM `wei_product` [ RunTime:0.003873s ]
SQL: update wei_product set click_good = click_good+1 where id=3 [ RunTime:0.000481s ]
SQL: SELECT `click_good` FROM `wei_product` WHERE ( `id` = 3 ) LIMIT 1   [ RunTime:0.000449s ]
INFO: [ app_end ] --START--
INFO: Run Behavior\ShowPageTraceBehavior [ RunTime:0.000643s ]
INFO: [ app_end ] --END-- [ RunTime:0.000695s ]

[ 2015-03-21T18:36:00+08:00 ] 192.168.1.106 /index.php/Product/Product/ajaxZan?id=2
INFO: [ app_init ] --START--
INFO: Run Behavior\BuildLiteBehavior [ RunTime:0.000013s ]
INFO: [ app_init ] --END-- [ RunTime:0.000374s ]
INFO: [ app_begin ] --START--
INFO: Run Behavior\ReadHtmlCacheBehavior [ RunTime:0.000457s ]
INFO: [ app_begin ] --END-- [ RunTime:0.000507s ]
NOTIC: [8] A session had already been started - ignoring session_start() D:\weizhan\App\Home\Controller\BaseController.class.php 第 13 行.
NOTIC: [2048] Declaration of Product\Model\ProductModel::_after_insert() should be compatible with that of Think\Model::_after_insert() D:\weizhan\App\Product\Model\ProductModel.class.php 第 5 行.
SQL: SHOW COLUMNS FROM `wei_product` [ RunTime:0.002678s ]
SQL: update wei_product set click_good = click_good+1 where id=2 [ RunTime:0.000414s ]
SQL: SELECT `click_good` FROM `wei_product` WHERE ( `id` = 2 ) LIMIT 1   [ RunTime:0.000402s ]
INFO: [ app_end ] --START--
INFO: Run Behavior\ShowPageTraceBehavior [ RunTime:0.000806s ]
INFO: [ app_end ] --END-- [ RunTime:0.000882s ]

[ 2015-03-21T18:36:00+08:00 ] 192.168.1.106 /index.php/Product/Product/ajaxZan?id=1
INFO: [ app_init ] --START--
INFO: Run Behavior\BuildLiteBehavior [ RunTime:0.000013s ]
INFO: [ app_init ] --END-- [ RunTime:0.000394s ]
INFO: [ app_begin ] --START--
INFO: Run Behavior\ReadHtmlCacheBehavior [ RunTime:0.000484s ]
INFO: [ app_begin ] --END-- [ RunTime:0.000529s ]
NOTIC: [8] A session had already been started - ignoring session_start() D:\weizhan\App\Home\Controller\BaseController.class.php 第 13 行.
NOTIC: [2048] Declaration of Product\Model\ProductModel::_after_insert() should be compatible with that of Think\Model::_after_insert() D:\weizhan\App\Product\Model\ProductModel.class.php 第 5 行.
SQL: SHOW COLUMNS FROM `wei_product` [ RunTime:0.003460s ]
SQL: update wei_product set click_good = click_good+1 where id=1 [ RunTime:0.000485s ]
SQL: SELECT `click_good` FROM `wei_product` WHERE ( `id` = 1 ) LIMIT 1   [ RunTime:0.000621s ]
INFO: [ app_end ] --START--
INFO: Run Behavior\ShowPageTraceBehavior [ RunTime:0.000576s ]
INFO: [ app_end ] --END-- [ RunTime:0.000621s ]

[ 2015-03-21T18:36:01+08:00 ] 192.168.1.106 /index.php/Product/Product/ajaxZan?id=1
INFO: [ app_init ] --START--
INFO: Run Behavior\BuildLiteBehavior [ RunTime:0.000012s ]
INFO: [ app_init ] --END-- [ RunTime:0.000321s ]
INFO: [ app_begin ] --START--
INFO: Run Behavior\ReadHtmlCacheBehavior [ RunTime:0.000420s ]
INFO: [ app_begin ] --END-- [ RunTime:0.000466s ]
NOTIC: [8] A session had already been started - ignoring session_start() D:\weizhan\App\Home\Controller\BaseController.class.php 第 13 行.
NOTIC: [2048] Declaration of Product\Model\ProductModel::_after_insert() should be compatible with that of Think\Model::_after_insert() D:\weizhan\App\Product\Model\ProductModel.class.php 第 5 行.
SQL: SHOW COLUMNS FROM `wei_product` [ RunTime:0.003074s ]
SQL: update wei_product set click_good = click_good+1 where id=1 [ RunTime:0.000412s ]
SQL: SELECT `click_good` FROM `wei_product` WHERE ( `id` = 1 ) LIMIT 1   [ RunTime:0.000378s ]
INFO: [ app_end ] --START--
INFO: Run Behavior\ShowPageTraceBehavior [ RunTime:0.000714s ]
INFO: [ app_end ] --END-- [ RunTime:0.000782s ]

[ 2015-03-21T18:36:02+08:00 ] 192.168.1.106 /index.php/Product/Product/ajaxZan?id=1
INFO: [ app_init ] --START--
INFO: Run Behavior\BuildLiteBehavior [ RunTime:0.000014s ]
INFO: [ app_init ] --END-- [ RunTime:0.000381s ]
INFO: [ app_begin ] --START--
INFO: Run Behavior\ReadHtmlCacheBehavior [ RunTime:0.000425s ]
INFO: [ app_begin ] --END-- [ RunTime:0.000467s ]
NOTIC: [8] A session had already been started - ignoring session_start() D:\weizhan\App\Home\Controller\BaseController.class.php 第 13 行.
NOTIC: [2048] Declaration of Product\Model\ProductModel::_after_insert() should be compatible with that of Think\Model::_after_insert() D:\weizhan\App\Product\Model\ProductModel.class.php 第 5 行.
SQL: SHOW COLUMNS FROM `wei_product` [ RunTime:0.003472s ]
SQL: update wei_product set click_good = click_good+1 where id=1 [ RunTime:0.000563s ]
SQL: SELECT `click_good` FROM `wei_product` WHERE ( `id` = 1 ) LIMIT 1   [ RunTime:0.000390s ]
INFO: [ app_end ] --START--
INFO: Run Behavior\ShowPageTraceBehavior [ RunTime:0.000564s ]
INFO: [ app_end ] --END-- [ RunTime:0.000617s ]

[ 2015-03-21T18:36:02+08:00 ] 192.168.1.106 /index.php/Product/Product/detail?id=1
INFO: [ app_init ] --START--
INFO: Run Behavior\BuildLiteBehavior [ RunTime:0.000012s ]
INFO: [ app_init ] --END-- [ RunTime:0.000341s ]
INFO: [ app_begin ] --START--
INFO: Run Behavior\ReadHtmlCacheBehavior [ RunTime:0.000541s ]
INFO: [ app_begin ] --END-- [ RunTime:0.000588s ]
NOTIC: [8] A session had already been started - ignoring session_start() D:\weizhan\App\Home\Controller\BaseController.class.php 第 13 行.
NOTIC: [2048] Declaration of Product\Model\ProductModel::_after_insert() should be compatible with that of Think\Model::_after_insert() D:\weizhan\App\Product\Model\ProductModel.class.php 第 5 行.
SQL: SHOW COLUMNS FROM `wei_product` [ RunTime:0.003684s ]
SQL: update wei_product set click = click +1 where id = 1 [ RunTime:0.000474s ]
SQL: SELECT * FROM `wei_product` WHERE ( `id` = 1 ) LIMIT 1   [ RunTime:0.000455s ]
INFO: [ view_parse ] --START--
INFO: [ template_filter ] --START--
INFO: Run Behavior\ContentReplaceBehavior [ RunTime:0.000057s ]
INFO: [ template_filter ] --END-- [ RunTime:0.000124s ]
INFO: Run Behavior\ParseTemplateBehavior [ RunTime:0.005750s ]
INFO: [ view_parse ] --END-- [ RunTime:0.005820s ]
INFO: [ view_filter ] --START--
INFO: Run Behavior\WriteHtmlCacheBehavior [ RunTime:0.000359s ]
INFO: [ view_filter ] --END-- [ RunTime:0.000402s ]
INFO: [ app_end ] --START--
INFO: Run Behavior\ShowPageTraceBehavior [ RunTime:0.000501s ]
INFO: [ app_end ] --END-- [ RunTime:0.000545s ]

[ 2015-03-21T18:36:05+08:00 ] 192.168.1.106 /index.php/Product/Product/detail?id=1
INFO: [ app_init ] --START--
INFO: Run Behavior\BuildLiteBehavior [ RunTime:0.000012s ]
INFO: [ app_init ] --END-- [ RunTime:0.000309s ]
INFO: [ app_begin ] --START--
INFO: Run Behavior\ReadHtmlCacheBehavior [ RunTime:0.000593s ]
INFO: [ app_begin ] --END-- [ RunTime:0.000655s ]
NOTIC: [8] A session had already been started - ignoring session_start() D:\weizhan\App\Home\Controller\BaseController.class.php 第 13 行.
NOTIC: [2048] Declaration of Product\Model\ProductModel::_after_insert() should be compatible with that of Think\Model::_after_insert() D:\weizhan\App\Product\Model\ProductModel.class.php 第 5 行.
SQL: SHOW COLUMNS FROM `wei_product` [ RunTime:0.003081s ]
SQL: update wei_product set click = click +1 where id = 1 [ RunTime:0.000503s ]
SQL: SELECT * FROM `wei_product` WHERE ( `id` = 1 ) LIMIT 1   [ RunTime:0.000443s ]
INFO: [ view_parse ] --START--
INFO: [ template_filter ] --START--
INFO: Run Behavior\ContentReplaceBehavior [ RunTime:0.000055s ]
INFO: [ template_filter ] --END-- [ RunTime:0.000119s ]
INFO: Run Behavior\ParseTemplateBehavior [ RunTime:0.005359s ]
INFO: [ view_parse ] --END-- [ RunTime:0.005416s ]
INFO: [ view_filter ] --START--
INFO: Run Behavior\WriteHtmlCacheBehavior [ RunTime:0.000287s ]
INFO: [ view_filter ] --END-- [ RunTime:0.000330s ]
INFO: [ app_end ] --START--
INFO: Run Behavior\ShowPageTraceBehavior [ RunTime:0.000538s ]
INFO: [ app_end ] --END-- [ RunTime:0.000584s ]

[ 2015-03-21T18:36:10+08:00 ] 192.168.1.106 /index.php/Product/Product/detail?id=2
INFO: [ app_init ] --START--
INFO: Run Behavior\BuildLiteBehavior [ RunTime:0.000012s ]
INFO: [ app_init ] --END-- [ RunTime:0.000388s ]
INFO: [ app_begin ] --START--
INFO: Run Behavior\ReadHtmlCacheBehavior [ RunTime:0.000461s ]
INFO: [ app_begin ] --END-- [ RunTime:0.000509s ]
NOTIC: [8] A session had already been started - ignoring session_start() D:\weizhan\App\Home\Controller\BaseController.class.php 第 13 行.
NOTIC: [2048] Declaration of Product\Model\ProductModel::_after_insert() should be compatible with that of Think\Model::_after_insert() D:\weizhan\App\Product\Model\ProductModel.class.php 第 5 行.
SQL: SHOW COLUMNS FROM `wei_product` [ RunTime:0.005196s ]
SQL: update wei_product set click = click +1 where id = 2 [ RunTime:0.000624s ]
SQL: SELECT * FROM `wei_product` WHERE ( `id` = 2 ) LIMIT 1   [ RunTime:0.000557s ]
INFO: [ view_parse ] --START--
INFO: [ template_filter ] --START--
INFO: Run Behavior\ContentReplaceBehavior [ RunTime:0.000055s ]
INFO: [ template_filter ] --END-- [ RunTime:0.000119s ]
INFO: Run Behavior\ParseTemplateBehavior [ RunTime:0.005637s ]
INFO: [ view_parse ] --END-- [ RunTime:0.005703s ]
INFO: [ view_filter ] --START--
INFO: Run Behavior\WriteHtmlCacheBehavior [ RunTime:0.000315s ]
INFO: [ view_filter ] --END-- [ RunTime:0.000376s ]
INFO: [ app_end ] --START--
INFO: Run Behavior\ShowPageTraceBehavior [ RunTime:0.000910s ]
INFO: [ app_end ] --END-- [ RunTime:0.000958s ]

[ 2015-03-21T18:39:19+08:00 ] 192.168.1.106 /index.php/Product/Product/lst
INFO: [ app_init ] --START--
INFO: Run Behavior\BuildLiteBehavior [ RunTime:0.000012s ]
INFO: [ app_init ] --END-- [ RunTime:0.000514s ]
INFO: [ app_begin ] --START--
INFO: Run Behavior\ReadHtmlCacheBehavior [ RunTime:0.000508s ]
INFO: [ app_begin ] --END-- [ RunTime:0.000556s ]
NOTIC: [8] A session had already been started - ignoring session_start() D:\weizhan\App\Home\Controller\BaseController.class.php 第 13 行.
NOTIC: [2048] Declaration of Product\Model\ProductModel::_after_insert() should be compatible with that of Think\Model::_after_insert() D:\weizhan\App\Product\Model\ProductModel.class.php 第 5 行.
SQL: SHOW COLUMNS FROM `wei_product` [ RunTime:0.003397s ]
SQL: SELECT * FROM `wei_product` ORDER BY id desc  [ RunTime:0.000798s ]
INFO: [ view_parse ] --START--
INFO: [ template_filter ] --START--
INFO: Run Behavior\ContentReplaceBehavior [ RunTime:0.000061s ]
INFO: [ template_filter ] --END-- [ RunTime:0.000130s ]
NOTIC: [8] Undefined variable: clientip D:\weizhan\App\Runtime\Cache\Product\b69b7bc7eee18ee23371e39f02f797ef.php 第 16 行.
INFO: Run Behavior\ParseTemplateBehavior [ RunTime:0.005765s ]
INFO: [ view_parse ] --END-- [ RunTime:0.005824s ]
INFO: [ view_filter ] --START--
INFO: Run Behavior\WriteHtmlCacheBehavior [ RunTime:0.000482s ]
INFO: [ view_filter ] --END-- [ RunTime:0.000574s ]
INFO: [ app_end ] --START--
INFO: Run Behavior\ShowPageTraceBehavior [ RunTime:0.000710s ]
INFO: [ app_end ] --END-- [ RunTime:0.000788s ]

[ 2015-03-21T18:39:22+08:00 ] 192.168.1.106 /index.php/Product/Product/detail?id=1
INFO: [ app_init ] --START--
INFO: Run Behavior\BuildLiteBehavior [ RunTime:0.000012s ]
INFO: [ app_init ] --END-- [ RunTime:0.000415s ]
INFO: [ app_begin ] --START--
INFO: Run Behavior\ReadHtmlCacheBehavior [ RunTime:0.000411s ]
INFO: [ app_begin ] --END-- [ RunTime:0.000459s ]
NOTIC: [8] A session had already been started - ignoring session_start() D:\weizhan\App\Home\Controller\BaseController.class.php 第 13 行.
NOTIC: [2048] Declaration of Product\Model\ProductModel::_after_insert() should be compatible with that of Think\Model::_after_insert() D:\weizhan\App\Product\Model\ProductModel.class.php 第 5 行.
SQL: SHOW COLUMNS FROM `wei_product` [ RunTime:0.003721s ]
SQL: update wei_product set click = click +1 where id = 1 [ RunTime:0.000489s ]
SQL: SELECT * FROM `wei_product` WHERE ( `id` = 1 ) LIMIT 1   [ RunTime:0.000513s ]
INFO: [ view_parse ] --START--
INFO: [ template_filter ] --START--
INFO: Run Behavior\ContentReplaceBehavior [ RunTime:0.000049s ]
INFO: [ template_filter ] --END-- [ RunTime:0.000137s ]
INFO: Run Behavior\ParseTemplateBehavior [ RunTime:0.005930s ]
INFO: [ view_parse ] --END-- [ RunTime:0.005985s ]
INFO: [ view_filter ] --START--
INFO: Run Behavior\WriteHtmlCacheBehavior [ RunTime:0.000353s ]
INFO: [ view_filter ] --END-- [ RunTime:0.000399s ]
INFO: [ app_end ] --START--
INFO: Run Behavior\ShowPageTraceBehavior [ RunTime:0.000489s ]
INFO: [ app_end ] --END-- [ RunTime:0.000538s ]

[ 2015-03-21T18:39:29+08:00 ] 192.168.1.106 /index.php/Product/Product/lst
INFO: [ app_init ] --START--
INFO: Run Behavior\BuildLiteBehavior [ RunTime:0.000020s ]
INFO: [ app_init ] --END-- [ RunTime:0.000515s ]
INFO: [ app_begin ] --START--
INFO: Run Behavior\ReadHtmlCacheBehavior [ RunTime:0.000738s ]
INFO: [ app_begin ] --END-- [ RunTime:0.000819s ]
NOTIC: [8] A session had already been started - ignoring session_start() D:\weizhan\App\Home\Controller\BaseController.class.php 第 13 行.
NOTIC: [2048] Declaration of Product\Model\ProductModel::_after_insert() should be compatible with that of Think\Model::_after_insert() D:\weizhan\App\Product\Model\ProductModel.class.php 第 5 行.
SQL: SHOW COLUMNS FROM `wei_product` [ RunTime:0.003002s ]
SQL: SELECT * FROM `wei_product` ORDER BY id desc  [ RunTime:0.000539s ]
INFO: [ view_parse ] --START--
INFO: [ template_filter ] --START--
INFO: Run Behavior\ContentReplaceBehavior [ RunTime:0.000061s ]
INFO: [ template_filter ] --END-- [ RunTime:0.000127s ]
NOTIC: [8] Undefined variable: clientip D:\weizhan\App\Runtime\Cache\Product\b69b7bc7eee18ee23371e39f02f797ef.php 第 16 行.
INFO: Run Behavior\ParseTemplateBehavior [ RunTime:0.005898s ]
INFO: [ view_parse ] --END-- [ RunTime:0.005956s ]
INFO: [ view_filter ] --START--
INFO: Run Behavior\WriteHtmlCacheBehavior [ RunTime:0.000255s ]
INFO: [ view_filter ] --END-- [ RunTime:0.000299s ]
INFO: [ app_end ] --START--
INFO: Run Behavior\ShowPageTraceBehavior [ RunTime:0.000465s ]
INFO: [ app_end ] --END-- [ RunTime:0.000509s ]

[ 2015-03-21T18:40:06+08:00 ] 192.168.1.106 /index.php/Product/Product/lst
INFO: [ app_init ] --START--
INFO: Run Behavior\BuildLiteBehavior [ RunTime:0.000013s ]
INFO: [ app_init ] --END-- [ RunTime:0.000300s ]
INFO: [ app_begin ] --START--
INFO: Run Behavior\ReadHtmlCacheBehavior [ RunTime:0.000394s ]
INFO: [ app_begin ] --END-- [ RunTime:0.000439s ]
NOTIC: [8] A session had already been started - ignoring session_start() D:\weizhan\App\Home\Controller\BaseController.class.php 第 13 行.
NOTIC: [2048] Declaration of Product\Model\ProductModel::_after_insert() should be compatible with that of Think\Model::_after_insert() D:\weizhan\App\Product\Model\ProductModel.class.php 第 5 行.
SQL: SHOW COLUMNS FROM `wei_product` [ RunTime:0.003297s ]
SQL: SELECT * FROM `wei_product` ORDER BY id desc  [ RunTime:0.000736s ]
INFO: [ view_parse ] --START--
INFO: [ template_filter ] --START--
INFO: Run Behavior\ContentReplaceBehavior [ RunTime:0.000060s ]
INFO: [ template_filter ] --END-- [ RunTime:0.000122s ]
NOTIC: [8] Undefined variable: clientip D:\weizhan\App\Runtime\Cache\Product\b69b7bc7eee18ee23371e39f02f797ef.php 第 16 行.
INFO: Run Behavior\ParseTemplateBehavior [ RunTime:0.004967s ]
INFO: [ view_parse ] --END-- [ RunTime:0.005020s ]
INFO: [ view_filter ] --START--
INFO: Run Behavior\WriteHtmlCacheBehavior [ RunTime:0.000209s ]
INFO: [ view_filter ] --END-- [ RunTime:0.000253s ]
INFO: [ app_end ] --START--
INFO: Run Behavior\ShowPageTraceBehavior [ RunTime:0.000433s ]
INFO: [ app_end ] --END-- [ RunTime:0.000477s ]

[ 2015-03-21T18:41:48+08:00 ] 192.168.1.106 /index.php/Product/Product/detail?id=1
INFO: [ app_init ] --START--
INFO: Run Behavior\BuildLiteBehavior [ RunTime:0.000029s ]
INFO: [ app_init ] --END-- [ RunTime:0.000784s ]
INFO: [ app_begin ] --START--
INFO: Run Behavior\ReadHtmlCacheBehavior [ RunTime:0.001062s ]
INFO: [ app_begin ] --END-- [ RunTime:0.001182s ]
NOTIC: [8] A session had already been started - ignoring session_start() D:\weizhan\App\Home\Controller\BaseController.class.php 第 13 行.
NOTIC: [2048] Declaration of Product\Model\ProductModel::_after_insert() should be compatible with that of Think\Model::_after_insert() D:\weizhan\App\Product\Model\ProductModel.class.php 第 5 行.
SQL: SHOW COLUMNS FROM `wei_product` [ RunTime:0.003593s ]
SQL: update wei_product set click = click +1 where id = 1 [ RunTime:0.000495s ]
SQL: SELECT * FROM `wei_product` WHERE ( `id` = 1 ) LIMIT 1   [ RunTime:0.000431s ]
INFO: [ view_parse ] --START--
INFO: [ template_filter ] --START--
INFO: Run Behavior\ContentReplaceBehavior [ RunTime:0.000053s ]
INFO: [ template_filter ] --END-- [ RunTime:0.000114s ]
INFO: Run Behavior\ParseTemplateBehavior [ RunTime:0.005669s ]
INFO: [ view_parse ] --END-- [ RunTime:0.005730s ]
INFO: [ view_filter ] --START--
INFO: Run Behavior\WriteHtmlCacheBehavior [ RunTime:0.000310s ]
INFO: [ view_filter ] --END-- [ RunTime:0.000360s ]
INFO: [ app_end ] --START--
INFO: Run Behavior\ShowPageTraceBehavior [ RunTime:0.000509s ]
INFO: [ app_end ] --END-- [ RunTime:0.000561s ]

[ 2015-03-21T18:41:51+08:00 ] 192.168.1.106 /index.php/Product/Product/ajaxZan?id=1
INFO: [ app_init ] --START--
INFO: Run Behavior\BuildLiteBehavior [ RunTime:0.000012s ]
INFO: [ app_init ] --END-- [ RunTime:0.000379s ]
INFO: [ app_begin ] --START--
INFO: Run Behavior\ReadHtmlCacheBehavior [ RunTime:0.000560s ]
INFO: [ app_begin ] --END-- [ RunTime:0.000612s ]
NOTIC: [8] A session had already been started - ignoring session_start() D:\weizhan\App\Home\Controller\BaseController.class.php 第 13 行.
NOTIC: [2048] Declaration of Product\Model\ProductModel::_after_insert() should be compatible with that of Think\Model::_after_insert() D:\weizhan\App\Product\Model\ProductModel.class.php 第 5 行.
SQL: SHOW COLUMNS FROM `wei_product` [ RunTime:0.003151s ]
SQL: update wei_product set click_good = click_good+1 where id=1 [ RunTime:0.000522s ]
SQL: SELECT `click_good` FROM `wei_product` WHERE ( `id` = 1 ) LIMIT 1   [ RunTime:0.000514s ]
INFO: [ app_end ] --START--
INFO: Run Behavior\ShowPageTraceBehavior [ RunTime:0.000714s ]
INFO: [ app_end ] --END-- [ RunTime:0.000773s ]

[ 2015-03-21T18:41:52+08:00 ] 192.168.1.106 /index.php/Product/Product/detail?id=1
INFO: [ app_init ] --START--
INFO: Run Behavior\BuildLiteBehavior [ RunTime:0.000028s ]
INFO: [ app_init ] --END-- [ RunTime:0.000734s ]
INFO: [ app_begin ] --START--
INFO: Run Behavior\ReadHtmlCacheBehavior [ RunTime:0.001027s ]
INFO: [ app_begin ] --END-- [ RunTime:0.001153s ]
NOTIC: [8] A session had already been started - ignoring session_start() D:\weizhan\App\Home\Controller\BaseController.class.php 第 13 行.
NOTIC: [2048] Declaration of Product\Model\ProductModel::_after_insert() should be compatible with that of Think\Model::_after_insert() D:\weizhan\App\Product\Model\ProductModel.class.php 第 5 行.
SQL: SHOW COLUMNS FROM `wei_product` [ RunTime:0.003701s ]
SQL: update wei_product set click = click +1 where id = 1 [ RunTime:0.000516s ]
SQL: SELECT * FROM `wei_product` WHERE ( `id` = 1 ) LIMIT 1   [ RunTime:0.000544s ]
INFO: [ view_parse ] --START--
INFO: [ template_filter ] --START--
INFO: Run Behavior\ContentReplaceBehavior [ RunTime:0.000049s ]
INFO: [ template_filter ] --END-- [ RunTime:0.000102s ]
INFO: Run Behavior\ParseTemplateBehavior [ RunTime:0.005355s ]
INFO: [ view_parse ] --END-- [ RunTime:0.005467s ]
INFO: [ view_filter ] --START--
INFO: Run Behavior\WriteHtmlCacheBehavior [ RunTime:0.000279s ]
INFO: [ view_filter ] --END-- [ RunTime:0.000335s ]
INFO: [ app_end ] --START--
INFO: Run Behavior\ShowPageTraceBehavior [ RunTime:0.000646s ]
INFO: [ app_end ] --END-- [ RunTime:0.000707s ]

[ 2015-03-21T18:41:57+08:00 ] 192.168.1.106 /index.php/Product/Product/lst
INFO: [ app_init ] --START--
INFO: Run Behavior\BuildLiteBehavior [ RunTime:0.000013s ]
INFO: [ app_init ] --END-- [ RunTime:0.000379s ]
INFO: [ app_begin ] --START--
INFO: Run Behavior\ReadHtmlCacheBehavior [ RunTime:0.000455s ]
INFO: [ app_begin ] --END-- [ RunTime:0.000521s ]
NOTIC: [8] A session had already been started - ignoring session_start() D:\weizhan\App\Home\Controller\BaseController.class.php 第 13 行.
NOTIC: [2048] Declaration of Product\Model\ProductModel::_after_insert() should be compatible with that of Think\Model::_after_insert() D:\weizhan\App\Product\Model\ProductModel.class.php 第 5 行.
SQL: SHOW COLUMNS FROM `wei_product` [ RunTime:0.003712s ]
SQL: SELECT * FROM `wei_product` ORDER BY id desc  [ RunTime:0.000509s ]
INFO: [ view_parse ] --START--
INFO: [ template_filter ] --START--
INFO: Run Behavior\ContentReplaceBehavior [ RunTime:0.000047s ]
INFO: [ template_filter ] --END-- [ RunTime:0.000102s ]
NOTIC: [8] Undefined variable: clientip D:\weizhan\App\Runtime\Cache\Product\b69b7bc7eee18ee23371e39f02f797ef.php 第 16 行.
INFO: Run Behavior\ParseTemplateBehavior [ RunTime:0.005130s ]
INFO: [ view_parse ] --END-- [ RunTime:0.005180s ]
INFO: [ view_filter ] --START--
INFO: Run Behavior\WriteHtmlCacheBehavior [ RunTime:0.000274s ]
INFO: [ view_filter ] --END-- [ RunTime:0.000318s ]
INFO: [ app_end ] --START--
INFO: Run Behavior\ShowPageTraceBehavior [ RunTime:0.000505s ]
INFO: [ app_end ] --END-- [ RunTime:0.000548s ]

[ 2015-03-21T18:41:58+08:00 ] 192.168.1.106 /index.php/Product/Product/ajaxZan?id=2
INFO: [ app_init ] --START--
INFO: Run Behavior\BuildLiteBehavior [ RunTime:0.000022s ]
INFO: [ app_init ] --END-- [ RunTime:0.000517s ]
INFO: [ app_begin ] --START--
INFO: Run Behavior\ReadHtmlCacheBehavior [ RunTime:0.001188s ]
INFO: [ app_begin ] --END-- [ RunTime:0.001276s ]
NOTIC: [8] A session had already been started - ignoring session_start() D:\weizhan\App\Home\Controller\BaseController.class.php 第 13 行.
NOTIC: [2048] Declaration of Product\Model\ProductModel::_after_insert() should be compatible with that of Think\Model::_after_insert() D:\weizhan\App\Product\Model\ProductModel.class.php 第 5 行.
SQL: SHOW COLUMNS FROM `wei_product` [ RunTime:0.003160s ]
SQL: update wei_product set click_good = click_good+1 where id=2 [ RunTime:0.000473s ]
SQL: SELECT `click_good` FROM `wei_product` WHERE ( `id` = 2 ) LIMIT 1   [ RunTime:0.000408s ]
INFO: [ app_end ] --START--
INFO: Run Behavior\ShowPageTraceBehavior [ RunTime:0.000621s ]
INFO: [ app_end ] --END-- [ RunTime:0.000666s ]

[ 2015-03-21T18:41:59+08:00 ] 192.168.1.106 /index.php/Product/Product/ajaxZan?id=3
INFO: [ app_init ] --START--
INFO: Run Behavior\BuildLiteBehavior [ RunTime:0.000015s ]
INFO: [ app_init ] --END-- [ RunTime:0.000309s ]
INFO: [ app_begin ] --START--
INFO: Run Behavior\ReadHtmlCacheBehavior [ RunTime:0.000429s ]
INFO: [ app_begin ] --END-- [ RunTime:0.000474s ]
NOTIC: [8] A session had already been started - ignoring session_start() D:\weizhan\App\Home\Controller\BaseController.class.php 第 13 行.
NOTIC: [2048] Declaration of Product\Model\ProductModel::_after_insert() should be compatible with that of Think\Model::_after_insert() D:\weizhan\App\Product\Model\ProductModel.class.php 第 5 行.
SQL: SHOW COLUMNS FROM `wei_product` [ RunTime:0.003101s ]
SQL: update wei_product set click_good = click_good+1 where id=3 [ RunTime:0.000641s ]
SQL: SELECT `click_good` FROM `wei_product` WHERE ( `id` = 3 ) LIMIT 1   [ RunTime:0.000643s ]
INFO: [ app_end ] --START--
INFO: Run Behavior\ShowPageTraceBehavior [ RunTime:0.000599s ]
INFO: [ app_end ] --END-- [ RunTime:0.000654s ]

[ 2015-03-21T18:44:54+08:00 ] 192.168.1.106 /index.php/Product/Product/lst
INFO: [ app_init ] --START--
INFO: Run Behavior\BuildLiteBehavior [ RunTime:0.000018s ]
INFO: [ app_init ] --END-- [ RunTime:0.000581s ]
INFO: [ app_begin ] --START--
INFO: Run Behavior\ReadHtmlCacheBehavior [ RunTime:0.000722s ]
INFO: [ app_begin ] --END-- [ RunTime:0.000793s ]
NOTIC: [8] A session had already been started - ignoring session_start() D:\weizhan\App\Home\Controller\BaseController.class.php 第 13 行.
NOTIC: [2048] Declaration of Product\Model\ProductModel::_after_insert() should be compatible with that of Think\Model::_after_insert() D:\weizhan\App\Product\Model\ProductModel.class.php 第 5 行.
SQL: SHOW COLUMNS FROM `wei_product` [ RunTime:0.003116s ]
SQL: SELECT * FROM `wei_product` ORDER BY id desc  [ RunTime:0.000576s ]
INFO: [ view_parse ] --START--
INFO: [ template_filter ] --START--
INFO: Run Behavior\ContentReplaceBehavior [ RunTime:0.000062s ]
INFO: [ template_filter ] --END-- [ RunTime:0.000118s ]
NOTIC: [8] Undefined variable: clientip D:\weizhan\App\Runtime\Cache\Product\b69b7bc7eee18ee23371e39f02f797ef.php 第 16 行.
INFO: Run Behavior\ParseTemplateBehavior [ RunTime:0.005705s ]
INFO: [ view_parse ] --END-- [ RunTime:0.005756s ]
INFO: [ view_filter ] --START--
INFO: Run Behavior\WriteHtmlCacheBehavior [ RunTime:0.000349s ]
INFO: [ view_filter ] --END-- [ RunTime:0.000406s ]
INFO: [ app_end ] --START--
INFO: Run Behavior\ShowPageTraceBehavior [ RunTime:0.000571s ]
INFO: [ app_end ] --END-- [ RunTime:0.000621s ]

[ 2015-03-21T18:46:14+08:00 ] 192.168.1.106 /index.php/Company/Company/introco
INFO: [ app_init ] --START--
INFO: Run Behavior\BuildLiteBehavior [ RunTime:0.000012s ]
INFO: [ app_init ] --END-- [ RunTime:0.000479s ]
INFO: [ app_begin ] --START--
INFO: Run Behavior\ReadHtmlCacheBehavior [ RunTime:0.000398s ]
INFO: [ app_begin ] --END-- [ RunTime:0.000443s ]
NOTIC: [8] A session had already been started - ignoring session_start() D:\weizhan\App\Home\Controller\BaseController.class.php 第 13 行.
SQL: SHOW COLUMNS FROM `wei_jingbei` [ RunTime:0.003290s ]
ERR: 1146:Table 'weizhan.wei_jingbei' doesn't exist
 [ SQL语句 ] : SHOW COLUMNS FROM `wei_jingbei`
SQL: select t.id as id,t.goods_title,goods_desc,p.id as pid,p.pic from ao_jingbei as t left join ao_jingbei_pic as p on t.id=p.jingbei_id group by jingbei_id [ RunTime:0.000539s ]
ERR: 1146:Table 'weizhan.ao_jingbei' doesn't exist
 [ SQL语句 ] : select t.id as id,t.goods_title,goods_desc,p.id as pid,p.pic from ao_jingbei as t left join ao_jingbei_pic as p on t.id=p.jingbei_id group by jingbei_id
INFO: [ view_parse ] --START--
INFO: [ template_filter ] --START--
INFO: Run Behavior\ContentReplaceBehavior [ RunTime:0.000045s ]
INFO: [ template_filter ] --END-- [ RunTime:0.000094s ]
INFO: Run Behavior\ParseTemplateBehavior [ RunTime:0.004995s ]
INFO: [ view_parse ] --END-- [ RunTime:0.005047s ]
INFO: [ view_filter ] --START--
INFO: Run Behavior\WriteHtmlCacheBehavior [ RunTime:0.000288s ]
INFO: [ view_filter ] --END-- [ RunTime:0.000340s ]
INFO: [ app_end ] --START--
INFO: Run Behavior\ShowPageTraceBehavior [ RunTime:0.000557s ]
INFO: [ app_end ] --END-- [ RunTime:0.000615s ]

[ 2015-03-21T18:46:20+08:00 ] 192.168.1.106 /index.php/Home/Member/lst
INFO: [ app_init ] --START--
INFO: Run Behavior\BuildLiteBehavior [ RunTime:0.000013s ]
INFO: [ app_init ] --END-- [ RunTime:0.000411s ]
INFO: [ app_begin ] --START--
INFO: Run Behavior\ReadHtmlCacheBehavior [ RunTime:0.000541s ]
INFO: [ app_begin ] --END-- [ RunTime:0.000594s ]
SQL: SHOW COLUMNS FROM `wei_member` [ RunTime:0.003484s ]
SQL: SELECT * FROM `wei_member` WHERE ( id='2' ) LIMIT 1   [ RunTime:0.000678s ]
INFO: [ view_parse ] --START--
INFO: [ template_filter ] --START--
INFO: Run Behavior\ContentReplaceBehavior [ RunTime:0.000059s ]
INFO: [ template_filter ] --END-- [ RunTime:0.000122s ]
INFO: Run Behavior\ParseTemplateBehavior [ RunTime:0.005577s ]
INFO: [ view_parse ] --END-- [ RunTime:0.005632s ]
INFO: [ view_filter ] --START--
INFO: Run Behavior\WriteHtmlCacheBehavior [ RunTime:0.000382s ]
INFO: [ view_filter ] --END-- [ RunTime:0.000425s ]
INFO: [ app_end ] --START--
INFO: Run Behavior\ShowPageTraceBehavior [ RunTime:0.000555s ]
INFO: [ app_end ] --END-- [ RunTime:0.000623s ]

[ 2015-03-21T19:03:04+08:00 ] 192.168.1.107 /
INFO: [ app_init ] --START--
INFO: Run Behavior\BuildLiteBehavior [ RunTime:0.000062s ]
INFO: [ app_init ] --END-- [ RunTime:0.001118s ]
INFO: [ app_begin ] --START--
INFO: Run Behavior\ReadHtmlCacheBehavior [ RunTime:0.002035s ]
INFO: [ app_begin ] --END-- [ RunTime:0.002151s ]
NOTIC: [8] A session had already been started - ignoring session_start() D:\weizhan\App\Home\Controller\BaseController.class.php 第 13 行.

[ 2015-03-21T19:03:04+08:00 ] 192.168.1.107 /index.php/Home/Login/login.html
INFO: [ app_init ] --START--
INFO: Run Behavior\BuildLiteBehavior [ RunTime:0.000013s ]
INFO: [ app_init ] --END-- [ RunTime:0.000374s ]
INFO: [ app_begin ] --START--
INFO: Run Behavior\ReadHtmlCacheBehavior [ RunTime:0.000570s ]
INFO: [ app_begin ] --END-- [ RunTime:0.000625s ]
INFO: [ view_parse ] --START--
INFO: [ template_filter ] --START--
INFO: Run Behavior\ContentReplaceBehavior [ RunTime:0.000075s ]
INFO: [ template_filter ] --END-- [ RunTime:0.000197s ]
INFO: Run Behavior\ParseTemplateBehavior [ RunTime:0.008730s ]
INFO: [ view_parse ] --END-- [ RunTime:0.008813s ]
INFO: [ view_filter ] --START--
INFO: Run Behavior\WriteHtmlCacheBehavior [ RunTime:0.000582s ]
INFO: [ view_filter ] --END-- [ RunTime:0.000651s ]
INFO: [ app_end ] --START--
INFO: Run Behavior\ShowPageTraceBehavior [ RunTime:0.000860s ]
INFO: [ app_end ] --END-- [ RunTime:0.000936s ]

[ 2015-03-21T19:03:14+08:00 ] 192.168.1.107 /index.php/Home/Login/login
INFO: [ app_init ] --START--
INFO: Run Behavior\BuildLiteBehavior [ RunTime:0.000017s ]
INFO: [ app_init ] --END-- [ RunTime:0.000584s ]
INFO: [ app_begin ] --START--
INFO: Run Behavior\ReadHtmlCacheBehavior [ RunTime:0.000987s ]
INFO: [ app_begin ] --END-- [ RunTime:0.001087s ]
SQL: SHOW COLUMNS FROM `wei_member` [ RunTime:0.006068s ]
SQL: SELECT * FROM `wei_member` WHERE ( mobile='13366644566' ) LIMIT 1   [ RunTime:0.000823s ]
INFO: [ view_parse ] --START--
INFO: [ template_filter ] --START--
INFO: Run Behavior\ContentReplaceBehavior [ RunTime:0.000041s ]
INFO: [ template_filter ] --END-- [ RunTime:0.000128s ]
INFO: Run Behavior\ParseTemplateBehavior [ RunTime:0.006709s ]
INFO: [ view_parse ] --END-- [ RunTime:0.006804s ]
INFO: [ view_filter ] --START--
INFO: Run Behavior\WriteHtmlCacheBehavior [ RunTime:0.000424s ]
INFO: [ view_filter ] --END-- [ RunTime:0.000476s ]

[ 2015-03-21T19:03:15+08:00 ] 192.168.1.107 /index.php/Home/Index/index.html
INFO: [ app_init ] --START--
INFO: Run Behavior\BuildLiteBehavior [ RunTime:0.000026s ]
INFO: [ app_init ] --END-- [ RunTime:0.000748s ]
INFO: [ app_begin ] --START--
INFO: Run Behavior\ReadHtmlCacheBehavior [ RunTime:0.000830s ]
INFO: [ app_begin ] --END-- [ RunTime:0.001094s ]
NOTIC: [8] A session had already been started - ignoring session_start() D:\weizhan\App\Home\Controller\BaseController.class.php 第 13 行.
SQL: SHOW COLUMNS FROM `wei_member` [ RunTime:0.004125s ]
SQL: SELECT * FROM `wei_member` WHERE ( id='2' ) LIMIT 1   [ RunTime:0.001043s ]
INFO: [ view_parse ] --START--
INFO: [ template_filter ] --START--
INFO: Run Behavior\ContentReplaceBehavior [ RunTime:0.000127s ]
INFO: [ template_filter ] --END-- [ RunTime:0.000250s ]
INFO: Run Behavior\ParseTemplateBehavior [ RunTime:0.011493s ]
INFO: [ view_parse ] --END-- [ RunTime:0.011582s ]
INFO: [ view_filter ] --START--
INFO: Run Behavior\WriteHtmlCacheBehavior [ RunTime:0.000564s ]
INFO: [ view_filter ] --END-- [ RunTime:0.000639s ]
INFO: [ app_end ] --START--
INFO: Run Behavior\ShowPageTraceBehavior [ RunTime:0.000740s ]
INFO: [ app_end ] --END-- [ RunTime:0.000801s ]

[ 2015-03-21T19:03:17+08:00 ] 192.168.1.107 /index.php/Product/Product/lst
INFO: [ app_init ] --START--
INFO: Run Behavior\BuildLiteBehavior [ RunTime:0.000014s ]
INFO: [ app_init ] --END-- [ RunTime:0.000349s ]
INFO: [ app_begin ] --START--
INFO: Run Behavior\ReadHtmlCacheBehavior [ RunTime:0.000630s ]
INFO: [ app_begin ] --END-- [ RunTime:0.000697s ]
NOTIC: [8] A session had already been started - ignoring session_start() D:\weizhan\App\Home\Controller\BaseController.class.php 第 13 行.
NOTIC: [2048] Declaration of Product\Model\ProductModel::_after_insert() should be compatible with that of Think\Model::_after_insert() D:\weizhan\App\Product\Model\ProductModel.class.php 第 5 行.
SQL: SHOW COLUMNS FROM `wei_product` [ RunTime:0.019593s ]
SQL: SELECT * FROM `wei_product` ORDER BY id desc  [ RunTime:0.003490s ]
INFO: [ view_parse ] --START--
INFO: [ template_filter ] --START--
INFO: Run Behavior\ContentReplaceBehavior [ RunTime:0.000145s ]
INFO: [ template_filter ] --END-- [ RunTime:0.000541s ]
NOTIC: [8] Undefined variable: clientip D:\weizhan\App\Runtime\Cache\Product\b69b7bc7eee18ee23371e39f02f797ef.php 第 16 行.
INFO: Run Behavior\ParseTemplateBehavior [ RunTime:0.014071s ]
INFO: [ view_parse ] --END-- [ RunTime:0.014304s ]
INFO: [ view_filter ] --START--
INFO: Run Behavior\WriteHtmlCacheBehavior [ RunTime:0.001782s ]
INFO: [ view_filter ] --END-- [ RunTime:0.001894s ]
INFO: [ app_end ] --START--
INFO: Run Behavior\ShowPageTraceBehavior [ RunTime:0.005761s ]
INFO: [ app_end ] --END-- [ RunTime:0.006007s ]

[ 2015-03-21T19:03:35+08:00 ] 192.168.1.107 /index.php/Product/Product/ajaxZan?id=3
INFO: [ app_init ] --START--
INFO: Run Behavior\BuildLiteBehavior [ RunTime:0.000017s ]
INFO: [ app_init ] --END-- [ RunTime:0.000482s ]
INFO: [ app_begin ] --START--
INFO: Run Behavior\ReadHtmlCacheBehavior [ RunTime:0.000747s ]
INFO: [ app_begin ] --END-- [ RunTime:0.000831s ]
NOTIC: [8] A session had already been started - ignoring session_start() D:\weizhan\App\Home\Controller\BaseController.class.php 第 13 行.
NOTIC: [2048] Declaration of Product\Model\ProductModel::_after_insert() should be compatible with that of Think\Model::_after_insert() D:\weizhan\App\Product\Model\ProductModel.class.php 第 5 行.
SQL: SHOW COLUMNS FROM `wei_product` [ RunTime:0.003679s ]
SQL: update wei_product set click_good = click_good+1 where id=3 [ RunTime:0.000484s ]
SQL: SELECT `click_good` FROM `wei_product` WHERE ( `id` = 3 ) LIMIT 1   [ RunTime:0.000411s ]
INFO: [ app_end ] --START--
INFO: Run Behavior\ShowPageTraceBehavior [ RunTime:0.000767s ]
INFO: [ app_end ] --END-- [ RunTime:0.000835s ]

[ 2015-03-21T19:07:01+08:00 ] 192.168.1.107 /index.php/Product/Product/ajaxZan?id=1
INFO: [ app_init ] --START--
INFO: Run Behavior\BuildLiteBehavior [ RunTime:0.000049s ]
INFO: [ app_init ] --END-- [ RunTime:0.000747s ]
INFO: [ app_begin ] --START--
INFO: Run Behavior\ReadHtmlCacheBehavior [ RunTime:0.001391s ]
INFO: [ app_begin ] --END-- [ RunTime:0.001617s ]
NOTIC: [8] A session had already been started - ignoring session_start() D:\weizhan\App\Home\Controller\BaseController.class.php 第 13 行.
NOTIC: [2048] Declaration of Product\Model\ProductModel::_after_insert() should be compatible with that of Think\Model::_after_insert() D:\weizhan\App\Product\Model\ProductModel.class.php 第 5 行.
SQL: SHOW COLUMNS FROM `wei_product` [ RunTime:0.003970s ]
SQL: update wei_product set click_good = click_good+1 where id=1 [ RunTime:0.000582s ]
SQL: SELECT `click_good` FROM `wei_product` WHERE ( `id` = 1 ) LIMIT 1   [ RunTime:0.000495s ]
INFO: [ app_end ] --START--
INFO: Run Behavior\ShowPageTraceBehavior [ RunTime:0.000783s ]
INFO: [ app_end ] --END-- [ RunTime:0.000847s ]

[ 2015-03-21T19:08:12+08:00 ] 192.168.1.107 /index.php/Product/Product/ajaxZan?id=1
INFO: [ app_init ] --START--
INFO: Run Behavior\BuildLiteBehavior [ RunTime:0.000023s ]
INFO: [ app_init ] --END-- [ RunTime:0.000422s ]
INFO: [ app_begin ] --START--
INFO: Run Behavior\ReadHtmlCacheBehavior [ RunTime:0.000484s ]
INFO: [ app_begin ] --END-- [ RunTime:0.000543s ]
NOTIC: [8] A session had already been started - ignoring session_start() D:\weizhan\App\Home\Controller\BaseController.class.php 第 13 行.
NOTIC: [2048] Declaration of Product\Model\ProductModel::_after_insert() should be compatible with that of Think\Model::_after_insert() D:\weizhan\App\Product\Model\ProductModel.class.php 第 5 行.
SQL: SHOW COLUMNS FROM `wei_product` [ RunTime:0.003355s ]
SQL: update wei_product set click_good = click_good+1 where id=1 [ RunTime:0.000409s ]
SQL: SELECT `click_good` FROM `wei_product` WHERE ( `id` = 1 ) LIMIT 1   [ RunTime:0.000409s ]
INFO: [ app_end ] --START--
INFO: Run Behavior\ShowPageTraceBehavior [ RunTime:0.000661s ]
INFO: [ app_end ] --END-- [ RunTime:0.000718s ]

[ 2015-03-21T19:08:14+08:00 ] 192.168.1.107 /index.php/Product/Product/ajaxZan?id=1
INFO: [ app_init ] --START--
INFO: Run Behavior\BuildLiteBehavior [ RunTime:0.000014s ]
INFO: [ app_init ] --END-- [ RunTime:0.000443s ]
INFO: [ app_begin ] --START--
INFO: Run Behavior\ReadHtmlCacheBehavior [ RunTime:0.000540s ]
INFO: [ app_begin ] --END-- [ RunTime:0.000637s ]
NOTIC: [8] A session had already been started - ignoring session_start() D:\weizhan\App\Home\Controller\BaseController.class.php 第 13 行.
NOTIC: [2048] Declaration of Product\Model\ProductModel::_after_insert() should be compatible with that of Think\Model::_after_insert() D:\weizhan\App\Product\Model\ProductModel.class.php 第 5 行.
SQL: SHOW COLUMNS FROM `wei_product` [ RunTime:0.005883s ]
SQL: update wei_product set click_good = click_good+1 where id=1 [ RunTime:0.000595s ]
SQL: SELECT `click_good` FROM `wei_product` WHERE ( `id` = 1 ) LIMIT 1   [ RunTime:0.000508s ]
INFO: [ app_end ] --START--
INFO: Run Behavior\ShowPageTraceBehavior [ RunTime:0.000788s ]
INFO: [ app_end ] --END-- [ RunTime:0.000857s ]

[ 2015-03-21T19:08:28+08:00 ] 192.168.1.107 /index.php/Home/Login/logout
INFO: [ app_init ] --START--
INFO: Run Behavior\BuildLiteBehavior [ RunTime:0.000012s ]
INFO: [ app_init ] --END-- [ RunTime:0.000368s ]
INFO: [ app_begin ] --START--
INFO: Run Behavior\ReadHtmlCacheBehavior [ RunTime:0.000455s ]
INFO: [ app_begin ] --END-- [ RunTime:0.000501s ]

[ 2015-03-21T19:08:28+08:00 ] 192.168.1.107 /index.php/Home/Login/login.html
INFO: [ app_init ] --START--
INFO: Run Behavior\BuildLiteBehavior [ RunTime:0.000012s ]
INFO: [ app_init ] --END-- [ RunTime:0.000339s ]
INFO: [ app_begin ] --START--
INFO: Run Behavior\ReadHtmlCacheBehavior [ RunTime:0.000387s ]
INFO: [ app_begin ] --END-- [ RunTime:0.000434s ]
INFO: [ view_parse ] --START--
INFO: [ template_filter ] --START--
INFO: Run Behavior\ContentReplaceBehavior [ RunTime:0.000120s ]
INFO: [ template_filter ] --END-- [ RunTime:0.000264s ]
INFO: Run Behavior\ParseTemplateBehavior [ RunTime:0.007136s ]
INFO: [ view_parse ] --END-- [ RunTime:0.007274s ]
INFO: [ view_filter ] --START--
INFO: Run Behavior\WriteHtmlCacheBehavior [ RunTime:0.000494s ]
INFO: [ view_filter ] --END-- [ RunTime:0.000550s ]
INFO: [ app_end ] --START--
INFO: Run Behavior\ShowPageTraceBehavior [ RunTime:0.000561s ]
INFO: [ app_end ] --END-- [ RunTime:0.000626s ]

[ 2015-03-21T19:08:34+08:00 ] 192.168.1.107 /index.php/Home/Login/login
INFO: [ app_init ] --START--
INFO: Run Behavior\BuildLiteBehavior [ RunTime:0.000014s ]
INFO: [ app_init ] --END-- [ RunTime:0.000348s ]
INFO: [ app_begin ] --START--
INFO: Run Behavior\ReadHtmlCacheBehavior [ RunTime:0.000429s ]
INFO: [ app_begin ] --END-- [ RunTime:0.000487s ]
SQL: SHOW COLUMNS FROM `wei_member` [ RunTime:0.007649s ]
SQL: SELECT * FROM `wei_member` WHERE ( mobile='1' ) LIMIT 1   [ RunTime:0.000576s ]
INFO: [ view_parse ] --START--
INFO: [ template_filter ] --START--
INFO: Run Behavior\ContentReplaceBehavior [ RunTime:0.000040s ]
INFO: [ template_filter ] --END-- [ RunTime:0.000122s ]
INFO: Run Behavior\ParseTemplateBehavior [ RunTime:0.008086s ]
INFO: [ view_parse ] --END-- [ RunTime:0.008151s ]
INFO: [ view_filter ] --START--
INFO: Run Behavior\WriteHtmlCacheBehavior [ RunTime:0.000309s ]
INFO: [ view_filter ] --END-- [ RunTime:0.000372s ]

[ 2015-03-21T19:08:36+08:00 ] 192.168.1.107 /index.php/Home/Index/index.html
INFO: [ app_init ] --START--
INFO: Run Behavior\BuildLiteBehavior [ RunTime:0.000014s ]
INFO: [ app_init ] --END-- [ RunTime:0.000343s ]
INFO: [ app_begin ] --START--
INFO: Run Behavior\ReadHtmlCacheBehavior [ RunTime:0.000458s ]
INFO: [ app_begin ] --END-- [ RunTime:0.000517s ]
NOTIC: [8] A session had already been started - ignoring session_start() D:\weizhan\App\Home\Controller\BaseController.class.php 第 13 行.
SQL: SHOW COLUMNS FROM `wei_member` [ RunTime:0.003870s ]
SQL: SELECT * FROM `wei_member` WHERE ( id='4' ) LIMIT 1   [ RunTime:0.000580s ]
INFO: [ view_parse ] --START--
INFO: [ template_filter ] --START--
INFO: Run Behavior\ContentReplaceBehavior [ RunTime:0.000091s ]
INFO: [ template_filter ] --END-- [ RunTime:0.000233s ]
INFO: Run Behavior\ParseTemplateBehavior [ RunTime:0.008783s ]
INFO: [ view_parse ] --END-- [ RunTime:0.008857s ]
INFO: [ view_filter ] --START--
INFO: Run Behavior\WriteHtmlCacheBehavior [ RunTime:0.000390s ]
INFO: [ view_filter ] --END-- [ RunTime:0.000436s ]
INFO: [ app_end ] --START--
INFO: Run Behavior\ShowPageTraceBehavior [ RunTime:0.000762s ]
INFO: [ app_end ] --END-- [ RunTime:0.000817s ]

[ 2015-03-21T19:09:36+08:00 ] 192.168.1.107 /index.php/Home/Login/logout
INFO: [ app_init ] --START--
INFO: Run Behavior\BuildLiteBehavior [ RunTime:0.000014s ]
INFO: [ app_init ] --END-- [ RunTime:0.000362s ]
INFO: [ app_begin ] --START--
INFO: Run Behavior\ReadHtmlCacheBehavior [ RunTime:0.000613s ]
INFO: [ app_begin ] --END-- [ RunTime:0.000693s ]

[ 2015-03-21T19:09:36+08:00 ] 192.168.1.107 /index.php/Home/Login/login.html
INFO: [ app_init ] --START--
INFO: Run Behavior\BuildLiteBehavior [ RunTime:0.000014s ]
INFO: [ app_init ] --END-- [ RunTime:0.000382s ]
INFO: [ app_begin ] --START--
INFO: Run Behavior\ReadHtmlCacheBehavior [ RunTime:0.000559s ]
INFO: [ app_begin ] --END-- [ RunTime:0.000625s ]
INFO: [ view_parse ] --START--
INFO: [ template_filter ] --START--
INFO: Run Behavior\ContentReplaceBehavior [ RunTime:0.000070s ]
INFO: [ template_filter ] --END-- [ RunTime:0.000129s ]
INFO: Run Behavior\ParseTemplateBehavior [ RunTime:0.005662s ]
INFO: [ view_parse ] --END-- [ RunTime:0.005716s ]
INFO: [ view_filter ] --START--
INFO: Run Behavior\WriteHtmlCacheBehavior [ RunTime:0.000328s ]
INFO: [ view_filter ] --END-- [ RunTime:0.000370s ]
INFO: [ app_end ] --START--
INFO: Run Behavior\ShowPageTraceBehavior [ RunTime:0.000609s ]
INFO: [ app_end ] --END-- [ RunTime:0.000661s ]

[ 2015-03-21T19:09:43+08:00 ] 192.168.1.107 /index.php/Home/Login/login
INFO: [ app_init ] --START--
INFO: Run Behavior\BuildLiteBehavior [ RunTime:0.000022s ]
INFO: [ app_init ] --END-- [ RunTime:0.000619s ]
INFO: [ app_begin ] --START--
INFO: Run Behavior\ReadHtmlCacheBehavior [ RunTime:0.000651s ]
INFO: [ app_begin ] --END-- [ RunTime:0.000784s ]
SQL: SHOW COLUMNS FROM `wei_member` [ RunTime:0.004987s ]
SQL: SELECT * FROM `wei_member` WHERE ( mobile='13366644566' ) LIMIT 1   [ RunTime:0.000646s ]
INFO: [ view_parse ] --START--
INFO: [ template_filter ] --START--
INFO: Run Behavior\ContentReplaceBehavior [ RunTime:0.000073s ]
INFO: [ template_filter ] --END-- [ RunTime:0.000236s ]
INFO: Run Behavior\ParseTemplateBehavior [ RunTime:0.008181s ]
INFO: [ view_parse ] --END-- [ RunTime:0.008267s ]
INFO: [ view_filter ] --START--
INFO: Run Behavior\WriteHtmlCacheBehavior [ RunTime:0.000314s ]
INFO: [ view_filter ] --END-- [ RunTime:0.000360s ]

[ 2015-03-21T19:09:44+08:00 ] 192.168.1.107 /index.php/Home/Index/index.html
INFO: [ app_init ] --START--
INFO: Run Behavior\BuildLiteBehavior [ RunTime:0.000065s ]
INFO: [ app_init ] --END-- [ RunTime:0.000810s ]
INFO: [ app_begin ] --START--
INFO: Run Behavior\ReadHtmlCacheBehavior [ RunTime:0.000646s ]
INFO: [ app_begin ] --END-- [ RunTime:0.000733s ]
NOTIC: [8] A session had already been started - ignoring session_start() D:\weizhan\App\Home\Controller\BaseController.class.php 第 13 行.
SQL: SHOW COLUMNS FROM `wei_member` [ RunTime:0.005840s ]
SQL: SELECT * FROM `wei_member` WHERE ( id='2' ) LIMIT 1   [ RunTime:0.000983s ]
INFO: [ view_parse ] --START--
INFO: [ template_filter ] --START--
INFO: Run Behavior\ContentReplaceBehavior [ RunTime:0.000286s ]
INFO: [ template_filter ] --END-- [ RunTime:0.000551s ]
INFO: Run Behavior\ParseTemplateBehavior [ RunTime:0.013164s ]
INFO: [ view_parse ] --END-- [ RunTime:0.013277s ]
INFO: [ view_filter ] --START--
INFO: Run Behavior\WriteHtmlCacheBehavior [ RunTime:0.000444s ]
INFO: [ view_filter ] --END-- [ RunTime:0.000517s ]
INFO: [ app_end ] --START--
INFO: Run Behavior\ShowPageTraceBehavior [ RunTime:0.000687s ]
INFO: [ app_end ] --END-- [ RunTime:0.000776s ]

[ 2015-03-21T19:24:39+08:00 ] 192.168.1.106 /
INFO: [ app_init ] --START--
INFO: Run Behavior\BuildLiteBehavior [ RunTime:0.000018s ]
INFO: [ app_init ] --END-- [ RunTime:0.000467s ]
INFO: [ app_begin ] --START--
INFO: Run Behavior\ReadHtmlCacheBehavior [ RunTime:0.000472s ]
INFO: [ app_begin ] --END-- [ RunTime:0.000526s ]
NOTIC: [8] A session had already been started - ignoring session_start() D:\weizhan\App\Home\Controller\BaseController.class.php 第 13 行.

[ 2015-03-21T19:24:39+08:00 ] 192.168.1.106 /index.php/Home/Login/login.html
INFO: [ app_init ] --START--
INFO: Run Behavior\BuildLiteBehavior [ RunTime:0.000013s ]
INFO: [ app_init ] --END-- [ RunTime:0.000305s ]
INFO: [ app_begin ] --START--
INFO: Run Behavior\ReadHtmlCacheBehavior [ RunTime:0.001043s ]
INFO: [ app_begin ] --END-- [ RunTime:0.001197s ]
INFO: [ view_parse ] --START--
INFO: [ template_filter ] --START--
INFO: Run Behavior\ContentReplaceBehavior [ RunTime:0.000044s ]
INFO: [ template_filter ] --END-- [ RunTime:0.000104s ]
INFO: Run Behavior\ParseTemplateBehavior [ RunTime:0.005138s ]
INFO: [ view_parse ] --END-- [ RunTime:0.005255s ]
INFO: [ view_filter ] --START--
INFO: Run Behavior\WriteHtmlCacheBehavior [ RunTime:0.000330s ]
INFO: [ view_filter ] --END-- [ RunTime:0.000388s ]
INFO: [ app_end ] --START--
INFO: Run Behavior\ShowPageTraceBehavior [ RunTime:0.000646s ]
INFO: [ app_end ] --END-- [ RunTime:0.000714s ]

